<?xml version="1.0" encoding="UTF-8"?>
<coverage generated="1739210295238" clover="3.2.0">
  <project timestamp="1739210295238" name="All files">
    <metrics statements="531" coveredstatements="504" conditionals="217" coveredconditionals="183" methods="91" coveredmethods="87" elements="839" coveredelements="774" complexity="0" loc="531" ncloc="531" packages="7" files="16" classes="16"/>
    <package name="Application.Controller">
      <metrics statements="93" coveredstatements="90" conditionals="26" coveredconditionals="23" methods="8" coveredmethods="8"/>
      <file name="PedidoController.ts" path="/home/devmatias/documents/pos-fiap/easyOrder-challenge4-app-core/src/easyorder/Application/Controller/PedidoController.ts">
        <metrics statements="93" coveredstatements="90" conditionals="26" coveredconditionals="23" methods="8" coveredmethods="8"/>
        <line num="3" count="1" type="stmt"/>
        <line num="7" count="1" type="stmt"/>
        <line num="9" count="1" type="stmt"/>
        <line num="11" count="1" type="stmt"/>
        <line num="17" count="6" type="stmt"/>
        <line num="18" count="6" type="cond" truecount="1" falsecount="0"/>
        <line num="19" count="1" type="stmt"/>
        <line num="22" count="5" type="cond" truecount="1" falsecount="0"/>
        <line num="23" count="1" type="stmt"/>
        <line num="26" count="4" type="stmt"/>
        <line num="31" count="1" type="stmt"/>
        <line num="33" count="3" type="cond" truecount="1" falsecount="0"/>
        <line num="34" count="1" type="stmt"/>
        <line num="37" count="2" type="cond" truecount="1" falsecount="0"/>
        <line num="38" count="1" type="stmt"/>
        <line num="41" count="1" type="stmt"/>
        <line num="53" count="4" type="stmt"/>
        <line num="54" count="4" type="stmt"/>
        <line num="56" count="4" type="stmt"/>
        <line num="65" count="1" type="stmt"/>
        <line num="67" count="3" type="cond" truecount="1" falsecount="0"/>
        <line num="68" count="1" type="stmt"/>
        <line num="71" count="2" type="cond" truecount="1" falsecount="0"/>
        <line num="72" count="1" type="stmt"/>
        <line num="75" count="1" type="stmt"/>
        <line num="83" count="4" type="stmt"/>
        <line num="84" count="4" type="stmt"/>
        <line num="86" count="4" type="stmt"/>
        <line num="91" count="2" type="cond" truecount="1" falsecount="0"/>
        <line num="92" count="1" type="stmt"/>
        <line num="95" count="1" type="stmt"/>
        <line num="97" count="3" type="cond" truecount="1" falsecount="0"/>
        <line num="98" count="1" type="stmt"/>
        <line num="101" count="2" type="cond" truecount="1" falsecount="0"/>
        <line num="102" count="1" type="stmt"/>
        <line num="105" count="1" type="stmt"/>
        <line num="113" count="5" type="stmt"/>
        <line num="114" count="5" type="stmt"/>
        <line num="116" count="5" type="stmt"/>
        <line num="121" count="3" type="cond" truecount="1" falsecount="0"/>
        <line num="122" count="2" type="stmt"/>
        <line num="125" count="1" type="stmt"/>
        <line num="127" count="4" type="cond" truecount="1" falsecount="0"/>
        <line num="128" count="2" type="stmt"/>
        <line num="131" count="2" type="cond" truecount="1" falsecount="0"/>
        <line num="132" count="1" type="stmt"/>
        <line num="135" count="1" type="stmt"/>
        <line num="143" count="4" type="stmt"/>
        <line num="144" count="4" type="stmt"/>
        <line num="146" count="4" type="stmt"/>
        <line num="151" count="2" type="cond" truecount="1" falsecount="0"/>
        <line num="152" count="1" type="stmt"/>
        <line num="155" count="1" type="stmt"/>
        <line num="157" count="3" type="cond" truecount="1" falsecount="0"/>
        <line num="158" count="1" type="stmt"/>
        <line num="161" count="2" type="cond" truecount="1" falsecount="0"/>
        <line num="162" count="1" type="stmt"/>
        <line num="165" count="1" type="stmt"/>
        <line num="174" count="8" type="stmt"/>
        <line num="175" count="8" type="stmt"/>
        <line num="176" count="8" type="stmt"/>
        <line num="178" count="8" type="stmt"/>
        <line num="185" count="2" type="cond" truecount="1" falsecount="0"/>
        <line num="186" count="1" type="stmt"/>
        <line num="189" count="1" type="stmt"/>
        <line num="191" count="7" type="cond" truecount="1" falsecount="0"/>
        <line num="192" count="1" type="stmt"/>
        <line num="195" count="6" type="cond" truecount="1" falsecount="0"/>
        <line num="196" count="3" type="stmt"/>
        <line num="198" count="3" type="stmt"/>
        <line num="211" count="3" type="stmt"/>
        <line num="212" count="3" type="stmt"/>
        <line num="213" count="3" type="stmt"/>
        <line num="215" count="3" type="stmt"/>
        <line num="225" count="2" type="cond" truecount="1" falsecount="0"/>
        <line num="226" count="1" type="stmt"/>
        <line num="229" count="1" type="stmt"/>
        <line num="231" count="2" type="cond" truecount="1" falsecount="0"/>
        <line num="232" count="1" type="stmt"/>
        <line num="235" count="1" type="cond" truecount="0" falsecount="1"/>
        <line num="236" count="0" type="stmt"/>
        <line num="239" count="1" type="stmt"/>
        <line num="248" count="2" type="stmt"/>
        <line num="249" count="2" type="stmt"/>
        <line num="251" count="2" type="stmt"/>
        <line num="257" count="1" type="cond" truecount="1" falsecount="0"/>
        <line num="258" count="1" type="stmt"/>
        <line num="261" count="0" type="stmt"/>
        <line num="263" count="2" type="cond" truecount="1" falsecount="0"/>
        <line num="264" count="1" type="stmt"/>
        <line num="267" count="1" type="cond" truecount="0" falsecount="1"/>
        <line num="268" count="0" type="stmt"/>
        <line num="271" count="1" type="stmt"/>
      </file>
    </package>
    <package name="Application.Presenter">
      <metrics statements="21" coveredstatements="18" conditionals="38" coveredconditionals="26" methods="12" coveredmethods="9"/>
      <file name="PedidoAdapter.ts" path="/home/devmatias/documents/pos-fiap/easyOrder-challenge4-app-core/src/easyorder/Application/Presenter/PedidoAdapter.ts">
        <metrics statements="21" coveredstatements="18" conditionals="38" coveredconditionals="26" methods="12" coveredmethods="9"/>
        <line num="5" count="1" type="cond" truecount="2" falsecount="0"/>
        <line num="6" count="1" type="stmt"/>
        <line num="7" count="1" type="stmt"/>
        <line num="8" count="1" type="stmt"/>
        <line num="9" count="1" type="stmt"/>
        <line num="10" count="1" type="stmt"/>
        <line num="13" count="1" type="stmt"/>
        <line num="18" count="36" type="stmt"/>
        <line num="19" count="36" type="cond" truecount="1" falsecount="1"/>
        <line num="23" count="9" type="stmt"/>
        <line num="29" count="10" type="stmt"/>
        <line num="35" count="10" type="stmt"/>
        <line num="44" count="6" type="stmt"/>
        <line num="54" count="1" type="stmt"/>
        <line num="57" count="1" type="stmt"/>
        <line num="63" count="7" type="stmt"/>
        <line num="64" count="0" type="cond" truecount="0" falsecount="2"/>
        <line num="76" count="7" type="stmt"/>
        <line num="77" count="0" type="stmt"/>
        <line num="87" count="7" type="stmt"/>
        <line num="93" count="0" type="cond" truecount="3" falsecount="1"/>
      </file>
    </package>
    <package name="Core.Entity">
      <metrics statements="176" coveredstatements="163" conditionals="83" coveredconditionals="71" methods="42" coveredmethods="42"/>
      <file name="PedidoComboEntity.ts" path="/home/devmatias/documents/pos-fiap/easyOrder-challenge4-app-core/src/easyorder/Core/Entity/PedidoComboEntity.ts">
        <metrics statements="24" coveredstatements="24" conditionals="19" coveredconditionals="19" methods="7" coveredmethods="7"/>
        <line num="1" count="4" type="stmt"/>
        <line num="4" count="4" type="stmt"/>
        <line num="18" count="22" type="cond" truecount="2" falsecount="0"/>
        <line num="19" count="22" type="cond" truecount="2" falsecount="0"/>
        <line num="20" count="22" type="cond" truecount="2" falsecount="0"/>
        <line num="21" count="22" type="cond" truecount="2" falsecount="0"/>
        <line num="24" count="22" type="cond" truecount="1" falsecount="0"/>
        <line num="30" count="1" type="stmt"/>
        <line num="33" count="21" type="cond" truecount="2" falsecount="0"/>
        <line num="37" count="7" type="stmt"/>
        <line num="41" count="1" type="stmt"/>
        <line num="45" count="1" type="stmt"/>
        <line num="49" count="1" type="stmt"/>
        <line num="53" count="1" type="stmt"/>
        <line num="57" count="15" type="stmt"/>
        <line num="59" count="15" type="cond" truecount="1" falsecount="0"/>
        <line num="60" count="14" type="stmt"/>
        <line num="63" count="15" type="cond" truecount="1" falsecount="0"/>
        <line num="64" count="13" type="stmt"/>
        <line num="67" count="15" type="cond" truecount="1" falsecount="0"/>
        <line num="68" count="3" type="stmt"/>
        <line num="71" count="15" type="cond" truecount="1" falsecount="0"/>
        <line num="72" count="1" type="stmt"/>
        <line num="75" count="15" type="stmt"/>
      </file>
      <file name="PedidoEntity.ts" path="/home/devmatias/documents/pos-fiap/easyOrder-challenge4-app-core/src/easyorder/Core/Entity/PedidoEntity.ts">
        <metrics statements="84" coveredstatements="75" conditionals="36" coveredconditionals="27" methods="15" coveredmethods="15"/>
        <line num="1" count="5" type="stmt"/>
        <line num="3" count="5" type="stmt"/>
        <line num="4" count="5" type="stmt"/>
        <line num="9" count="5" type="stmt"/>
        <line num="15" count="77" type="stmt"/>
        <line num="25" count="77" type="cond" truecount="1" falsecount="0"/>
        <line num="26" count="33" type="stmt"/>
        <line num="27" count="33" type="stmt"/>
        <line num="28" count="33" type="stmt"/>
        <line num="29" count="33" type="stmt"/>
        <line num="32" count="77" type="cond" truecount="2" falsecount="1"/>
        <line num="33" count="0" type="stmt"/>
        <line num="38" count="77" type="cond" truecount="1" falsecount="0"/>
        <line num="39" count="1" type="stmt"/>
        <line num="42" count="76" type="cond" truecount="0" falsecount="1"/>
        <line num="43" count="0" type="stmt"/>
        <line num="46" count="76" type="cond" truecount="0" falsecount="1"/>
        <line num="47" count="0" type="stmt"/>
        <line num="52" count="76" type="stmt"/>
        <line num="53" count="76" type="stmt"/>
        <line num="54" count="76" type="stmt"/>
        <line num="55" count="76" type="stmt"/>
        <line num="56" count="76" type="stmt"/>
        <line num="58" count="76" type="cond" truecount="2" falsecount="0"/>
        <line num="62" count="19" type="stmt"/>
        <line num="66" count="8" type="stmt"/>
        <line num="70" count="8" type="stmt"/>
        <line num="74" count="24" type="stmt"/>
        <line num="78" count="34" type="cond" truecount="0" falsecount="1"/>
        <line num="79" count="0" type="stmt"/>
        <line num="82" count="34" type="cond" truecount="1" falsecount="0"/>
        <line num="83" count="7" type="stmt"/>
        <line num="88" count="7" type="cond" truecount="1" falsecount="0"/>
        <line num="89" count="1" type="stmt"/>
        <line num="93" count="33" type="cond" truecount="1" falsecount="0"/>
        <line num="95" count="9" type="cond" truecount="1" falsecount="0"/>
        <line num="96" count="1" type="stmt"/>
        <line num="101" count="8" type="cond" truecount="1" falsecount="0"/>
        <line num="102" count="1" type="stmt"/>
        <line num="106" count="31" type="cond" truecount="1" falsecount="0"/>
        <line num="107" count="5" type="cond" truecount="1" falsecount="0"/>
        <line num="110" count="1" type="stmt"/>
        <line num="114" count="30" type="cond" truecount="1" falsecount="0"/>
        <line num="115" count="3" type="cond" truecount="1" falsecount="0"/>
        <line num="116" count="1" type="stmt"/>
        <line num="120" count="29" type="cond" truecount="1" falsecount="0"/>
        <line num="121" count="3" type="cond" truecount="1" falsecount="0"/>
        <line num="122" count="1" type="stmt"/>
        <line num="128" count="28" type="cond" truecount="1" falsecount="0"/>
        <line num="129" count="3" type="cond" truecount="1" falsecount="0"/>
        <line num="130" count="1" type="stmt"/>
        <line num="134" count="27" type="stmt"/>
        <line num="138" count="12" type="stmt"/>
        <line num="142" count="7" type="cond" truecount="0" falsecount="1"/>
        <line num="143" count="0" type="stmt"/>
        <line num="146" count="7" type="cond" truecount="1" falsecount="0"/>
        <line num="147" count="5" type="cond" truecount="0" falsecount="1"/>
        <line num="148" count="0" type="stmt"/>
        <line num="154" count="7" type="cond" truecount="1" falsecount="0"/>
        <line num="155" count="2" type="cond" truecount="1" falsecount="0"/>
        <line num="156" count="1" type="stmt"/>
        <line num="162" count="6" type="stmt"/>
        <line num="166" count="10" type="stmt"/>
        <line num="171" count="19" type="cond" truecount="1" falsecount="0"/>
        <line num="172" count="1" type="stmt"/>
        <line num="177" count="18" type="cond" truecount="0" falsecount="1"/>
        <line num="178" count="0" type="stmt"/>
        <line num="181" count="18" type="stmt"/>
        <line num="182" count="19" type="stmt"/>
        <line num="185" count="18" type="stmt"/>
        <line num="190" count="4" type="cond" truecount="1" falsecount="0"/>
        <line num="191" count="1" type="stmt"/>
        <line num="196" count="3" type="cond" truecount="0" falsecount="1"/>
        <line num="197" count="0" type="stmt"/>
        <line num="200" count="3" type="stmt"/>
        <line num="202" count="3" type="cond" truecount="0" falsecount="1"/>
        <line num="203" count="0" type="stmt"/>
        <line num="206" count="3" type="stmt"/>
        <line num="208" count="3" type="stmt"/>
        <line num="212" count="19" type="stmt"/>
        <line num="214" count="19" type="cond" truecount="3" falsecount="0"/>
        <line num="215" count="12" type="stmt"/>
        <line num="216" count="13" type="stmt"/>
        <line num="220" count="19" type="stmt"/>
      </file>
      <file name="ProdutoEntity.ts" path="/home/devmatias/documents/pos-fiap/easyOrder-challenge4-app-core/src/easyorder/Core/Entity/ProdutoEntity.ts">
        <metrics statements="16" coveredstatements="16" conditionals="1" coveredconditionals="1" methods="7" coveredmethods="7"/>
        <line num="1" count="4" type="stmt"/>
        <line num="4" count="4" type="stmt"/>
        <line num="20" count="69" type="stmt"/>
        <line num="21" count="69" type="stmt"/>
        <line num="22" count="69" type="stmt"/>
        <line num="23" count="69" type="stmt"/>
        <line num="24" count="69" type="stmt"/>
        <line num="25" count="69" type="cond" truecount="1" falsecount="0"/>
        <line num="26" count="9" type="stmt"/>
        <line num="28" count="69" type="stmt"/>
        <line num="31" count="2" type="stmt"/>
        <line num="34" count="1" type="stmt"/>
        <line num="37" count="1" type="stmt"/>
        <line num="40" count="32" type="stmt"/>
        <line num="43" count="1" type="stmt"/>
        <line num="46" count="13" type="stmt"/>
      </file>
      <file name="TransactionEntity.ts" path="/home/devmatias/documents/pos-fiap/easyOrder-challenge4-app-core/src/easyorder/Core/Entity/TransactionEntity.ts">
        <metrics statements="52" coveredstatements="48" conditionals="27" coveredconditionals="24" methods="13" coveredmethods="13"/>
        <line num="1" count="4" type="stmt"/>
        <line num="2" count="4" type="stmt"/>
        <line num="7" count="4" type="stmt"/>
        <line num="27" count="27" type="cond" truecount="0" falsecount="1"/>
        <line num="28" count="0" type="stmt"/>
        <line num="30" count="27" type="cond" truecount="3" falsecount="0"/>
        <line num="31" count="2" type="stmt"/>
        <line num="35" count="25" type="stmt"/>
        <line num="36" count="25" type="stmt"/>
        <line num="37" count="25" type="stmt"/>
        <line num="39" count="25" type="cond" truecount="2" falsecount="0"/>
        <line num="40" count="19" type="stmt"/>
        <line num="42" count="25" type="cond" truecount="2" falsecount="0"/>
        <line num="43" count="6" type="stmt"/>
        <line num="44" count="19" type="stmt"/>
        <line num="46" count="25" type="cond" truecount="2" falsecount="0"/>
        <line num="48" count="19" type="stmt"/>
        <line num="52" count="25" type="cond" truecount="2" falsecount="0"/>
        <line num="53" count="19" type="stmt"/>
        <line num="55" count="25" type="cond" truecount="2" falsecount="0"/>
        <line num="56" count="19" type="stmt"/>
        <line num="58" count="25" type="cond" truecount="2" falsecount="0"/>
        <line num="59" count="19" type="stmt"/>
        <line num="61" count="0" type="stmt"/>
        <line num="66" count="5" type="stmt"/>
        <line num="70" count="6" type="stmt"/>
        <line num="74" count="2" type="stmt"/>
        <line num="78" count="8" type="cond" truecount="0" falsecount="1"/>
        <line num="79" count="0" type="stmt"/>
        <line num="81" count="8" type="cond" truecount="1" falsecount="0"/>
        <line num="82" count="1" type="stmt"/>
        <line num="86" count="7" type="cond" truecount="1" falsecount="0"/>
        <line num="87" count="1" type="cond" truecount="1" falsecount="1"/>
        <line num="88" count="1" type="stmt"/>
        <line num="90" count="0" type="stmt"/>
        <line num="94" count="7" type="cond" truecount="1" falsecount="0"/>
        <line num="95" count="4" type="cond" truecount="2" falsecount="0"/>
        <line num="98" count="3" type="stmt"/>
        <line num="100" count="1" type="stmt"/>
        <line num="102" count="6" type="cond" truecount="1" falsecount="0"/>
        <line num="103" count="2" type="cond" truecount="2" falsecount="0"/>
        <line num="106" count="1" type="stmt"/>
        <line num="108" count="1" type="stmt"/>
        <line num="110" count="5" type="stmt"/>
        <line num="114" count="13" type="stmt"/>
        <line num="118" count="2" type="stmt"/>
        <line num="122" count="1" type="stmt"/>
        <line num="126" count="3" type="stmt"/>
        <line num="130" count="3" type="stmt"/>
        <line num="134" count="3" type="stmt"/>
        <line num="138" count="1" type="stmt"/>
        <line num="142" count="3" type="stmt"/>
      </file>
    </package>
    <package name="Core.Entity.ValueObject">
      <metrics statements="35" coveredstatements="34" conditionals="11" coveredconditionals="10" methods="9" coveredmethods="9"/>
      <file name="CategoriaEnum.ts" path="/home/devmatias/documents/pos-fiap/easyOrder-challenge4-app-core/src/easyorder/Core/Entity/ValueObject/CategoriaEnum.ts">
        <metrics statements="5" coveredstatements="5" conditionals="2" coveredconditionals="2" methods="1" coveredmethods="1"/>
        <line num="1" count="5" type="cond" truecount="2" falsecount="0"/>
        <line num="2" count="5" type="stmt"/>
        <line num="3" count="5" type="stmt"/>
        <line num="4" count="5" type="stmt"/>
        <line num="5" count="5" type="stmt"/>
      </file>
      <file name="RetornoPagamentoEnum.ts" path="/home/devmatias/documents/pos-fiap/easyOrder-challenge4-app-core/src/easyorder/Core/Entity/ValueObject/RetornoPagamentoEnum.ts">
        <metrics statements="4" coveredstatements="4" conditionals="2" coveredconditionals="2" methods="1" coveredmethods="1"/>
        <line num="1" count="1" type="cond" truecount="2" falsecount="0"/>
        <line num="2" count="1" type="stmt"/>
        <line num="3" count="1" type="stmt"/>
        <line num="4" count="1" type="stmt"/>
      </file>
      <file name="StatusPagamentoEnum.ts" path="/home/devmatias/documents/pos-fiap/easyOrder-challenge4-app-core/src/easyorder/Core/Entity/ValueObject/StatusPagamentoEnum.ts">
        <metrics statements="4" coveredstatements="4" conditionals="2" coveredconditionals="2" methods="1" coveredmethods="1"/>
        <line num="1" count="5" type="cond" truecount="2" falsecount="0"/>
        <line num="2" count="5" type="stmt"/>
        <line num="3" count="5" type="stmt"/>
        <line num="4" count="5" type="stmt"/>
      </file>
      <file name="StatusPedidoValueObject.ts" path="/home/devmatias/documents/pos-fiap/easyOrder-challenge4-app-core/src/easyorder/Core/Entity/ValueObject/StatusPedidoValueObject.ts">
        <metrics statements="11" coveredstatements="11" conditionals="2" coveredconditionals="2" methods="3" coveredmethods="3"/>
        <line num="1" count="5" type="cond" truecount="2" falsecount="0"/>
        <line num="2" count="5" type="stmt"/>
        <line num="3" count="5" type="stmt"/>
        <line num="4" count="5" type="stmt"/>
        <line num="5" count="5" type="stmt"/>
        <line num="6" count="5" type="stmt"/>
        <line num="7" count="5" type="stmt"/>
        <line num="8" count="5" type="stmt"/>
        <line num="11" count="5" type="stmt"/>
        <line num="15" count="117" type="stmt"/>
        <line num="19" count="261" type="stmt"/>
      </file>
      <file name="StatusTransacaoValueObject.ts" path="/home/devmatias/documents/pos-fiap/easyOrder-challenge4-app-core/src/easyorder/Core/Entity/ValueObject/StatusTransacaoValueObject.ts">
        <metrics statements="11" coveredstatements="10" conditionals="3" coveredconditionals="2" methods="3" coveredmethods="3"/>
        <line num="1" count="4" type="cond" truecount="2" falsecount="0"/>
        <line num="2" count="4" type="stmt"/>
        <line num="3" count="4" type="stmt"/>
        <line num="4" count="4" type="stmt"/>
        <line num="5" count="4" type="stmt"/>
        <line num="6" count="4" type="stmt"/>
        <line num="9" count="4" type="stmt"/>
        <line num="13" count="33" type="stmt"/>
        <line num="15" count="33" type="cond" truecount="0" falsecount="1"/>
        <line num="16" count="0" type="stmt"/>
        <line num="21" count="48" type="stmt"/>
      </file>
    </package>
    <package name="Core.Interfaces.Gateway">
      <metrics statements="10" coveredstatements="6" conditionals="4" coveredconditionals="4" methods="3" coveredmethods="2"/>
      <file name="PedidoGatewayInterface.ts" path="/home/devmatias/documents/pos-fiap/easyOrder-challenge4-app-core/src/easyorder/Core/Interfaces/Gateway/PedidoGatewayInterface.ts">
        <metrics statements="10" coveredstatements="6" conditionals="4" coveredconditionals="4" methods="3" coveredmethods="2"/>
        <line num="4" count="1" type="cond" truecount="2" falsecount="0"/>
        <line num="5" count="1" type="stmt"/>
        <line num="8" count="1" type="cond" truecount="2" falsecount="0"/>
        <line num="9" count="1" type="stmt"/>
        <line num="10" count="1" type="stmt"/>
        <line num="13" count="1" type="stmt"/>
        <line num="14" count="0" type="stmt"/>
        <line num="15" count="0" type="stmt"/>
        <line num="16" count="0" type="stmt"/>
        <line num="18" count="0" type="stmt"/>
      </file>
    </package>
    <package name="Core.Types">
      <metrics statements="12" coveredstatements="12" conditionals="3" coveredconditionals="0" methods="3" coveredmethods="3"/>
      <file name="ExceptionType.ts" path="/home/devmatias/documents/pos-fiap/easyOrder-challenge4-app-core/src/easyorder/Core/Types/ExceptionType.ts">
        <metrics statements="12" coveredstatements="12" conditionals="3" coveredconditionals="0" methods="3" coveredmethods="3"/>
        <line num="1" count="3" type="stmt"/>
        <line num="3" count="23" type="stmt"/>
        <line num="4" count="23" type="stmt"/>
        <line num="5" count="23" type="stmt"/>
        <line num="9" count="3" type="stmt"/>
        <line num="11" count="15" type="stmt"/>
        <line num="12" count="15" type="stmt"/>
        <line num="13" count="15" type="stmt"/>
        <line num="17" count="3" type="stmt"/>
        <line num="19" count="2" type="stmt"/>
        <line num="20" count="2" type="stmt"/>
        <line num="21" count="2" type="stmt"/>
      </file>
    </package>
    <package name="Core.Usecase">
      <metrics statements="184" coveredstatements="181" conditionals="52" coveredconditionals="49" methods="14" coveredmethods="14"/>
      <file name="PagamentoUsecases.ts" path="/home/devmatias/documents/pos-fiap/easyOrder-challenge4-app-core/src/easyorder/Core/Usecase/PagamentoUsecases.ts">
        <metrics statements="39" coveredstatements="36" conditionals="13" coveredconditionals="10" methods="2" coveredmethods="2"/>
        <line num="2" count="1" type="stmt"/>
        <line num="3" count="1" type="stmt"/>
        <line num="4" count="1" type="stmt"/>
        <line num="8" count="1" type="stmt"/>
        <line num="17" count="1" type="stmt"/>
        <line num="25" count="5" type="stmt"/>
        <line num="27" count="5" type="stmt"/>
        <line num="30" count="5" type="cond" truecount="1" falsecount="0"/>
        <line num="31" count="1" type="stmt"/>
        <line num="33" count="4" type="stmt"/>
        <line num="36" count="4" type="cond" truecount="3" falsecount="0"/>
        <line num="37" count="1" type="stmt"/>
        <line num="42" count="3" type="cond" truecount="1" falsecount="0"/>
        <line num="47" count="1" type="stmt"/>
        <line num="50" count="2" type="cond" truecount="1" falsecount="0"/>
        <line num="51" count="1" type="stmt"/>
        <line num="54" count="1" type="stmt"/>
        <line num="56" count="1" type="stmt"/>
        <line num="60" count="1" type="cond" truecount="0" falsecount="1"/>
        <line num="61" count="0" type="stmt"/>
        <line num="66" count="1" type="stmt"/>
        <line num="67" count="1" type="stmt"/>
        <line num="70" count="1" type="stmt"/>
        <line num="71" count="1" type="stmt"/>
        <line num="77" count="1" type="cond" truecount="0" falsecount="1"/>
        <line num="78" count="0" type="stmt"/>
        <line num="82" count="1" type="stmt"/>
        <line num="85" count="1" type="stmt"/>
        <line num="86" count="1" type="stmt"/>
        <line num="90" count="1" type="cond" truecount="0" falsecount="1"/>
        <line num="91" count="0" type="stmt"/>
        <line num="93" count="1" type="stmt"/>
        <line num="94" count="1" type="stmt"/>
        <line num="97" count="1" type="stmt"/>
        <line num="98" count="1" type="stmt"/>
        <line num="113" count="2" type="stmt"/>
        <line num="116" count="2" type="cond" truecount="1" falsecount="0"/>
        <line num="117" count="1" type="stmt"/>
        <line num="122" count="1" type="stmt"/>
      </file>
      <file name="PedidoUsecases.ts" path="/home/devmatias/documents/pos-fiap/easyOrder-challenge4-app-core/src/easyorder/Core/Usecase/PedidoUsecases.ts">
        <metrics statements="111" coveredstatements="111" conditionals="31" coveredconditionals="31" methods="8" coveredmethods="8"/>
        <line num="1" count="2" type="stmt"/>
        <line num="2" count="2" type="stmt"/>
        <line num="3" count="2" type="stmt"/>
        <line num="4" count="2" type="stmt"/>
        <line num="5" count="2" type="stmt"/>
        <line num="6" count="2" type="stmt"/>
        <line num="18" count="2" type="stmt"/>
        <line num="23" count="2" type="stmt"/>
        <line num="28" count="3" type="cond" truecount="1" falsecount="0"/>
        <line num="29" count="1" type="stmt"/>
        <line num="32" count="3" type="stmt"/>
        <line num="34" count="3" type="stmt"/>
        <line num="36" count="3" type="cond" truecount="1" falsecount="0"/>
        <line num="37" count="1" type="stmt"/>
        <line num="40" count="2" type="stmt"/>
        <line num="54" count="3" type="stmt"/>
        <line num="62" count="3" type="stmt"/>
        <line num="66" count="3" type="stmt"/>
        <line num="71" count="3" type="cond" truecount="1" falsecount="0"/>
        <line num="72" count="1" type="stmt"/>
        <line num="75" count="2" type="cond" truecount="1" falsecount="0"/>
        <line num="76" count="1" type="stmt"/>
        <line num="79" count="1" type="stmt"/>
        <line num="89" count="2" type="stmt"/>
        <line num="91" count="2" type="cond" truecount="1" falsecount="0"/>
        <line num="92" count="1" type="stmt"/>
        <line num="95" count="1" type="stmt"/>
        <line num="105" count="4" type="stmt"/>
        <line num="107" count="4" type="cond" truecount="1" falsecount="0"/>
        <line num="108" count="1" type="stmt"/>
        <line num="111" count="3" type="cond" truecount="1" falsecount="0"/>
        <line num="112" count="1" type="stmt"/>
        <line num="115" count="2" type="stmt"/>
        <line num="119" count="2" type="stmt"/>
        <line num="121" count="2" type="cond" truecount="1" falsecount="0"/>
        <line num="122" count="1" type="stmt"/>
        <line num="125" count="1" type="stmt"/>
        <line num="135" count="4" type="stmt"/>
        <line num="137" count="4" type="cond" truecount="1" falsecount="0"/>
        <line num="138" count="1" type="stmt"/>
        <line num="141" count="3" type="cond" truecount="1" falsecount="0"/>
        <line num="142" count="1" type="stmt"/>
        <line num="145" count="2" type="stmt"/>
        <line num="147" count="2" type="stmt"/>
        <line num="151" count="2" type="stmt"/>
        <line num="153" count="2" type="cond" truecount="1" falsecount="0"/>
        <line num="154" count="1" type="stmt"/>
        <line num="157" count="1" type="stmt"/>
        <line num="169" count="6" type="stmt"/>
        <line num="170" count="6" type="cond" truecount="1" falsecount="0"/>
        <line num="171" count="1" type="stmt"/>
        <line num="174" count="5" type="stmt"/>
        <line num="178" count="5" type="stmt"/>
        <line num="179" count="5" type="stmt"/>
        <line num="181" count="1" type="stmt"/>
        <line num="183" count="4" type="stmt"/>
        <line num="184" count="4" type="cond" truecount="1" falsecount="0"/>
        <line num="185" count="1" type="stmt"/>
        <line num="189" count="3" type="stmt"/>
        <line num="193" count="3" type="cond" truecount="1" falsecount="0"/>
        <line num="194" count="1" type="stmt"/>
        <line num="197" count="2" type="stmt"/>
        <line num="201" count="2" type="stmt"/>
        <line num="202" count="2" type="cond" truecount="1" falsecount="0"/>
        <line num="203" count="1" type="stmt"/>
        <line num="206" count="1" type="stmt"/>
        <line num="221" count="11" type="stmt"/>
        <line num="223" count="11" type="cond" truecount="1" falsecount="0"/>
        <line num="224" count="1" type="stmt"/>
        <line num="227" count="10" type="stmt"/>
        <line num="228" count="10" type="cond" truecount="1" falsecount="0"/>
        <line num="229" count="4" type="stmt"/>
        <line num="231" count="4" type="cond" truecount="1" falsecount="0"/>
        <line num="232" count="1" type="stmt"/>
        <line num="236" count="3" type="cond" truecount="1" falsecount="0"/>
        <line num="237" count="1" type="stmt"/>
        <line num="241" count="8" type="stmt"/>
        <line num="242" count="8" type="cond" truecount="1" falsecount="0"/>
        <line num="243" count="4" type="stmt"/>
        <line num="245" count="4" type="cond" truecount="1" falsecount="0"/>
        <line num="246" count="1" type="stmt"/>
        <line num="250" count="3" type="cond" truecount="1" falsecount="0"/>
        <line num="251" count="1" type="stmt"/>
        <line num="257" count="6" type="stmt"/>
        <line num="258" count="6" type="cond" truecount="1" falsecount="0"/>
        <line num="259" count="4" type="stmt"/>
        <line num="261" count="4" type="cond" truecount="1" falsecount="0"/>
        <line num="262" count="1" type="stmt"/>
        <line num="266" count="3" type="cond" truecount="1" falsecount="0"/>
        <line num="267" count="1" type="stmt"/>
        <line num="273" count="4" type="stmt"/>
        <line num="274" count="4" type="cond" truecount="1" falsecount="0"/>
        <line num="275" count="4" type="stmt"/>
        <line num="279" count="4" type="cond" truecount="1" falsecount="0"/>
        <line num="280" count="1" type="stmt"/>
        <line num="284" count="3" type="cond" truecount="1" falsecount="0"/>
        <line num="287" count="1" type="stmt"/>
        <line num="293" count="2" type="stmt"/>
        <line num="300" count="2" type="stmt"/>
        <line num="302" count="2" type="stmt"/>
        <line num="303" count="2" type="cond" truecount="1" falsecount="0"/>
        <line num="304" count="1" type="stmt"/>
        <line num="307" count="1" type="stmt"/>
        <line num="318" count="3" type="stmt"/>
        <line num="320" count="3" type="cond" truecount="1" falsecount="0"/>
        <line num="321" count="1" type="stmt"/>
        <line num="324" count="2" type="stmt"/>
        <line num="326" count="2" type="stmt"/>
        <line num="328" count="2" type="cond" truecount="1" falsecount="0"/>
        <line num="329" count="1" type="stmt"/>
        <line num="332" count="1" type="stmt"/>
      </file>
      <file name="PreparacaoUsecases.ts" path="/home/devmatias/documents/pos-fiap/easyOrder-challenge4-app-core/src/easyorder/Core/Usecase/PreparacaoUsecases.ts">
        <metrics statements="34" coveredstatements="34" conditionals="8" coveredconditionals="8" methods="4" coveredmethods="4"/>
        <line num="2" count="1" type="stmt"/>
        <line num="6" count="1" type="stmt"/>
        <line num="11" count="1" type="stmt"/>
        <line num="18" count="1" type="stmt"/>
        <line num="23" count="3" type="stmt"/>
        <line num="25" count="3" type="cond" truecount="1" falsecount="0"/>
        <line num="26" count="1" type="stmt"/>
        <line num="29" count="2" type="stmt"/>
        <line num="33" count="2" type="stmt"/>
        <line num="35" count="2" type="cond" truecount="1" falsecount="0"/>
        <line num="36" count="1" type="stmt"/>
        <line num="39" count="1" type="stmt"/>
        <line num="48" count="3" type="stmt"/>
        <line num="58" count="3" type="cond" truecount="1" falsecount="0"/>
        <line num="59" count="1" type="stmt"/>
        <line num="62" count="2" type="cond" truecount="1" falsecount="0"/>
        <line num="63" count="1" type="stmt"/>
        <line num="66" count="1" type="stmt"/>
        <line num="73" count="3" type="stmt"/>
        <line num="75" count="3" type="cond" truecount="1" falsecount="0"/>
        <line num="76" count="1" type="stmt"/>
        <line num="79" count="2" type="stmt"/>
        <line num="83" count="2" type="stmt"/>
        <line num="85" count="2" type="cond" truecount="1" falsecount="0"/>
        <line num="86" count="1" type="stmt"/>
        <line num="89" count="1" type="stmt"/>
        <line num="99" count="3" type="stmt"/>
        <line num="101" count="3" type="cond" truecount="1" falsecount="0"/>
        <line num="102" count="1" type="stmt"/>
        <line num="105" count="2" type="stmt"/>
        <line num="109" count="2" type="stmt"/>
        <line num="111" count="2" type="cond" truecount="1" falsecount="0"/>
        <line num="112" count="1" type="stmt"/>
        <line num="115" count="1" type="stmt"/>
      </file>
    </package>
  </project>
</coverage>
