{"/home/devmatias/documents/pos-fiap/easyOrder-challenge4-app-core/src/easyorder/Application/Controller/PedidoController.ts": {"path":"/home/devmatias/documents/pos-fiap/easyOrder-challenge4-app-core/src/easyorder/Application/Controller/PedidoController.ts","statementMap":{"0":{"start":{"line":3,"column":0},"end":{"line":3,"column":null}},"1":{"start":{"line":7,"column":0},"end":{"line":7,"column":67}},"2":{"start":{"line":9,"column":0},"end":{"line":9,"column":59}},"3":{"start":{"line":17,"column":4},"end":{"line":42,"column":5}},"4":{"start":{"line":18,"column":6},"end":{"line":20,"column":7}},"5":{"start":{"line":19,"column":8},"end":{"line":19,"column":68}},"6":{"start":{"line":22,"column":6},"end":{"line":24,"column":7}},"7":{"start":{"line":23,"column":8},"end":{"line":23,"column":68}},"8":{"start":{"line":26,"column":23},"end":{"line":28,"column":null}},"9":{"start":{"line":31,"column":6},"end":{"line":31,"column":77}},"10":{"start":{"line":33,"column":6},"end":{"line":35,"column":7}},"11":{"start":{"line":34,"column":8},"end":{"line":34,"column":71}},"12":{"start":{"line":37,"column":6},"end":{"line":39,"column":7}},"13":{"start":{"line":38,"column":8},"end":{"line":38,"column":72}},"14":{"start":{"line":41,"column":6},"end":{"line":41,"column":68}},"15":{"start":{"line":53,"column":4},"end":{"line":76,"column":5}},"16":{"start":{"line":54,"column":28},"end":{"line":54,"column":63}},"17":{"start":{"line":56,"column":23},"end":{"line":62,"column":null}},"18":{"start":{"line":65,"column":6},"end":{"line":65,"column":79}},"19":{"start":{"line":67,"column":6},"end":{"line":69,"column":7}},"20":{"start":{"line":68,"column":8},"end":{"line":68,"column":57}},"21":{"start":{"line":71,"column":6},"end":{"line":73,"column":7}},"22":{"start":{"line":72,"column":8},"end":{"line":72,"column":58}},"23":{"start":{"line":75,"column":6},"end":{"line":75,"column":65}},"24":{"start":{"line":83,"column":4},"end":{"line":106,"column":5}},"25":{"start":{"line":84,"column":28},"end":{"line":84,"column":63}},"26":{"start":{"line":86,"column":23},"end":{"line":88,"column":null}},"27":{"start":{"line":91,"column":6},"end":{"line":93,"column":7}},"28":{"start":{"line":92,"column":8},"end":{"line":92,"column":66}},"29":{"start":{"line":95,"column":6},"end":{"line":95,"column":77}},"30":{"start":{"line":97,"column":6},"end":{"line":99,"column":7}},"31":{"start":{"line":98,"column":8},"end":{"line":98,"column":57}},"32":{"start":{"line":101,"column":6},"end":{"line":103,"column":7}},"33":{"start":{"line":102,"column":8},"end":{"line":102,"column":58}},"34":{"start":{"line":105,"column":6},"end":{"line":105,"column":65}},"35":{"start":{"line":113,"column":4},"end":{"line":136,"column":5}},"36":{"start":{"line":114,"column":28},"end":{"line":114,"column":63}},"37":{"start":{"line":116,"column":23},"end":{"line":118,"column":null}},"38":{"start":{"line":121,"column":6},"end":{"line":123,"column":7}},"39":{"start":{"line":122,"column":8},"end":{"line":122,"column":66}},"40":{"start":{"line":125,"column":6},"end":{"line":125,"column":77}},"41":{"start":{"line":127,"column":6},"end":{"line":129,"column":7}},"42":{"start":{"line":128,"column":8},"end":{"line":128,"column":57}},"43":{"start":{"line":131,"column":6},"end":{"line":133,"column":7}},"44":{"start":{"line":132,"column":8},"end":{"line":132,"column":58}},"45":{"start":{"line":135,"column":6},"end":{"line":135,"column":67}},"46":{"start":{"line":143,"column":4},"end":{"line":166,"column":5}},"47":{"start":{"line":144,"column":28},"end":{"line":144,"column":63}},"48":{"start":{"line":146,"column":23},"end":{"line":148,"column":null}},"49":{"start":{"line":151,"column":6},"end":{"line":153,"column":7}},"50":{"start":{"line":152,"column":8},"end":{"line":152,"column":66}},"51":{"start":{"line":155,"column":6},"end":{"line":155,"column":77}},"52":{"start":{"line":157,"column":6},"end":{"line":159,"column":7}},"53":{"start":{"line":158,"column":8},"end":{"line":158,"column":57}},"54":{"start":{"line":161,"column":6},"end":{"line":163,"column":7}},"55":{"start":{"line":162,"column":8},"end":{"line":162,"column":58}},"56":{"start":{"line":165,"column":6},"end":{"line":165,"column":68}},"57":{"start":{"line":174,"column":4},"end":{"line":199,"column":5}},"58":{"start":{"line":175,"column":28},"end":{"line":175,"column":63}},"59":{"start":{"line":176,"column":33},"end":{"line":176,"column":73}},"60":{"start":{"line":178,"column":23},"end":{"line":182,"column":null}},"61":{"start":{"line":185,"column":6},"end":{"line":187,"column":7}},"62":{"start":{"line":186,"column":8},"end":{"line":186,"column":66}},"63":{"start":{"line":189,"column":6},"end":{"line":189,"column":77}},"64":{"start":{"line":191,"column":6},"end":{"line":193,"column":7}},"65":{"start":{"line":192,"column":8},"end":{"line":192,"column":57}},"66":{"start":{"line":195,"column":6},"end":{"line":197,"column":7}},"67":{"start":{"line":196,"column":8},"end":{"line":196,"column":58}},"68":{"start":{"line":198,"column":6},"end":{"line":198,"column":67}},"69":{"start":{"line":211,"column":4},"end":{"line":240,"column":5}},"70":{"start":{"line":212,"column":28},"end":{"line":212,"column":63}},"71":{"start":{"line":213,"column":29},"end":{"line":213,"column":67}},"72":{"start":{"line":215,"column":23},"end":{"line":222,"column":null}},"73":{"start":{"line":225,"column":6},"end":{"line":227,"column":7}},"74":{"start":{"line":226,"column":8},"end":{"line":226,"column":66}},"75":{"start":{"line":229,"column":6},"end":{"line":229,"column":77}},"76":{"start":{"line":231,"column":6},"end":{"line":233,"column":7}},"77":{"start":{"line":232,"column":8},"end":{"line":232,"column":57}},"78":{"start":{"line":235,"column":6},"end":{"line":237,"column":7}},"79":{"start":{"line":236,"column":8},"end":{"line":236,"column":58}},"80":{"start":{"line":239,"column":6},"end":{"line":239,"column":77}},"81":{"start":{"line":248,"column":4},"end":{"line":272,"column":5}},"82":{"start":{"line":249,"column":28},"end":{"line":249,"column":63}},"83":{"start":{"line":251,"column":23},"end":{"line":254,"column":null}},"84":{"start":{"line":257,"column":6},"end":{"line":259,"column":7}},"85":{"start":{"line":258,"column":8},"end":{"line":258,"column":66}},"86":{"start":{"line":261,"column":6},"end":{"line":261,"column":77}},"87":{"start":{"line":263,"column":6},"end":{"line":265,"column":7}},"88":{"start":{"line":264,"column":8},"end":{"line":264,"column":57}},"89":{"start":{"line":267,"column":6},"end":{"line":269,"column":7}},"90":{"start":{"line":268,"column":8},"end":{"line":268,"column":58}},"91":{"start":{"line":271,"column":6},"end":{"line":271,"column":75}},"92":{"start":{"line":11,"column":0},"end":{"line":11,"column":13}}},"fnMap":{"0":{"name":"(anonymous_0)","decl":{"start":{"line":12,"column":9},"end":{"line":12,"column":15}},"loc":{"start":{"line":15,"column":21},"end":{"line":43,"column":3}}},"1":{"name":"(anonymous_1)","decl":{"start":{"line":45,"column":9},"end":{"line":45,"column":15}},"loc":{"start":{"line":51,"column":26},"end":{"line":77,"column":3}}},"2":{"name":"(anonymous_2)","decl":{"start":{"line":79,"column":9},"end":{"line":79,"column":15}},"loc":{"start":{"line":81,"column":20},"end":{"line":107,"column":3}}},"3":{"name":"(anonymous_3)","decl":{"start":{"line":109,"column":9},"end":{"line":109,"column":15}},"loc":{"start":{"line":111,"column":20},"end":{"line":137,"column":3}}},"4":{"name":"(anonymous_4)","decl":{"start":{"line":139,"column":9},"end":{"line":139,"column":15}},"loc":{"start":{"line":141,"column":20},"end":{"line":167,"column":3}}},"5":{"name":"(anonymous_5)","decl":{"start":{"line":169,"column":9},"end":{"line":169,"column":15}},"loc":{"start":{"line":172,"column":20},"end":{"line":200,"column":3}}},"6":{"name":"(anonymous_6)","decl":{"start":{"line":202,"column":9},"end":{"line":202,"column":15}},"loc":{"start":{"line":209,"column":28},"end":{"line":241,"column":3}}},"7":{"name":"(anonymous_7)","decl":{"start":{"line":243,"column":9},"end":{"line":243,"column":15}},"loc":{"start":{"line":246,"column":19},"end":{"line":273,"column":3}}}},"branchMap":{"0":{"loc":{"start":{"line":18,"column":6},"end":{"line":20,"column":7}},"type":"if","locations":[{"start":{"line":18,"column":6},"end":{"line":20,"column":7}}]},"1":{"loc":{"start":{"line":22,"column":6},"end":{"line":24,"column":7}},"type":"if","locations":[{"start":{"line":22,"column":6},"end":{"line":24,"column":7}}]},"2":{"loc":{"start":{"line":27,"column":8},"end":{"line":27,"column":41}},"type":"cond-expr","locations":[{"start":{"line":27,"column":20},"end":{"line":27,"column":29}},{"start":{"line":27,"column":32},"end":{"line":27,"column":41}}]},"3":{"loc":{"start":{"line":33,"column":6},"end":{"line":35,"column":7}},"type":"if","locations":[{"start":{"line":33,"column":6},"end":{"line":35,"column":7}}]},"4":{"loc":{"start":{"line":37,"column":6},"end":{"line":39,"column":7}},"type":"if","locations":[{"start":{"line":37,"column":6},"end":{"line":39,"column":7}}]},"5":{"loc":{"start":{"line":67,"column":6},"end":{"line":69,"column":7}},"type":"if","locations":[{"start":{"line":67,"column":6},"end":{"line":69,"column":7}}]},"6":{"loc":{"start":{"line":71,"column":6},"end":{"line":73,"column":7}},"type":"if","locations":[{"start":{"line":71,"column":6},"end":{"line":73,"column":7}}]},"7":{"loc":{"start":{"line":91,"column":6},"end":{"line":93,"column":7}},"type":"if","locations":[{"start":{"line":91,"column":6},"end":{"line":93,"column":7}}]},"8":{"loc":{"start":{"line":97,"column":6},"end":{"line":99,"column":7}},"type":"if","locations":[{"start":{"line":97,"column":6},"end":{"line":99,"column":7}}]},"9":{"loc":{"start":{"line":101,"column":6},"end":{"line":103,"column":7}},"type":"if","locations":[{"start":{"line":101,"column":6},"end":{"line":103,"column":7}}]},"10":{"loc":{"start":{"line":121,"column":6},"end":{"line":123,"column":7}},"type":"if","locations":[{"start":{"line":121,"column":6},"end":{"line":123,"column":7}}]},"11":{"loc":{"start":{"line":127,"column":6},"end":{"line":129,"column":7}},"type":"if","locations":[{"start":{"line":127,"column":6},"end":{"line":129,"column":7}}]},"12":{"loc":{"start":{"line":131,"column":6},"end":{"line":133,"column":7}},"type":"if","locations":[{"start":{"line":131,"column":6},"end":{"line":133,"column":7}}]},"13":{"loc":{"start":{"line":151,"column":6},"end":{"line":153,"column":7}},"type":"if","locations":[{"start":{"line":151,"column":6},"end":{"line":153,"column":7}}]},"14":{"loc":{"start":{"line":157,"column":6},"end":{"line":159,"column":7}},"type":"if","locations":[{"start":{"line":157,"column":6},"end":{"line":159,"column":7}}]},"15":{"loc":{"start":{"line":161,"column":6},"end":{"line":163,"column":7}},"type":"if","locations":[{"start":{"line":161,"column":6},"end":{"line":163,"column":7}}]},"16":{"loc":{"start":{"line":185,"column":6},"end":{"line":187,"column":7}},"type":"if","locations":[{"start":{"line":185,"column":6},"end":{"line":187,"column":7}}]},"17":{"loc":{"start":{"line":191,"column":6},"end":{"line":193,"column":7}},"type":"if","locations":[{"start":{"line":191,"column":6},"end":{"line":193,"column":7}}]},"18":{"loc":{"start":{"line":195,"column":6},"end":{"line":197,"column":7}},"type":"if","locations":[{"start":{"line":195,"column":6},"end":{"line":197,"column":7}}]},"19":{"loc":{"start":{"line":225,"column":6},"end":{"line":227,"column":7}},"type":"if","locations":[{"start":{"line":225,"column":6},"end":{"line":227,"column":7}}]},"20":{"loc":{"start":{"line":231,"column":6},"end":{"line":233,"column":7}},"type":"if","locations":[{"start":{"line":231,"column":6},"end":{"line":233,"column":7}}]},"21":{"loc":{"start":{"line":235,"column":6},"end":{"line":237,"column":7}},"type":"if","locations":[{"start":{"line":235,"column":6},"end":{"line":237,"column":7}}]},"22":{"loc":{"start":{"line":257,"column":6},"end":{"line":259,"column":7}},"type":"if","locations":[{"start":{"line":257,"column":6},"end":{"line":259,"column":7}}]},"23":{"loc":{"start":{"line":263,"column":6},"end":{"line":265,"column":7}},"type":"if","locations":[{"start":{"line":263,"column":6},"end":{"line":265,"column":7}}]},"24":{"loc":{"start":{"line":267,"column":6},"end":{"line":269,"column":7}},"type":"if","locations":[{"start":{"line":267,"column":6},"end":{"line":269,"column":7}}]}},"s":{"0":1,"1":1,"2":1,"3":6,"4":6,"5":1,"6":5,"7":1,"8":4,"9":1,"10":3,"11":1,"12":2,"13":1,"14":1,"15":4,"16":4,"17":4,"18":1,"19":3,"20":1,"21":2,"22":1,"23":1,"24":4,"25":4,"26":4,"27":2,"28":1,"29":1,"30":3,"31":1,"32":2,"33":1,"34":1,"35":5,"36":5,"37":5,"38":3,"39":2,"40":1,"41":4,"42":2,"43":2,"44":1,"45":1,"46":4,"47":4,"48":4,"49":2,"50":1,"51":1,"52":3,"53":1,"54":2,"55":1,"56":1,"57":8,"58":8,"59":8,"60":8,"61":2,"62":1,"63":1,"64":7,"65":1,"66":6,"67":3,"68":3,"69":3,"70":3,"71":3,"72":3,"73":2,"74":1,"75":1,"76":2,"77":1,"78":1,"79":0,"80":1,"81":2,"82":2,"83":2,"84":1,"85":1,"86":0,"87":2,"88":1,"89":1,"90":0,"91":1,"92":1},"f":{"0":6,"1":4,"2":4,"3":5,"4":4,"5":8,"6":3,"7":2},"b":{"0":[1],"1":[1],"2":[4,0],"3":[1],"4":[1],"5":[1],"6":[1],"7":[1],"8":[1],"9":[1],"10":[2],"11":[2],"12":[1],"13":[1],"14":[1],"15":[1],"16":[1],"17":[1],"18":[3],"19":[1],"20":[1],"21":[0],"22":[1],"23":[1],"24":[0]}}
,"/home/devmatias/documents/pos-fiap/easyOrder-challenge4-app-core/src/easyorder/Application/Presenter/PedidoAdapter.ts": {"path":"/home/devmatias/documents/pos-fiap/easyOrder-challenge4-app-core/src/easyorder/Application/Presenter/PedidoAdapter.ts","statementMap":{"0":{"start":{"line":5,"column":0},"end":{"line":5,"column":null}},"1":{"start":{"line":6,"column":2},"end":{"line":6,"column":null}},"2":{"start":{"line":7,"column":2},"end":{"line":7,"column":null}},"3":{"start":{"line":8,"column":2},"end":{"line":8,"column":null}},"4":{"start":{"line":9,"column":2},"end":{"line":9,"column":null}},"5":{"start":{"line":10,"column":2},"end":{"line":10,"column":null}},"6":{"start":{"line":18,"column":4},"end":{"line":18,"column":25}},"7":{"start":{"line":19,"column":4},"end":{"line":19,"column":57}},"8":{"start":{"line":23,"column":4},"end":{"line":25,"column":7}},"9":{"start":{"line":29,"column":4},"end":{"line":31,"column":7}},"10":{"start":{"line":35,"column":4},"end":{"line":37,"column":7}},"11":{"start":{"line":44,"column":4},"end":{"line":47,"column":7}},"12":{"start":{"line":54,"column":4},"end":{"line":59,"column":7}},"13":{"start":{"line":57,"column":8},"end":{"line":57,"column":51}},"14":{"start":{"line":63,"column":26},"end":{"line":74,"column":5}},"15":{"start":{"line":64,"column":6},"end":{"line":73,"column":15}},"16":{"start":{"line":76,"column":24},"end":{"line":85,"column":5}},"17":{"start":{"line":77,"column":6},"end":{"line":84,"column":8}},"18":{"start":{"line":87,"column":4},"end":{"line":95,"column":6}},"19":{"start":{"line":93,"column":49},"end":{"line":93,"column":67}},"20":{"start":{"line":13,"column":0},"end":{"line":13,"column":13}}},"fnMap":{"0":{"name":"(anonymous_0)","decl":{"start":{"line":5,"column":0},"end":{"line":5,"column":12}},"loc":{"start":{"line":5,"column":31},"end":{"line":11,"column":1}}},"1":{"name":"(anonymous_1)","decl":{"start":{"line":17,"column":2},"end":{"line":17,"column":21}},"loc":{"start":{"line":17,"column":63},"end":{"line":20,"column":3}}},"2":{"name":"(anonymous_2)","decl":{"start":{"line":22,"column":9},"end":{"line":22,"column":15}},"loc":{"start":{"line":22,"column":45},"end":{"line":26,"column":3}}},"3":{"name":"(anonymous_3)","decl":{"start":{"line":28,"column":9},"end":{"line":28,"column":15}},"loc":{"start":{"line":28,"column":44},"end":{"line":32,"column":3}}},"4":{"name":"(anonymous_4)","decl":{"start":{"line":34,"column":9},"end":{"line":34,"column":15}},"loc":{"start":{"line":34,"column":46},"end":{"line":38,"column":3}}},"5":{"name":"(anonymous_5)","decl":{"start":{"line":40,"column":9},"end":{"line":40,"column":15}},"loc":{"start":{"line":42,"column":21},"end":{"line":48,"column":3}}},"6":{"name":"(anonymous_6)","decl":{"start":{"line":50,"column":9},"end":{"line":50,"column":15}},"loc":{"start":{"line":52,"column":21},"end":{"line":60,"column":3}}},"7":{"name":"(anonymous_7)","decl":{"start":{"line":56,"column":27},"end":{"line":56,"column":28}},"loc":{"start":{"line":57,"column":8},"end":{"line":57,"column":51}}},"8":{"name":"(anonymous_8)","decl":{"start":{"line":62,"column":10},"end":{"line":62,"column":16}},"loc":{"start":{"line":62,"column":59},"end":{"line":96,"column":3}}},"9":{"name":"(anonymous_9)","decl":{"start":{"line":63,"column":26},"end":{"line":63,"column":36}},"loc":{"start":{"line":63,"column":65},"end":{"line":74,"column":5}}},"10":{"name":"(anonymous_10)","decl":{"start":{"line":76,"column":24},"end":{"line":76,"column":34}},"loc":{"start":{"line":76,"column":58},"end":{"line":85,"column":5}}},"11":{"name":"(anonymous_11)","decl":{"start":{"line":93,"column":38},"end":{"line":93,"column":39}},"loc":{"start":{"line":93,"column":49},"end":{"line":93,"column":67}}}},"branchMap":{"0":{"loc":{"start":{"line":5,"column":12},"end":{"line":5,"column":null}},"type":"binary-expr","locations":[{"start":{"line":5,"column":12},"end":{"line":5,"column":31}},{"start":{"line":5,"column":31},"end":{"line":5,"column":null}}]},"1":{"loc":{"start":{"line":19,"column":41},"end":{"line":19,"column":55}},"type":"binary-expr","locations":[{"start":{"line":19,"column":41},"end":{"line":19,"column":49}},{"start":{"line":19,"column":53},"end":{"line":19,"column":55}}]},"2":{"loc":{"start":{"line":45,"column":16},"end":{"line":45,"column":59}},"type":"binary-expr","locations":[{"start":{"line":45,"column":16},"end":{"line":45,"column":24}},{"start":{"line":45,"column":28},"end":{"line":45,"column":59}}]},"3":{"loc":{"start":{"line":55,"column":16},"end":{"line":55,"column":58}},"type":"binary-expr","locations":[{"start":{"line":55,"column":16},"end":{"line":55,"column":24}},{"start":{"line":55,"column":28},"end":{"line":55,"column":58}}]},"4":{"loc":{"start":{"line":64,"column":13},"end":{"line":73,"column":14}},"type":"cond-expr","locations":[{"start":{"line":65,"column":10},"end":{"line":72,"column":null}},{"start":{"line":73,"column":10},"end":{"line":73,"column":14}}]},"5":{"loc":{"start":{"line":88,"column":10},"end":{"line":88,"column":25}},"type":"cond-expr","locations":[{"start":{"line":88,"column":16},"end":{"line":88,"column":18}},{"start":{"line":88,"column":10},"end":{"line":88,"column":25}}]},"6":{"loc":{"start":{"line":88,"column":10},"end":{"line":88,"column":18}},"type":"binary-expr","locations":[{"start":{"line":88,"column":10},"end":{"line":88,"column":18}},{"start":{"line":88,"column":10},"end":{"line":88,"column":18}}]},"7":{"loc":{"start":{"line":89,"column":12},"end":{"line":89,"column":35}},"type":"cond-expr","locations":[{"start":{"line":89,"column":18},"end":{"line":89,"column":20}},{"start":{"line":89,"column":12},"end":{"line":89,"column":35}}]},"8":{"loc":{"start":{"line":89,"column":12},"end":{"line":89,"column":20}},"type":"binary-expr","locations":[{"start":{"line":89,"column":12},"end":{"line":89,"column":20}},{"start":{"line":89,"column":12},"end":{"line":89,"column":20}}]},"9":{"loc":{"start":{"line":90,"column":17},"end":{"line":90,"column":39}},"type":"cond-expr","locations":[{"start":{"line":90,"column":23},"end":{"line":90,"column":25}},{"start":{"line":90,"column":17},"end":{"line":90,"column":39}}]},"10":{"loc":{"start":{"line":90,"column":17},"end":{"line":90,"column":25}},"type":"binary-expr","locations":[{"start":{"line":90,"column":17},"end":{"line":90,"column":25}},{"start":{"line":90,"column":17},"end":{"line":90,"column":25}}]},"11":{"loc":{"start":{"line":91,"column":14},"end":{"line":91,"column":50}},"type":"cond-expr","locations":[{"start":{"line":91,"column":20},"end":{"line":91,"column":22}},{"start":{"line":91,"column":14},"end":{"line":91,"column":50}}]},"12":{"loc":{"start":{"line":91,"column":14},"end":{"line":91,"column":22}},"type":"binary-expr","locations":[{"start":{"line":91,"column":14},"end":{"line":91,"column":22}},{"start":{"line":91,"column":14},"end":{"line":91,"column":22}}]},"13":{"loc":{"start":{"line":92,"column":23},"end":{"line":92,"column":51}},"type":"cond-expr","locations":[{"start":{"line":92,"column":29},"end":{"line":92,"column":31}},{"start":{"line":92,"column":23},"end":{"line":92,"column":51}}]},"14":{"loc":{"start":{"line":92,"column":23},"end":{"line":92,"column":31}},"type":"binary-expr","locations":[{"start":{"line":92,"column":23},"end":{"line":92,"column":31}},{"start":{"line":92,"column":23},"end":{"line":92,"column":31}}]},"15":{"loc":{"start":{"line":93,"column":14},"end":{"line":93,"column":68}},"type":"cond-expr","locations":[{"start":{"line":93,"column":20},"end":{"line":93,"column":22}},{"start":{"line":93,"column":14},"end":{"line":93,"column":68}}]},"16":{"loc":{"start":{"line":93,"column":14},"end":{"line":93,"column":22}},"type":"binary-expr","locations":[{"start":{"line":93,"column":14},"end":{"line":93,"column":22}},{"start":{"line":93,"column":14},"end":{"line":93,"column":22}}]},"17":{"loc":{"start":{"line":94,"column":18},"end":{"line":94,"column":41}},"type":"cond-expr","locations":[{"start":{"line":94,"column":24},"end":{"line":94,"column":26}},{"start":{"line":94,"column":18},"end":{"line":94,"column":41}}]},"18":{"loc":{"start":{"line":94,"column":18},"end":{"line":94,"column":26}},"type":"binary-expr","locations":[{"start":{"line":94,"column":18},"end":{"line":94,"column":26}},{"start":{"line":94,"column":18},"end":{"line":94,"column":26}}]}},"s":{"0":1,"1":1,"2":1,"3":1,"4":1,"5":1,"6":36,"7":36,"8":9,"9":10,"10":10,"11":6,"12":1,"13":1,"14":7,"15":0,"16":7,"17":0,"18":7,"19":0,"20":1},"f":{"0":1,"1":36,"2":9,"3":10,"4":10,"5":6,"6":1,"7":1,"8":7,"9":0,"10":0,"11":0},"b":{"0":[1,1],"1":[36,0],"2":[6,0],"3":[1,0],"4":[0,0],"5":[0,7],"6":[7,7],"7":[0,7],"8":[7,7],"9":[0,7],"10":[7,7],"11":[0,7],"12":[7,7],"13":[0,7],"14":[7,7],"15":[0,7],"16":[7,7],"17":[0,7],"18":[7,7]}}
,"/home/devmatias/documents/pos-fiap/easyOrder-challenge4-app-core/src/easyorder/Core/Entity/PedidoComboEntity.ts": {"path":"/home/devmatias/documents/pos-fiap/easyOrder-challenge4-app-core/src/easyorder/Core/Entity/PedidoComboEntity.ts","statementMap":{"0":{"start":{"line":1,"column":2},"end":{"line":1,"column":38}},"1":{"start":{"line":18,"column":6},"end":{"line":18,"column":35}},"2":{"start":{"line":19,"column":6},"end":{"line":19,"column":35}},"3":{"start":{"line":20,"column":6},"end":{"line":20,"column":41}},"4":{"start":{"line":21,"column":6},"end":{"line":21,"column":51}},"5":{"start":{"line":24,"column":6},"end":{"line":31,"column":7}},"6":{"start":{"line":30,"column":8},"end":{"line":30,"column":72}},"7":{"start":{"line":33,"column":6},"end":{"line":33,"column":31}},"8":{"start":{"line":37,"column":6},"end":{"line":37,"column":21}},"9":{"start":{"line":41,"column":6},"end":{"line":41,"column":25}},"10":{"start":{"line":45,"column":6},"end":{"line":45,"column":25}},"11":{"start":{"line":49,"column":6},"end":{"line":49,"column":28}},"12":{"start":{"line":53,"column":6},"end":{"line":53,"column":33}},"13":{"start":{"line":57,"column":23},"end":{"line":57,"column":24}},"14":{"start":{"line":59,"column":6},"end":{"line":61,"column":7}},"15":{"start":{"line":60,"column":8},"end":{"line":60,"column":45}},"16":{"start":{"line":63,"column":6},"end":{"line":65,"column":7}},"17":{"start":{"line":64,"column":8},"end":{"line":64,"column":45}},"18":{"start":{"line":67,"column":6},"end":{"line":69,"column":7}},"19":{"start":{"line":68,"column":8},"end":{"line":68,"column":48}},"20":{"start":{"line":71,"column":6},"end":{"line":73,"column":7}},"21":{"start":{"line":72,"column":8},"end":{"line":72,"column":53}},"22":{"start":{"line":75,"column":6},"end":{"line":75,"column":24}},"23":{"start":{"line":4,"column":2},"end":{"line":4,"column":15}}},"fnMap":{"0":{"name":"(anonymous_0)","decl":{"start":{"line":11,"column":4},"end":{"line":11,"column":null}},"loc":{"start":{"line":16,"column":17},"end":{"line":34,"column":5}}},"1":{"name":"(anonymous_1)","decl":{"start":{"line":36,"column":11},"end":{"line":36,"column":16}},"loc":{"start":{"line":36,"column":16},"end":{"line":38,"column":5}}},"2":{"name":"(anonymous_2)","decl":{"start":{"line":40,"column":11},"end":{"line":40,"column":20}},"loc":{"start":{"line":40,"column":20},"end":{"line":42,"column":5}}},"3":{"name":"(anonymous_3)","decl":{"start":{"line":44,"column":11},"end":{"line":44,"column":20}},"loc":{"start":{"line":44,"column":20},"end":{"line":46,"column":5}}},"4":{"name":"(anonymous_4)","decl":{"start":{"line":48,"column":11},"end":{"line":48,"column":23}},"loc":{"start":{"line":48,"column":23},"end":{"line":50,"column":5}}},"5":{"name":"(anonymous_5)","decl":{"start":{"line":52,"column":11},"end":{"line":52,"column":28}},"loc":{"start":{"line":52,"column":28},"end":{"line":54,"column":5}}},"6":{"name":"(anonymous_6)","decl":{"start":{"line":56,"column":11},"end":{"line":56,"column":24}},"loc":{"start":{"line":56,"column":24},"end":{"line":76,"column":5}}}},"branchMap":{"0":{"loc":{"start":{"line":18,"column":20},"end":{"line":18,"column":34}},"type":"binary-expr","locations":[{"start":{"line":18,"column":20},"end":{"line":18,"column":26}},{"start":{"line":18,"column":30},"end":{"line":18,"column":34}}]},"1":{"loc":{"start":{"line":19,"column":20},"end":{"line":19,"column":34}},"type":"binary-expr","locations":[{"start":{"line":19,"column":20},"end":{"line":19,"column":26}},{"start":{"line":19,"column":30},"end":{"line":19,"column":34}}]},"2":{"loc":{"start":{"line":20,"column":23},"end":{"line":20,"column":40}},"type":"binary-expr","locations":[{"start":{"line":20,"column":23},"end":{"line":20,"column":32}},{"start":{"line":20,"column":36},"end":{"line":20,"column":40}}]},"3":{"loc":{"start":{"line":21,"column":28},"end":{"line":21,"column":50}},"type":"binary-expr","locations":[{"start":{"line":21,"column":28},"end":{"line":21,"column":42}},{"start":{"line":21,"column":46},"end":{"line":21,"column":50}}]},"4":{"loc":{"start":{"line":24,"column":6},"end":{"line":31,"column":7}},"type":"if","locations":[{"start":{"line":24,"column":6},"end":{"line":31,"column":7}}]},"5":{"loc":{"start":{"line":25,"column":8},"end":{"line":28,"column":28}},"type":"binary-expr","locations":[{"start":{"line":25,"column":8},"end":{"line":25,"column":20}},{"start":{"line":26,"column":8},"end":{"line":26,"column":20}},{"start":{"line":27,"column":8},"end":{"line":27,"column":23}},{"start":{"line":28,"column":8},"end":{"line":28,"column":28}}]},"6":{"loc":{"start":{"line":33,"column":16},"end":{"line":33,"column":30}},"type":"binary-expr","locations":[{"start":{"line":33,"column":16},"end":{"line":33,"column":18}},{"start":{"line":33,"column":22},"end":{"line":33,"column":30}}]},"7":{"loc":{"start":{"line":59,"column":6},"end":{"line":61,"column":7}},"type":"if","locations":[{"start":{"line":59,"column":6},"end":{"line":61,"column":7}}]},"8":{"loc":{"start":{"line":63,"column":6},"end":{"line":65,"column":7}},"type":"if","locations":[{"start":{"line":63,"column":6},"end":{"line":65,"column":7}}]},"9":{"loc":{"start":{"line":67,"column":6},"end":{"line":69,"column":7}},"type":"if","locations":[{"start":{"line":67,"column":6},"end":{"line":69,"column":7}}]},"10":{"loc":{"start":{"line":71,"column":6},"end":{"line":73,"column":7}},"type":"if","locations":[{"start":{"line":71,"column":6},"end":{"line":73,"column":7}}]}},"s":{"0":4,"1":22,"2":22,"3":22,"4":22,"5":22,"6":1,"7":21,"8":7,"9":1,"10":1,"11":1,"12":1,"13":15,"14":15,"15":14,"16":15,"17":13,"18":15,"19":3,"20":15,"21":1,"22":15,"23":4},"f":{"0":22,"1":7,"2":1,"3":1,"4":1,"5":1,"6":15},"b":{"0":[22,8],"1":[22,8],"2":[22,16],"3":[22,18],"4":[1],"5":[22,8,4,2],"6":[21,17],"7":[14],"8":[13],"9":[3],"10":[1]}}
,"/home/devmatias/documents/pos-fiap/easyOrder-challenge4-app-core/src/easyorder/Core/Entity/PedidoEntity.ts": {"path":"/home/devmatias/documents/pos-fiap/easyOrder-challenge4-app-core/src/easyorder/Core/Entity/PedidoEntity.ts","statementMap":{"0":{"start":{"line":1,"column":0},"end":{"line":1,"column":36}},"1":{"start":{"line":3,"column":0},"end":{"line":3,"column":72}},"2":{"start":{"line":4,"column":0},"end":{"line":4,"column":null}},"3":{"start":{"line":15,"column":10},"end":{"line":15,"column":43}},"4":{"start":{"line":25,"column":4},"end":{"line":30,"column":5}},"5":{"start":{"line":26,"column":6},"end":{"line":26,"column":20}},"6":{"start":{"line":27,"column":6},"end":{"line":27,"column":30}},"7":{"start":{"line":28,"column":6},"end":{"line":28,"column":77}},"8":{"start":{"line":29,"column":6},"end":{"line":29,"column":53}},"9":{"start":{"line":32,"column":4},"end":{"line":36,"column":5}},"10":{"start":{"line":33,"column":6},"end":{"line":35,"column":8}},"11":{"start":{"line":38,"column":4},"end":{"line":40,"column":5}},"12":{"start":{"line":39,"column":6},"end":{"line":39,"column":69}},"13":{"start":{"line":42,"column":4},"end":{"line":44,"column":5}},"14":{"start":{"line":43,"column":6},"end":{"line":43,"column":78}},"15":{"start":{"line":46,"column":4},"end":{"line":50,"column":5}},"16":{"start":{"line":47,"column":6},"end":{"line":49,"column":8}},"17":{"start":{"line":52,"column":4},"end":{"line":52,"column":33}},"18":{"start":{"line":53,"column":4},"end":{"line":53,"column":31}},"19":{"start":{"line":54,"column":4},"end":{"line":54,"column":37}},"20":{"start":{"line":55,"column":4},"end":{"line":55,"column":43}},"21":{"start":{"line":56,"column":4},"end":{"line":56,"column":17}},"22":{"start":{"line":58,"column":4},"end":{"line":58,"column":31}},"23":{"start":{"line":62,"column":4},"end":{"line":62,"column":19}},"24":{"start":{"line":66,"column":4},"end":{"line":66,"column":27}},"25":{"start":{"line":70,"column":4},"end":{"line":70,"column":26}},"26":{"start":{"line":74,"column":4},"end":{"line":74,"column":29}},"27":{"start":{"line":78,"column":4},"end":{"line":80,"column":5}},"28":{"start":{"line":79,"column":6},"end":{"line":79,"column":56}},"29":{"start":{"line":82,"column":4},"end":{"line":91,"column":5}},"30":{"start":{"line":83,"column":31},"end":{"line":86,"column":8}},"31":{"start":{"line":88,"column":6},"end":{"line":90,"column":7}},"32":{"start":{"line":89,"column":8},"end":{"line":89,"column":69}},"33":{"start":{"line":93,"column":4},"end":{"line":104,"column":5}},"34":{"start":{"line":95,"column":6},"end":{"line":99,"column":7}},"35":{"start":{"line":96,"column":8},"end":{"line":98,"column":10}},"36":{"start":{"line":101,"column":6},"end":{"line":103,"column":7}},"37":{"start":{"line":102,"column":8},"end":{"line":102,"column":78}},"38":{"start":{"line":106,"column":4},"end":{"line":112,"column":5}},"39":{"start":{"line":107,"column":6},"end":{"line":111,"column":7}},"40":{"start":{"line":110,"column":8},"end":{"line":110,"column":66}},"41":{"start":{"line":114,"column":4},"end":{"line":118,"column":5}},"42":{"start":{"line":115,"column":6},"end":{"line":117,"column":7}},"43":{"start":{"line":116,"column":8},"end":{"line":116,"column":77}},"44":{"start":{"line":120,"column":4},"end":{"line":126,"column":5}},"45":{"start":{"line":121,"column":6},"end":{"line":125,"column":7}},"46":{"start":{"line":122,"column":8},"end":{"line":124,"column":10}},"47":{"start":{"line":128,"column":4},"end":{"line":132,"column":5}},"48":{"start":{"line":129,"column":6},"end":{"line":131,"column":7}},"49":{"start":{"line":130,"column":8},"end":{"line":130,"column":64}},"50":{"start":{"line":134,"column":4},"end":{"line":134,"column":31}},"51":{"start":{"line":138,"column":4},"end":{"line":138,"column":32}},"52":{"start":{"line":142,"column":4},"end":{"line":144,"column":5}},"53":{"start":{"line":143,"column":6},"end":{"line":143,"column":59}},"54":{"start":{"line":146,"column":4},"end":{"line":152,"column":5}},"55":{"start":{"line":147,"column":6},"end":{"line":151,"column":7}},"56":{"start":{"line":148,"column":8},"end":{"line":150,"column":10}},"57":{"start":{"line":154,"column":4},"end":{"line":160,"column":5}},"58":{"start":{"line":155,"column":6},"end":{"line":159,"column":7}},"59":{"start":{"line":156,"column":8},"end":{"line":158,"column":10}},"60":{"start":{"line":162,"column":4},"end":{"line":162,"column":38}},"61":{"start":{"line":166,"column":4},"end":{"line":166,"column":23}},"62":{"start":{"line":171,"column":4},"end":{"line":175,"column":5}},"63":{"start":{"line":172,"column":6},"end":{"line":174,"column":8}},"64":{"start":{"line":177,"column":4},"end":{"line":179,"column":5}},"65":{"start":{"line":178,"column":6},"end":{"line":178,"column":47}},"66":{"start":{"line":181,"column":4},"end":{"line":183,"column":7}},"67":{"start":{"line":182,"column":6},"end":{"line":182,"column":30}},"68":{"start":{"line":185,"column":4},"end":{"line":185,"column":16}},"69":{"start":{"line":190,"column":4},"end":{"line":194,"column":5}},"70":{"start":{"line":191,"column":6},"end":{"line":193,"column":8}},"71":{"start":{"line":196,"column":4},"end":{"line":198,"column":5}},"72":{"start":{"line":197,"column":6},"end":{"line":197,"column":45}},"73":{"start":{"line":200,"column":18},"end":{"line":200,"column":77}},"74":{"start":{"line":200,"column":51},"end":{"line":200,"column":76}},"75":{"start":{"line":202,"column":4},"end":{"line":204,"column":5}},"76":{"start":{"line":203,"column":6},"end":{"line":203,"column":46}},"77":{"start":{"line":206,"column":4},"end":{"line":206,"column":33}},"78":{"start":{"line":208,"column":4},"end":{"line":208,"column":16}},"79":{"start":{"line":212,"column":21},"end":{"line":212,"column":22}},"80":{"start":{"line":214,"column":4},"end":{"line":218,"column":5}},"81":{"start":{"line":215,"column":6},"end":{"line":217,"column":9}},"82":{"start":{"line":216,"column":8},"end":{"line":216,"column":44}},"83":{"start":{"line":220,"column":4},"end":{"line":220,"column":22}},"84":{"start":{"line":9,"column":0},"end":{"line":9,"column":13}}},"fnMap":{"0":{"name":"(anonymous_0)","decl":{"start":{"line":17,"column":2},"end":{"line":17,"column":null}},"loc":{"start":{"line":23,"column":32},"end":{"line":59,"column":3}}},"1":{"name":"(anonymous_1)","decl":{"start":{"line":61,"column":9},"end":{"line":61,"column":14}},"loc":{"start":{"line":61,"column":14},"end":{"line":63,"column":3}}},"2":{"name":"(anonymous_2)","decl":{"start":{"line":65,"column":9},"end":{"line":65,"column":22}},"loc":{"start":{"line":65,"column":22},"end":{"line":67,"column":3}}},"3":{"name":"(anonymous_3)","decl":{"start":{"line":69,"column":9},"end":{"line":69,"column":21}},"loc":{"start":{"line":69,"column":21},"end":{"line":71,"column":3}}},"4":{"name":"(anonymous_4)","decl":{"start":{"line":73,"column":9},"end":{"line":73,"column":24}},"loc":{"start":{"line":73,"column":24},"end":{"line":75,"column":3}}},"5":{"name":"(anonymous_5)","decl":{"start":{"line":77,"column":9},"end":{"line":77,"column":24}},"loc":{"start":{"line":77,"column":56},"end":{"line":135,"column":3}}},"6":{"name":"(anonymous_6)","decl":{"start":{"line":137,"column":9},"end":{"line":137,"column":27}},"loc":{"start":{"line":137,"column":27},"end":{"line":139,"column":3}}},"7":{"name":"(anonymous_7)","decl":{"start":{"line":141,"column":9},"end":{"line":141,"column":27}},"loc":{"start":{"line":141,"column":59},"end":{"line":163,"column":3}}},"8":{"name":"(anonymous_8)","decl":{"start":{"line":165,"column":9},"end":{"line":165,"column":18}},"loc":{"start":{"line":165,"column":18},"end":{"line":167,"column":3}}},"9":{"name":"(anonymous_9)","decl":{"start":{"line":169,"column":9},"end":{"line":169,"column":24}},"loc":{"start":{"line":169,"column":52},"end":{"line":186,"column":3}}},"10":{"name":"(anonymous_10)","decl":{"start":{"line":181,"column":19},"end":{"line":181,"column":20}},"loc":{"start":{"line":181,"column":29},"end":{"line":183,"column":5}}},"11":{"name":"(anonymous_11)","decl":{"start":{"line":188,"column":9},"end":{"line":188,"column":21}},"loc":{"start":{"line":188,"column":37},"end":{"line":209,"column":3}}},"12":{"name":"(anonymous_12)","decl":{"start":{"line":200,"column":40},"end":{"line":200,"column":41}},"loc":{"start":{"line":200,"column":51},"end":{"line":200,"column":76}}},"13":{"name":"(anonymous_13)","decl":{"start":{"line":211,"column":9},"end":{"line":211,"column":22}},"loc":{"start":{"line":211,"column":22},"end":{"line":221,"column":3}}},"14":{"name":"(anonymous_14)","decl":{"start":{"line":215,"column":26},"end":{"line":215,"column":27}},"loc":{"start":{"line":215,"column":36},"end":{"line":217,"column":7}}}},"branchMap":{"0":{"loc":{"start":{"line":25,"column":4},"end":{"line":30,"column":5}},"type":"if","locations":[{"start":{"line":25,"column":4},"end":{"line":30,"column":5}}]},"1":{"loc":{"start":{"line":32,"column":4},"end":{"line":36,"column":5}},"type":"if","locations":[{"start":{"line":32,"column":4},"end":{"line":36,"column":5}}]},"2":{"loc":{"start":{"line":32,"column":8},"end":{"line":32,"column":59}},"type":"binary-expr","locations":[{"start":{"line":32,"column":8},"end":{"line":32,"column":19}},{"start":{"line":32,"column":23},"end":{"line":32,"column":59}}]},"3":{"loc":{"start":{"line":38,"column":4},"end":{"line":40,"column":5}},"type":"if","locations":[{"start":{"line":38,"column":4},"end":{"line":40,"column":5}}]},"4":{"loc":{"start":{"line":42,"column":4},"end":{"line":44,"column":5}},"type":"if","locations":[{"start":{"line":42,"column":4},"end":{"line":44,"column":5}}]},"5":{"loc":{"start":{"line":46,"column":4},"end":{"line":50,"column":5}},"type":"if","locations":[{"start":{"line":46,"column":4},"end":{"line":50,"column":5}}]},"6":{"loc":{"start":{"line":58,"column":18},"end":{"line":58,"column":30}},"type":"binary-expr","locations":[{"start":{"line":58,"column":18},"end":{"line":58,"column":24}},{"start":{"line":58,"column":28},"end":{"line":58,"column":30}}]},"7":{"loc":{"start":{"line":78,"column":4},"end":{"line":80,"column":5}},"type":"if","locations":[{"start":{"line":78,"column":4},"end":{"line":80,"column":5}}]},"8":{"loc":{"start":{"line":82,"column":4},"end":{"line":91,"column":5}},"type":"if","locations":[{"start":{"line":82,"column":4},"end":{"line":91,"column":5}}]},"9":{"loc":{"start":{"line":88,"column":6},"end":{"line":90,"column":7}},"type":"if","locations":[{"start":{"line":88,"column":6},"end":{"line":90,"column":7}}]},"10":{"loc":{"start":{"line":93,"column":4},"end":{"line":104,"column":5}},"type":"if","locations":[{"start":{"line":93,"column":4},"end":{"line":104,"column":5}}]},"11":{"loc":{"start":{"line":95,"column":6},"end":{"line":99,"column":7}},"type":"if","locations":[{"start":{"line":95,"column":6},"end":{"line":99,"column":7}}]},"12":{"loc":{"start":{"line":101,"column":6},"end":{"line":103,"column":7}},"type":"if","locations":[{"start":{"line":101,"column":6},"end":{"line":103,"column":7}}]},"13":{"loc":{"start":{"line":106,"column":4},"end":{"line":112,"column":5}},"type":"if","locations":[{"start":{"line":106,"column":4},"end":{"line":112,"column":5}}]},"14":{"loc":{"start":{"line":107,"column":6},"end":{"line":111,"column":7}},"type":"if","locations":[{"start":{"line":107,"column":6},"end":{"line":111,"column":7}}]},"15":{"loc":{"start":{"line":114,"column":4},"end":{"line":118,"column":5}},"type":"if","locations":[{"start":{"line":114,"column":4},"end":{"line":118,"column":5}}]},"16":{"loc":{"start":{"line":115,"column":6},"end":{"line":117,"column":7}},"type":"if","locations":[{"start":{"line":115,"column":6},"end":{"line":117,"column":7}}]},"17":{"loc":{"start":{"line":120,"column":4},"end":{"line":126,"column":5}},"type":"if","locations":[{"start":{"line":120,"column":4},"end":{"line":126,"column":5}}]},"18":{"loc":{"start":{"line":121,"column":6},"end":{"line":125,"column":7}},"type":"if","locations":[{"start":{"line":121,"column":6},"end":{"line":125,"column":7}}]},"19":{"loc":{"start":{"line":128,"column":4},"end":{"line":132,"column":5}},"type":"if","locations":[{"start":{"line":128,"column":4},"end":{"line":132,"column":5}}]},"20":{"loc":{"start":{"line":129,"column":6},"end":{"line":131,"column":7}},"type":"if","locations":[{"start":{"line":129,"column":6},"end":{"line":131,"column":7}}]},"21":{"loc":{"start":{"line":142,"column":4},"end":{"line":144,"column":5}},"type":"if","locations":[{"start":{"line":142,"column":4},"end":{"line":144,"column":5}}]},"22":{"loc":{"start":{"line":146,"column":4},"end":{"line":152,"column":5}},"type":"if","locations":[{"start":{"line":146,"column":4},"end":{"line":152,"column":5}}]},"23":{"loc":{"start":{"line":147,"column":6},"end":{"line":151,"column":7}},"type":"if","locations":[{"start":{"line":147,"column":6},"end":{"line":151,"column":7}}]},"24":{"loc":{"start":{"line":154,"column":4},"end":{"line":160,"column":5}},"type":"if","locations":[{"start":{"line":154,"column":4},"end":{"line":160,"column":5}}]},"25":{"loc":{"start":{"line":155,"column":6},"end":{"line":159,"column":7}},"type":"if","locations":[{"start":{"line":155,"column":6},"end":{"line":159,"column":7}}]},"26":{"loc":{"start":{"line":171,"column":4},"end":{"line":175,"column":5}},"type":"if","locations":[{"start":{"line":171,"column":4},"end":{"line":175,"column":5}}]},"27":{"loc":{"start":{"line":177,"column":4},"end":{"line":179,"column":5}},"type":"if","locations":[{"start":{"line":177,"column":4},"end":{"line":179,"column":5}}]},"28":{"loc":{"start":{"line":190,"column":4},"end":{"line":194,"column":5}},"type":"if","locations":[{"start":{"line":190,"column":4},"end":{"line":194,"column":5}}]},"29":{"loc":{"start":{"line":196,"column":4},"end":{"line":198,"column":5}},"type":"if","locations":[{"start":{"line":196,"column":4},"end":{"line":198,"column":5}}]},"30":{"loc":{"start":{"line":202,"column":4},"end":{"line":204,"column":5}},"type":"if","locations":[{"start":{"line":202,"column":4},"end":{"line":204,"column":5}}]},"31":{"loc":{"start":{"line":214,"column":4},"end":{"line":218,"column":5}},"type":"if","locations":[{"start":{"line":214,"column":4},"end":{"line":218,"column":5}}]},"32":{"loc":{"start":{"line":214,"column":8},"end":{"line":214,"column":45}},"type":"binary-expr","locations":[{"start":{"line":214,"column":8},"end":{"line":214,"column":19}},{"start":{"line":214,"column":23},"end":{"line":214,"column":45}}]}},"s":{"0":5,"1":5,"2":5,"3":77,"4":77,"5":33,"6":33,"7":33,"8":33,"9":77,"10":0,"11":77,"12":1,"13":76,"14":0,"15":76,"16":0,"17":76,"18":76,"19":76,"20":76,"21":76,"22":76,"23":19,"24":8,"25":8,"26":24,"27":34,"28":0,"29":34,"30":7,"31":7,"32":1,"33":33,"34":9,"35":1,"36":8,"37":1,"38":31,"39":5,"40":1,"41":30,"42":3,"43":1,"44":29,"45":3,"46":1,"47":28,"48":3,"49":1,"50":27,"51":12,"52":7,"53":0,"54":7,"55":5,"56":0,"57":7,"58":2,"59":1,"60":6,"61":10,"62":19,"63":1,"64":18,"65":0,"66":18,"67":19,"68":18,"69":4,"70":1,"71":3,"72":0,"73":3,"74":3,"75":3,"76":0,"77":3,"78":3,"79":19,"80":19,"81":12,"82":13,"83":19,"84":5},"f":{"0":77,"1":19,"2":8,"3":8,"4":24,"5":34,"6":12,"7":7,"8":10,"9":19,"10":19,"11":4,"12":3,"13":19,"14":13},"b":{"0":[33],"1":[0],"2":[77,77],"3":[1],"4":[0],"5":[0],"6":[76,39],"7":[0],"8":[7],"9":[1],"10":[9],"11":[1],"12":[1],"13":[5],"14":[1],"15":[3],"16":[1],"17":[3],"18":[1],"19":[3],"20":[1],"21":[0],"22":[5],"23":[0],"24":[2],"25":[1],"26":[1],"27":[0],"28":[1],"29":[0],"30":[0],"31":[12],"32":[19,19]}}
,"/home/devmatias/documents/pos-fiap/easyOrder-challenge4-app-core/src/easyorder/Core/Entity/ProdutoEntity.ts": {"path":"/home/devmatias/documents/pos-fiap/easyOrder-challenge4-app-core/src/easyorder/Core/Entity/ProdutoEntity.ts","statementMap":{"0":{"start":{"line":1,"column":0},"end":{"line":1,"column":36}},"1":{"start":{"line":20,"column":4},"end":{"line":20,"column":21}},"2":{"start":{"line":21,"column":4},"end":{"line":21,"column":31}},"3":{"start":{"line":22,"column":4},"end":{"line":22,"column":23}},"4":{"start":{"line":23,"column":4},"end":{"line":23,"column":31}},"5":{"start":{"line":24,"column":4},"end":{"line":24,"column":31}},"6":{"start":{"line":25,"column":4},"end":{"line":27,"column":5}},"7":{"start":{"line":26,"column":6},"end":{"line":26,"column":20}},"8":{"start":{"line":28,"column":4},"end":{"line":28,"column":17}},"9":{"start":{"line":31,"column":4},"end":{"line":31,"column":19}},"10":{"start":{"line":34,"column":4},"end":{"line":34,"column":21}},"11":{"start":{"line":37,"column":4},"end":{"line":37,"column":26}},"12":{"start":{"line":40,"column":4},"end":{"line":40,"column":22}},"13":{"start":{"line":43,"column":4},"end":{"line":43,"column":26}},"14":{"start":{"line":46,"column":4},"end":{"line":46,"column":26}},"15":{"start":{"line":4,"column":0},"end":{"line":4,"column":13}}},"fnMap":{"0":{"name":"(anonymous_0)","decl":{"start":{"line":12,"column":2},"end":{"line":12,"column":null}},"loc":{"start":{"line":18,"column":15},"end":{"line":29,"column":3}}},"1":{"name":"(anonymous_1)","decl":{"start":{"line":30,"column":9},"end":{"line":30,"column":14}},"loc":{"start":{"line":30,"column":14},"end":{"line":32,"column":3}}},"2":{"name":"(anonymous_2)","decl":{"start":{"line":33,"column":9},"end":{"line":33,"column":16}},"loc":{"start":{"line":33,"column":16},"end":{"line":35,"column":3}}},"3":{"name":"(anonymous_3)","decl":{"start":{"line":36,"column":9},"end":{"line":36,"column":21}},"loc":{"start":{"line":36,"column":21},"end":{"line":38,"column":3}}},"4":{"name":"(anonymous_4)","decl":{"start":{"line":39,"column":9},"end":{"line":39,"column":17}},"loc":{"start":{"line":39,"column":17},"end":{"line":41,"column":3}}},"5":{"name":"(anonymous_5)","decl":{"start":{"line":42,"column":9},"end":{"line":42,"column":21}},"loc":{"start":{"line":42,"column":21},"end":{"line":44,"column":3}}},"6":{"name":"(anonymous_6)","decl":{"start":{"line":45,"column":9},"end":{"line":45,"column":21}},"loc":{"start":{"line":45,"column":21},"end":{"line":47,"column":3}}}},"branchMap":{"0":{"loc":{"start":{"line":25,"column":4},"end":{"line":27,"column":5}},"type":"if","locations":[{"start":{"line":25,"column":4},"end":{"line":27,"column":5}}]}},"s":{"0":4,"1":69,"2":69,"3":69,"4":69,"5":69,"6":69,"7":9,"8":69,"9":2,"10":1,"11":1,"12":32,"13":1,"14":13,"15":4},"f":{"0":69,"1":2,"2":1,"3":1,"4":32,"5":1,"6":13},"b":{"0":[9]}}
,"/home/devmatias/documents/pos-fiap/easyOrder-challenge4-app-core/src/easyorder/Core/Entity/TransactionEntity.ts": {"path":"/home/devmatias/documents/pos-fiap/easyOrder-challenge4-app-core/src/easyorder/Core/Entity/TransactionEntity.ts","statementMap":{"0":{"start":{"line":1,"column":0},"end":{"line":1,"column":36}},"1":{"start":{"line":2,"column":0},"end":{"line":2,"column":null}},"2":{"start":{"line":27,"column":4},"end":{"line":29,"column":5}},"3":{"start":{"line":28,"column":6},"end":{"line":28,"column":49}},"4":{"start":{"line":30,"column":4},"end":{"line":34,"column":5}},"5":{"start":{"line":31,"column":6},"end":{"line":33,"column":8}},"6":{"start":{"line":35,"column":4},"end":{"line":62,"column":5}},"7":{"start":{"line":36,"column":6},"end":{"line":36,"column":31}},"8":{"start":{"line":37,"column":6},"end":{"line":37,"column":43}},"9":{"start":{"line":39,"column":6},"end":{"line":40,"column":39}},"10":{"start":{"line":39,"column":37},"end":{"line":39,"column":68}},"11":{"start":{"line":40,"column":11},"end":{"line":40,"column":39}},"12":{"start":{"line":42,"column":6},"end":{"line":44,"column":50}},"13":{"start":{"line":43,"column":8},"end":{"line":43,"column":57}},"14":{"start":{"line":44,"column":11},"end":{"line":44,"column":50}},"15":{"start":{"line":46,"column":6},"end":{"line":50,"column":10}},"16":{"start":{"line":46,"column":41},"end":{"line":46,"column":80}},"17":{"start":{"line":48,"column":8},"end":{"line":50,"column":10}},"18":{"start":{"line":52,"column":6},"end":{"line":53,"column":30}},"19":{"start":{"line":52,"column":33},"end":{"line":52,"column":58}},"20":{"start":{"line":53,"column":11},"end":{"line":53,"column":30}},"21":{"start":{"line":55,"column":6},"end":{"line":56,"column":32}},"22":{"start":{"line":55,"column":35},"end":{"line":55,"column":64}},"23":{"start":{"line":56,"column":11},"end":{"line":56,"column":32}},"24":{"start":{"line":58,"column":6},"end":{"line":59,"column":32}},"25":{"start":{"line":58,"column":35},"end":{"line":58,"column":64}},"26":{"start":{"line":59,"column":11},"end":{"line":59,"column":32}},"27":{"start":{"line":61,"column":6},"end":{"line":61,"column":74}},"28":{"start":{"line":66,"column":4},"end":{"line":66,"column":28}},"29":{"start":{"line":70,"column":4},"end":{"line":70,"column":25}},"30":{"start":{"line":74,"column":4},"end":{"line":74,"column":37}},"31":{"start":{"line":78,"column":4},"end":{"line":80,"column":5}},"32":{"start":{"line":79,"column":6},"end":{"line":79,"column":59}},"33":{"start":{"line":81,"column":4},"end":{"line":85,"column":5}},"34":{"start":{"line":82,"column":6},"end":{"line":84,"column":8}},"35":{"start":{"line":86,"column":4},"end":{"line":93,"column":5}},"36":{"start":{"line":87,"column":6},"end":{"line":92,"column":10}},"37":{"start":{"line":88,"column":8},"end":{"line":88,"column":42}},"38":{"start":{"line":90,"column":8},"end":{"line":92,"column":10}},"39":{"start":{"line":94,"column":4},"end":{"line":101,"column":5}},"40":{"start":{"line":95,"column":6},"end":{"line":100,"column":78}},"41":{"start":{"line":98,"column":8},"end":{"line":98,"column":42}},"42":{"start":{"line":100,"column":8},"end":{"line":100,"column":78}},"43":{"start":{"line":102,"column":4},"end":{"line":109,"column":5}},"44":{"start":{"line":103,"column":6},"end":{"line":108,"column":80}},"45":{"start":{"line":106,"column":8},"end":{"line":106,"column":42}},"46":{"start":{"line":108,"column":8},"end":{"line":108,"column":80}},"47":{"start":{"line":110,"column":4},"end":{"line":110,"column":38}},"48":{"start":{"line":114,"column":4},"end":{"line":114,"column":43}},"49":{"start":{"line":118,"column":4},"end":{"line":118,"column":31}},"50":{"start":{"line":122,"column":4},"end":{"line":122,"column":29}},"51":{"start":{"line":126,"column":4},"end":{"line":126,"column":25}},"52":{"start":{"line":130,"column":4},"end":{"line":130,"column":33}},"53":{"start":{"line":134,"column":4},"end":{"line":134,"column":27}},"54":{"start":{"line":138,"column":4},"end":{"line":138,"column":33}},"55":{"start":{"line":142,"column":4},"end":{"line":142,"column":27}},"56":{"start":{"line":7,"column":0},"end":{"line":7,"column":13}}},"fnMap":{"0":{"name":"(anonymous_0)","decl":{"start":{"line":17,"column":2},"end":{"line":17,"column":null}},"loc":{"start":{"line":25,"column":23},"end":{"line":63,"column":3}}},"1":{"name":"(anonymous_1)","decl":{"start":{"line":65,"column":9},"end":{"line":65,"column":23}},"loc":{"start":{"line":65,"column":23},"end":{"line":67,"column":3}}},"2":{"name":"(anonymous_2)","decl":{"start":{"line":69,"column":9},"end":{"line":69,"column":20}},"loc":{"start":{"line":69,"column":20},"end":{"line":71,"column":3}}},"3":{"name":"(anonymous_3)","decl":{"start":{"line":73,"column":9},"end":{"line":73,"column":32}},"loc":{"start":{"line":73,"column":32},"end":{"line":75,"column":3}}},"4":{"name":"(anonymous_4)","decl":{"start":{"line":77,"column":9},"end":{"line":77,"column":27}},"loc":{"start":{"line":77,"column":66},"end":{"line":111,"column":3}}},"5":{"name":"(anonymous_5)","decl":{"start":{"line":113,"column":9},"end":{"line":113,"column":27}},"loc":{"start":{"line":113,"column":27},"end":{"line":115,"column":3}}},"6":{"name":"(anonymous_6)","decl":{"start":{"line":117,"column":9},"end":{"line":117,"column":26}},"loc":{"start":{"line":117,"column":26},"end":{"line":119,"column":3}}},"7":{"name":"(anonymous_7)","decl":{"start":{"line":121,"column":9},"end":{"line":121,"column":20}},"loc":{"start":{"line":121,"column":37},"end":{"line":123,"column":3}}},"8":{"name":"(anonymous_8)","decl":{"start":{"line":125,"column":9},"end":{"line":125,"column":20}},"loc":{"start":{"line":125,"column":20},"end":{"line":127,"column":3}}},"9":{"name":"(anonymous_9)","decl":{"start":{"line":129,"column":9},"end":{"line":129,"column":22}},"loc":{"start":{"line":129,"column":41},"end":{"line":131,"column":3}}},"10":{"name":"(anonymous_10)","decl":{"start":{"line":133,"column":9},"end":{"line":133,"column":22}},"loc":{"start":{"line":133,"column":22},"end":{"line":135,"column":3}}},"11":{"name":"(anonymous_11)","decl":{"start":{"line":137,"column":9},"end":{"line":137,"column":22}},"loc":{"start":{"line":137,"column":41},"end":{"line":139,"column":3}}},"12":{"name":"(anonymous_12)","decl":{"start":{"line":141,"column":9},"end":{"line":141,"column":22}},"loc":{"start":{"line":141,"column":22},"end":{"line":143,"column":3}}}},"branchMap":{"0":{"loc":{"start":{"line":27,"column":4},"end":{"line":29,"column":5}},"type":"if","locations":[{"start":{"line":27,"column":4},"end":{"line":29,"column":5}}]},"1":{"loc":{"start":{"line":30,"column":4},"end":{"line":34,"column":5}},"type":"if","locations":[{"start":{"line":30,"column":4},"end":{"line":34,"column":5}}]},"2":{"loc":{"start":{"line":30,"column":8},"end":{"line":30,"column":59}},"type":"binary-expr","locations":[{"start":{"line":30,"column":8},"end":{"line":30,"column":36}},{"start":{"line":30,"column":40},"end":{"line":30,"column":59}}]},"3":{"loc":{"start":{"line":39,"column":6},"end":{"line":40,"column":39}},"type":"if","locations":[{"start":{"line":39,"column":6},"end":{"line":40,"column":39}},{"start":{"line":40,"column":11},"end":{"line":40,"column":39}}]},"4":{"loc":{"start":{"line":42,"column":6},"end":{"line":44,"column":50}},"type":"if","locations":[{"start":{"line":42,"column":6},"end":{"line":44,"column":50}},{"start":{"line":44,"column":11},"end":{"line":44,"column":50}}]},"5":{"loc":{"start":{"line":46,"column":6},"end":{"line":50,"column":10}},"type":"if","locations":[{"start":{"line":46,"column":6},"end":{"line":50,"column":10}},{"start":{"line":48,"column":8},"end":{"line":50,"column":10}}]},"6":{"loc":{"start":{"line":52,"column":6},"end":{"line":53,"column":30}},"type":"if","locations":[{"start":{"line":52,"column":6},"end":{"line":53,"column":30}},{"start":{"line":53,"column":11},"end":{"line":53,"column":30}}]},"7":{"loc":{"start":{"line":55,"column":6},"end":{"line":56,"column":32}},"type":"if","locations":[{"start":{"line":55,"column":6},"end":{"line":56,"column":32}},{"start":{"line":56,"column":11},"end":{"line":56,"column":32}}]},"8":{"loc":{"start":{"line":58,"column":6},"end":{"line":59,"column":32}},"type":"if","locations":[{"start":{"line":58,"column":6},"end":{"line":59,"column":32}},{"start":{"line":59,"column":11},"end":{"line":59,"column":32}}]},"9":{"loc":{"start":{"line":78,"column":4},"end":{"line":80,"column":5}},"type":"if","locations":[{"start":{"line":78,"column":4},"end":{"line":80,"column":5}}]},"10":{"loc":{"start":{"line":81,"column":4},"end":{"line":85,"column":5}},"type":"if","locations":[{"start":{"line":81,"column":4},"end":{"line":85,"column":5}}]},"11":{"loc":{"start":{"line":86,"column":4},"end":{"line":93,"column":5}},"type":"if","locations":[{"start":{"line":86,"column":4},"end":{"line":93,"column":5}}]},"12":{"loc":{"start":{"line":87,"column":6},"end":{"line":92,"column":10}},"type":"if","locations":[{"start":{"line":87,"column":6},"end":{"line":92,"column":10}},{"start":{"line":90,"column":8},"end":{"line":92,"column":10}}]},"13":{"loc":{"start":{"line":94,"column":4},"end":{"line":101,"column":5}},"type":"if","locations":[{"start":{"line":94,"column":4},"end":{"line":101,"column":5}}]},"14":{"loc":{"start":{"line":95,"column":6},"end":{"line":100,"column":78}},"type":"if","locations":[{"start":{"line":95,"column":6},"end":{"line":100,"column":78}},{"start":{"line":100,"column":8},"end":{"line":100,"column":78}}]},"15":{"loc":{"start":{"line":102,"column":4},"end":{"line":109,"column":5}},"type":"if","locations":[{"start":{"line":102,"column":4},"end":{"line":109,"column":5}}]},"16":{"loc":{"start":{"line":103,"column":6},"end":{"line":108,"column":80}},"type":"if","locations":[{"start":{"line":103,"column":6},"end":{"line":108,"column":80}},{"start":{"line":108,"column":8},"end":{"line":108,"column":80}}]}},"s":{"0":4,"1":4,"2":27,"3":0,"4":27,"5":2,"6":25,"7":25,"8":25,"9":25,"10":6,"11":19,"12":25,"13":6,"14":19,"15":25,"16":6,"17":19,"18":25,"19":6,"20":19,"21":25,"22":6,"23":19,"24":25,"25":6,"26":19,"27":0,"28":5,"29":6,"30":2,"31":8,"32":0,"33":8,"34":1,"35":7,"36":1,"37":1,"38":0,"39":7,"40":4,"41":3,"42":1,"43":6,"44":2,"45":1,"46":1,"47":5,"48":13,"49":2,"50":1,"51":3,"52":3,"53":3,"54":1,"55":3,"56":4},"f":{"0":27,"1":5,"2":6,"3":2,"4":8,"5":13,"6":2,"7":1,"8":3,"9":3,"10":3,"11":1,"12":3},"b":{"0":[0],"1":[2],"2":[27,27],"3":[6,19],"4":[6,19],"5":[6,19],"6":[6,19],"7":[6,19],"8":[6,19],"9":[0],"10":[1],"11":[1],"12":[1,0],"13":[4],"14":[3,1],"15":[2],"16":[1,1]}}
,"/home/devmatias/documents/pos-fiap/easyOrder-challenge4-app-core/src/easyorder/Core/Entity/ValueObject/CategoriaEnum.ts": {"path":"/home/devmatias/documents/pos-fiap/easyOrder-challenge4-app-core/src/easyorder/Core/Entity/ValueObject/CategoriaEnum.ts","statementMap":{"0":{"start":{"line":1,"column":0},"end":{"line":1,"column":null}},"1":{"start":{"line":2,"column":2},"end":{"line":2,"column":null}},"2":{"start":{"line":3,"column":2},"end":{"line":3,"column":null}},"3":{"start":{"line":4,"column":2},"end":{"line":4,"column":null}},"4":{"start":{"line":5,"column":2},"end":{"line":5,"column":null}}},"fnMap":{"0":{"name":"(anonymous_0)","decl":{"start":{"line":1,"column":0},"end":{"line":1,"column":12}},"loc":{"start":{"line":1,"column":25},"end":{"line":6,"column":1}}}},"branchMap":{"0":{"loc":{"start":{"line":1,"column":12},"end":{"line":1,"column":null}},"type":"binary-expr","locations":[{"start":{"line":1,"column":12},"end":{"line":1,"column":25}},{"start":{"line":1,"column":25},"end":{"line":1,"column":null}}]}},"s":{"0":5,"1":5,"2":5,"3":5,"4":5},"f":{"0":5},"b":{"0":[5,5]}}
,"/home/devmatias/documents/pos-fiap/easyOrder-challenge4-app-core/src/easyorder/Core/Entity/ValueObject/RetornoPagamentoEnum.ts": {"path":"/home/devmatias/documents/pos-fiap/easyOrder-challenge4-app-core/src/easyorder/Core/Entity/ValueObject/RetornoPagamentoEnum.ts","statementMap":{"0":{"start":{"line":1,"column":0},"end":{"line":1,"column":null}},"1":{"start":{"line":2,"column":2},"end":{"line":2,"column":null}},"2":{"start":{"line":3,"column":2},"end":{"line":3,"column":null}},"3":{"start":{"line":4,"column":2},"end":{"line":4,"column":null}}},"fnMap":{"0":{"name":"(anonymous_0)","decl":{"start":{"line":1,"column":0},"end":{"line":1,"column":12}},"loc":{"start":{"line":1,"column":32},"end":{"line":5,"column":1}}}},"branchMap":{"0":{"loc":{"start":{"line":1,"column":12},"end":{"line":1,"column":null}},"type":"binary-expr","locations":[{"start":{"line":1,"column":12},"end":{"line":1,"column":32}},{"start":{"line":1,"column":32},"end":{"line":1,"column":null}}]}},"s":{"0":1,"1":1,"2":1,"3":1},"f":{"0":1},"b":{"0":[1,1]}}
,"/home/devmatias/documents/pos-fiap/easyOrder-challenge4-app-core/src/easyorder/Core/Entity/ValueObject/StatusPagamentoEnum.ts": {"path":"/home/devmatias/documents/pos-fiap/easyOrder-challenge4-app-core/src/easyorder/Core/Entity/ValueObject/StatusPagamentoEnum.ts","statementMap":{"0":{"start":{"line":1,"column":0},"end":{"line":1,"column":null}},"1":{"start":{"line":2,"column":2},"end":{"line":2,"column":null}},"2":{"start":{"line":3,"column":2},"end":{"line":3,"column":null}},"3":{"start":{"line":4,"column":2},"end":{"line":4,"column":null}}},"fnMap":{"0":{"name":"(anonymous_0)","decl":{"start":{"line":1,"column":0},"end":{"line":1,"column":12}},"loc":{"start":{"line":1,"column":31},"end":{"line":5,"column":1}}}},"branchMap":{"0":{"loc":{"start":{"line":1,"column":12},"end":{"line":1,"column":null}},"type":"binary-expr","locations":[{"start":{"line":1,"column":12},"end":{"line":1,"column":31}},{"start":{"line":1,"column":31},"end":{"line":1,"column":null}}]}},"s":{"0":5,"1":5,"2":5,"3":5},"f":{"0":5},"b":{"0":[5,5]}}
,"/home/devmatias/documents/pos-fiap/easyOrder-challenge4-app-core/src/easyorder/Core/Entity/ValueObject/StatusPedidoValueObject.ts": {"path":"/home/devmatias/documents/pos-fiap/easyOrder-challenge4-app-core/src/easyorder/Core/Entity/ValueObject/StatusPedidoValueObject.ts","statementMap":{"0":{"start":{"line":1,"column":0},"end":{"line":1,"column":null}},"1":{"start":{"line":2,"column":2},"end":{"line":2,"column":null}},"2":{"start":{"line":3,"column":2},"end":{"line":3,"column":null}},"3":{"start":{"line":4,"column":2},"end":{"line":4,"column":null}},"4":{"start":{"line":5,"column":2},"end":{"line":5,"column":null}},"5":{"start":{"line":6,"column":2},"end":{"line":6,"column":null}},"6":{"start":{"line":7,"column":2},"end":{"line":7,"column":null}},"7":{"start":{"line":8,"column":2},"end":{"line":8,"column":null}},"8":{"start":{"line":15,"column":4},"end":{"line":15,"column":23}},"9":{"start":{"line":19,"column":4},"end":{"line":19,"column":22}},"10":{"start":{"line":11,"column":0},"end":{"line":11,"column":13}}},"fnMap":{"0":{"name":"(anonymous_0)","decl":{"start":{"line":1,"column":0},"end":{"line":1,"column":12}},"loc":{"start":{"line":1,"column":28},"end":{"line":9,"column":1}}},"1":{"name":"(anonymous_1)","decl":{"start":{"line":14,"column":2},"end":{"line":14,"column":14}},"loc":{"start":{"line":14,"column":37},"end":{"line":16,"column":3}}},"2":{"name":"(anonymous_2)","decl":{"start":{"line":18,"column":2},"end":{"line":18,"column":10}},"loc":{"start":{"line":18,"column":10},"end":{"line":20,"column":3}}}},"branchMap":{"0":{"loc":{"start":{"line":1,"column":12},"end":{"line":1,"column":null}},"type":"binary-expr","locations":[{"start":{"line":1,"column":12},"end":{"line":1,"column":28}},{"start":{"line":1,"column":28},"end":{"line":1,"column":null}}]}},"s":{"0":5,"1":5,"2":5,"3":5,"4":5,"5":5,"6":5,"7":5,"8":117,"9":261,"10":5},"f":{"0":5,"1":117,"2":261},"b":{"0":[5,5]}}
,"/home/devmatias/documents/pos-fiap/easyOrder-challenge4-app-core/src/easyorder/Core/Entity/ValueObject/StatusTransacaoValueObject.ts": {"path":"/home/devmatias/documents/pos-fiap/easyOrder-challenge4-app-core/src/easyorder/Core/Entity/ValueObject/StatusTransacaoValueObject.ts","statementMap":{"0":{"start":{"line":1,"column":0},"end":{"line":1,"column":null}},"1":{"start":{"line":2,"column":2},"end":{"line":2,"column":null}},"2":{"start":{"line":3,"column":2},"end":{"line":3,"column":null}},"3":{"start":{"line":4,"column":2},"end":{"line":4,"column":null}},"4":{"start":{"line":5,"column":2},"end":{"line":5,"column":null}},"5":{"start":{"line":6,"column":2},"end":{"line":6,"column":null}},"6":{"start":{"line":13,"column":4},"end":{"line":13,"column":23}},"7":{"start":{"line":15,"column":4},"end":{"line":17,"column":5}},"8":{"start":{"line":16,"column":6},"end":{"line":16,"column":51}},"9":{"start":{"line":21,"column":4},"end":{"line":21,"column":22}},"10":{"start":{"line":9,"column":0},"end":{"line":9,"column":13}}},"fnMap":{"0":{"name":"(anonymous_0)","decl":{"start":{"line":1,"column":0},"end":{"line":1,"column":12}},"loc":{"start":{"line":1,"column":31},"end":{"line":7,"column":1}}},"1":{"name":"(anonymous_1)","decl":{"start":{"line":12,"column":2},"end":{"line":12,"column":14}},"loc":{"start":{"line":12,"column":40},"end":{"line":18,"column":3}}},"2":{"name":"(anonymous_2)","decl":{"start":{"line":20,"column":2},"end":{"line":20,"column":10}},"loc":{"start":{"line":20,"column":10},"end":{"line":22,"column":3}}}},"branchMap":{"0":{"loc":{"start":{"line":1,"column":12},"end":{"line":1,"column":null}},"type":"binary-expr","locations":[{"start":{"line":1,"column":12},"end":{"line":1,"column":31}},{"start":{"line":1,"column":31},"end":{"line":1,"column":null}}]},"1":{"loc":{"start":{"line":15,"column":4},"end":{"line":17,"column":5}},"type":"if","locations":[{"start":{"line":15,"column":4},"end":{"line":17,"column":5}}]}},"s":{"0":4,"1":4,"2":4,"3":4,"4":4,"5":4,"6":33,"7":33,"8":0,"9":48,"10":4},"f":{"0":4,"1":33,"2":48},"b":{"0":[4,4],"1":[0]}}
,"/home/devmatias/documents/pos-fiap/easyOrder-challenge4-app-core/src/easyorder/Core/Interfaces/Gateway/PedidoGatewayInterface.ts": {"path":"/home/devmatias/documents/pos-fiap/easyOrder-challenge4-app-core/src/easyorder/Core/Interfaces/Gateway/PedidoGatewayInterface.ts","statementMap":{"0":{"start":{"line":4,"column":0},"end":{"line":4,"column":null}},"1":{"start":{"line":5,"column":2},"end":{"line":5,"column":null}},"2":{"start":{"line":8,"column":0},"end":{"line":8,"column":null}},"3":{"start":{"line":9,"column":2},"end":{"line":9,"column":null}},"4":{"start":{"line":10,"column":2},"end":{"line":10,"column":null}},"5":{"start":{"line":14,"column":9},"end":{"line":14,"column":26}},"6":{"start":{"line":15,"column":9},"end":{"line":15,"column":28}},"7":{"start":{"line":16,"column":9},"end":{"line":17,"column":57}},"8":{"start":{"line":18,"column":9},"end":{"line":19,"column":51}},"9":{"start":{"line":13,"column":0},"end":{"line":13,"column":13}}},"fnMap":{"0":{"name":"(anonymous_0)","decl":{"start":{"line":4,"column":0},"end":{"line":4,"column":12}},"loc":{"start":{"line":4,"column":50},"end":{"line":6,"column":1}}},"1":{"name":"(anonymous_1)","decl":{"start":{"line":8,"column":0},"end":{"line":8,"column":12}},"loc":{"start":{"line":8,"column":54},"end":{"line":11,"column":1}}},"2":{"name":"(anonymous_2)","decl":{"start":{"line":13,"column":0},"end":{"line":13,"column":13}},"loc":{"start":{"line":13,"column":0},"end":{"line":20,"column":1}}}},"branchMap":{"0":{"loc":{"start":{"line":4,"column":12},"end":{"line":4,"column":null}},"type":"binary-expr","locations":[{"start":{"line":4,"column":12},"end":{"line":4,"column":50}},{"start":{"line":4,"column":50},"end":{"line":4,"column":null}}]},"1":{"loc":{"start":{"line":8,"column":12},"end":{"line":8,"column":null}},"type":"binary-expr","locations":[{"start":{"line":8,"column":12},"end":{"line":8,"column":54}},{"start":{"line":8,"column":54},"end":{"line":8,"column":null}}]}},"s":{"0":1,"1":1,"2":1,"3":1,"4":1,"5":0,"6":0,"7":0,"8":0,"9":1},"f":{"0":1,"1":1,"2":0},"b":{"0":[1,1],"1":[1,1]}}
,"/home/devmatias/documents/pos-fiap/easyOrder-challenge4-app-core/src/easyorder/Core/Types/ExceptionType.ts": {"path":"/home/devmatias/documents/pos-fiap/easyOrder-challenge4-app-core/src/easyorder/Core/Types/ExceptionType.ts","statementMap":{"0":{"start":{"line":3,"column":4},"end":{"line":3,"column":19}},"1":{"start":{"line":4,"column":4},"end":{"line":4,"column":38}},"2":{"start":{"line":5,"column":4},"end":{"line":5,"column":52}},"3":{"start":{"line":1,"column":0},"end":{"line":1,"column":13}},"4":{"start":{"line":11,"column":4},"end":{"line":11,"column":19}},"5":{"start":{"line":12,"column":4},"end":{"line":12,"column":38}},"6":{"start":{"line":13,"column":4},"end":{"line":13,"column":52}},"7":{"start":{"line":9,"column":0},"end":{"line":9,"column":13}},"8":{"start":{"line":19,"column":4},"end":{"line":19,"column":19}},"9":{"start":{"line":20,"column":4},"end":{"line":20,"column":38}},"10":{"start":{"line":21,"column":4},"end":{"line":21,"column":52}},"11":{"start":{"line":17,"column":0},"end":{"line":17,"column":13}}},"fnMap":{"0":{"name":"(anonymous_0)","decl":{"start":{"line":2,"column":2},"end":{"line":2,"column":14}},"loc":{"start":{"line":2,"column":48},"end":{"line":6,"column":3}}},"1":{"name":"(anonymous_1)","decl":{"start":{"line":10,"column":2},"end":{"line":10,"column":14}},"loc":{"start":{"line":10,"column":50},"end":{"line":14,"column":3}}},"2":{"name":"(anonymous_2)","decl":{"start":{"line":18,"column":2},"end":{"line":18,"column":14}},"loc":{"start":{"line":18,"column":50},"end":{"line":22,"column":3}}}},"branchMap":{"0":{"loc":{"start":{"line":2,"column":14},"end":{"line":2,"column":48}},"type":"default-arg","locations":[{"start":{"line":2,"column":32},"end":{"line":2,"column":48}}]},"1":{"loc":{"start":{"line":10,"column":14},"end":{"line":10,"column":50}},"type":"default-arg","locations":[{"start":{"line":10,"column":32},"end":{"line":10,"column":50}}]},"2":{"loc":{"start":{"line":18,"column":14},"end":{"line":18,"column":50}},"type":"default-arg","locations":[{"start":{"line":18,"column":32},"end":{"line":18,"column":50}}]}},"s":{"0":23,"1":23,"2":23,"3":3,"4":15,"5":15,"6":15,"7":3,"8":2,"9":2,"10":2,"11":3},"f":{"0":23,"1":15,"2":2},"b":{"0":[0],"1":[0],"2":[0]}}
,"/home/devmatias/documents/pos-fiap/easyOrder-challenge4-app-core/src/easyorder/Core/Usecase/PagamentoUsecases.ts": {"path":"/home/devmatias/documents/pos-fiap/easyOrder-challenge4-app-core/src/easyorder/Core/Usecase/PagamentoUsecases.ts","statementMap":{"0":{"start":{"line":2,"column":0},"end":{"line":2,"column":82}},"1":{"start":{"line":3,"column":0},"end":{"line":3,"column":80}},"2":{"start":{"line":4,"column":0},"end":{"line":4,"column":null}},"3":{"start":{"line":8,"column":0},"end":{"line":8,"column":null}},"4":{"start":{"line":25,"column":6},"end":{"line":25,"column":59}},"5":{"start":{"line":27,"column":24},"end":{"line":28,"column":null}},"6":{"start":{"line":30,"column":4},"end":{"line":32,"column":5}},"7":{"start":{"line":31,"column":6},"end":{"line":31,"column":77}},"8":{"start":{"line":33,"column":19},"end":{"line":34,"column":null}},"9":{"start":{"line":36,"column":4},"end":{"line":41,"column":5}},"10":{"start":{"line":37,"column":6},"end":{"line":40,"column":8}},"11":{"start":{"line":42,"column":4},"end":{"line":48,"column":5}},"12":{"start":{"line":47,"column":6},"end":{"line":47,"column":76}},"13":{"start":{"line":50,"column":4},"end":{"line":75,"column":5}},"14":{"start":{"line":51,"column":6},"end":{"line":53,"column":8}},"15":{"start":{"line":54,"column":6},"end":{"line":54,"column":57}},"16":{"start":{"line":56,"column":8},"end":{"line":58,"column":null}},"17":{"start":{"line":60,"column":6},"end":{"line":65,"column":7}},"18":{"start":{"line":61,"column":8},"end":{"line":64,"column":10}},"19":{"start":{"line":66,"column":6},"end":{"line":66,"column":58}},"20":{"start":{"line":67,"column":6},"end":{"line":69,"column":8}},"21":{"start":{"line":70,"column":6},"end":{"line":70,"column":47}},"22":{"start":{"line":71,"column":6},"end":{"line":74,"column":8}},"23":{"start":{"line":77,"column":4},"end":{"line":79,"column":5}},"24":{"start":{"line":78,"column":6},"end":{"line":78,"column":78}},"25":{"start":{"line":82,"column":4},"end":{"line":84,"column":6}},"26":{"start":{"line":85,"column":4},"end":{"line":85,"column":39}},"27":{"start":{"line":86,"column":27},"end":{"line":88,"column":null}},"28":{"start":{"line":90,"column":4},"end":{"line":92,"column":5}},"29":{"start":{"line":91,"column":6},"end":{"line":91,"column":79}},"30":{"start":{"line":93,"column":4},"end":{"line":93,"column":58}},"31":{"start":{"line":94,"column":4},"end":{"line":96,"column":6}},"32":{"start":{"line":97,"column":4},"end":{"line":97,"column":45}},"33":{"start":{"line":98,"column":4},"end":{"line":102,"column":6}},"34":{"start":{"line":113,"column":25},"end":{"line":114,"column":null}},"35":{"start":{"line":116,"column":4},"end":{"line":121,"column":5}},"36":{"start":{"line":117,"column":6},"end":{"line":120,"column":8}},"37":{"start":{"line":122,"column":4},"end":{"line":125,"column":6}},"38":{"start":{"line":17,"column":0},"end":{"line":17,"column":13}}},"fnMap":{"0":{"name":"(anonymous_0)","decl":{"start":{"line":18,"column":9},"end":{"line":18,"column":15}},"loc":{"start":{"line":22,"column":19},"end":{"line":103,"column":3}}},"1":{"name":"(anonymous_1)","decl":{"start":{"line":105,"column":9},"end":{"line":105,"column":15}},"loc":{"start":{"line":108,"column":20},"end":{"line":126,"column":3}}}},"branchMap":{"0":{"loc":{"start":{"line":30,"column":4},"end":{"line":32,"column":5}},"type":"if","locations":[{"start":{"line":30,"column":4},"end":{"line":32,"column":5}}]},"1":{"loc":{"start":{"line":36,"column":4},"end":{"line":41,"column":5}},"type":"if","locations":[{"start":{"line":36,"column":4},"end":{"line":41,"column":5}}]},"2":{"loc":{"start":{"line":36,"column":8},"end":{"line":36,"column":47}},"type":"binary-expr","locations":[{"start":{"line":36,"column":8},"end":{"line":36,"column":28}},{"start":{"line":36,"column":32},"end":{"line":36,"column":47}}]},"3":{"loc":{"start":{"line":42,"column":4},"end":{"line":48,"column":5}},"type":"if","locations":[{"start":{"line":42,"column":4},"end":{"line":48,"column":5}}]},"4":{"loc":{"start":{"line":43,"column":6},"end":{"line":45,"column":72}},"type":"binary-expr","locations":[{"start":{"line":43,"column":6},"end":{"line":43,"column":67}},{"start":{"line":44,"column":6},"end":{"line":44,"column":69}},{"start":{"line":45,"column":6},"end":{"line":45,"column":72}}]},"5":{"loc":{"start":{"line":50,"column":4},"end":{"line":75,"column":5}},"type":"if","locations":[{"start":{"line":50,"column":4},"end":{"line":75,"column":5}}]},"6":{"loc":{"start":{"line":60,"column":6},"end":{"line":65,"column":7}},"type":"if","locations":[{"start":{"line":60,"column":6},"end":{"line":65,"column":7}}]},"7":{"loc":{"start":{"line":77,"column":4},"end":{"line":79,"column":5}},"type":"if","locations":[{"start":{"line":77,"column":4},"end":{"line":79,"column":5}}]},"8":{"loc":{"start":{"line":90,"column":4},"end":{"line":92,"column":5}},"type":"if","locations":[{"start":{"line":90,"column":4},"end":{"line":92,"column":5}}]},"9":{"loc":{"start":{"line":116,"column":4},"end":{"line":121,"column":5}},"type":"if","locations":[{"start":{"line":116,"column":4},"end":{"line":121,"column":5}}]}},"s":{"0":1,"1":1,"2":1,"3":1,"4":5,"5":5,"6":5,"7":1,"8":4,"9":4,"10":1,"11":3,"12":1,"13":2,"14":1,"15":1,"16":1,"17":1,"18":0,"19":1,"20":1,"21":1,"22":1,"23":1,"24":0,"25":1,"26":1,"27":1,"28":1,"29":0,"30":1,"31":1,"32":1,"33":1,"34":2,"35":2,"36":1,"37":1,"38":1},"f":{"0":5,"1":2},"b":{"0":[1],"1":[1],"2":[4,4],"3":[1],"4":[3,2,2],"5":[1],"6":[0],"7":[0],"8":[0],"9":[1]}}
,"/home/devmatias/documents/pos-fiap/easyOrder-challenge4-app-core/src/easyorder/Core/Usecase/PedidoUsecases.ts": {"path":"/home/devmatias/documents/pos-fiap/easyOrder-challenge4-app-core/src/easyorder/Core/Usecase/PedidoUsecases.ts","statementMap":{"0":{"start":{"line":1,"column":0},"end":{"line":1,"column":64}},"1":{"start":{"line":2,"column":0},"end":{"line":2,"column":54}},"2":{"start":{"line":3,"column":0},"end":{"line":3,"column":64}},"3":{"start":{"line":4,"column":0},"end":{"line":4,"column":68}},"4":{"start":{"line":5,"column":0},"end":{"line":5,"column":80}},"5":{"start":{"line":6,"column":0},"end":{"line":6,"column":null}},"6":{"start":{"line":18,"column":0},"end":{"line":18,"column":null}},"7":{"start":{"line":28,"column":4},"end":{"line":30,"column":5}},"8":{"start":{"line":29,"column":6},"end":{"line":29,"column":36}},"9":{"start":{"line":32,"column":19},"end":{"line":32,"column":45}},"10":{"start":{"line":34,"column":24},"end":{"line":34,"column":64}},"11":{"start":{"line":36,"column":4},"end":{"line":38,"column":5}},"12":{"start":{"line":37,"column":6},"end":{"line":37,"column":47}},"13":{"start":{"line":40,"column":4},"end":{"line":43,"column":6}},"14":{"start":{"line":54,"column":19},"end":{"line":60,"column":6}},"15":{"start":{"line":62,"column":31},"end":{"line":63,"column":null}},"16":{"start":{"line":66,"column":20},"end":{"line":68,"column":null}},"17":{"start":{"line":71,"column":4},"end":{"line":73,"column":5}},"18":{"start":{"line":72,"column":6},"end":{"line":72,"column":48}},"19":{"start":{"line":75,"column":4},"end":{"line":77,"column":5}},"20":{"start":{"line":76,"column":6},"end":{"line":76,"column":66}},"21":{"start":{"line":79,"column":4},"end":{"line":82,"column":6}},"22":{"start":{"line":89,"column":19},"end":{"line":89,"column":65}},"23":{"start":{"line":91,"column":4},"end":{"line":93,"column":5}},"24":{"start":{"line":92,"column":6},"end":{"line":92,"column":63}},"25":{"start":{"line":95,"column":4},"end":{"line":98,"column":6}},"26":{"start":{"line":105,"column":19},"end":{"line":105,"column":65}},"27":{"start":{"line":107,"column":4},"end":{"line":109,"column":5}},"28":{"start":{"line":108,"column":6},"end":{"line":108,"column":63}},"29":{"start":{"line":111,"column":4},"end":{"line":113,"column":5}},"30":{"start":{"line":112,"column":6},"end":{"line":112,"column":64}},"31":{"start":{"line":115,"column":4},"end":{"line":117,"column":6}},"32":{"start":{"line":119,"column":24},"end":{"line":119,"column":64}},"33":{"start":{"line":121,"column":4},"end":{"line":123,"column":5}},"34":{"start":{"line":122,"column":6},"end":{"line":122,"column":47}},"35":{"start":{"line":125,"column":4},"end":{"line":128,"column":6}},"36":{"start":{"line":135,"column":19},"end":{"line":135,"column":65}},"37":{"start":{"line":137,"column":4},"end":{"line":139,"column":5}},"38":{"start":{"line":138,"column":6},"end":{"line":138,"column":63}},"39":{"start":{"line":141,"column":4},"end":{"line":143,"column":5}},"40":{"start":{"line":142,"column":6},"end":{"line":142,"column":64}},"41":{"start":{"line":145,"column":4},"end":{"line":145,"column":56}},"42":{"start":{"line":147,"column":4},"end":{"line":149,"column":6}},"43":{"start":{"line":151,"column":24},"end":{"line":151,"column":64}},"44":{"start":{"line":153,"column":4},"end":{"line":155,"column":5}},"45":{"start":{"line":154,"column":6},"end":{"line":154,"column":47}},"46":{"start":{"line":157,"column":4},"end":{"line":160,"column":6}},"47":{"start":{"line":169,"column":19},"end":{"line":169,"column":65}},"48":{"start":{"line":170,"column":4},"end":{"line":172,"column":5}},"49":{"start":{"line":171,"column":6},"end":{"line":171,"column":63}},"50":{"start":{"line":174,"column":22},"end":{"line":176,"column":null}},"51":{"start":{"line":178,"column":4},"end":{"line":182,"column":5}},"52":{"start":{"line":179,"column":6},"end":{"line":179,"column":60}},"53":{"start":{"line":181,"column":6},"end":{"line":181,"column":58}},"54":{"start":{"line":183,"column":29},"end":{"line":183,"column":77}},"55":{"start":{"line":184,"column":4},"end":{"line":186,"column":5}},"56":{"start":{"line":185,"column":6},"end":{"line":185,"column":67}},"57":{"start":{"line":189,"column":6},"end":{"line":191,"column":null}},"58":{"start":{"line":193,"column":4},"end":{"line":195,"column":5}},"59":{"start":{"line":194,"column":6},"end":{"line":194,"column":62}},"60":{"start":{"line":197,"column":4},"end":{"line":199,"column":6}},"61":{"start":{"line":201,"column":24},"end":{"line":201,"column":64}},"62":{"start":{"line":202,"column":4},"end":{"line":204,"column":5}},"63":{"start":{"line":203,"column":6},"end":{"line":203,"column":61}},"64":{"start":{"line":206,"column":4},"end":{"line":209,"column":6}},"65":{"start":{"line":221,"column":19},"end":{"line":221,"column":65}},"66":{"start":{"line":223,"column":4},"end":{"line":225,"column":5}},"67":{"start":{"line":224,"column":6},"end":{"line":224,"column":63}},"68":{"start":{"line":227,"column":24},"end":{"line":227,"column":28}},"69":{"start":{"line":228,"column":4},"end":{"line":239,"column":5}},"70":{"start":{"line":229,"column":6},"end":{"line":229,"column":72}},"71":{"start":{"line":231,"column":6},"end":{"line":233,"column":7}},"72":{"start":{"line":232,"column":8},"end":{"line":232,"column":65}},"73":{"start":{"line":236,"column":6},"end":{"line":238,"column":7}},"74":{"start":{"line":237,"column":8},"end":{"line":237,"column":80}},"75":{"start":{"line":241,"column":24},"end":{"line":241,"column":28}},"76":{"start":{"line":242,"column":4},"end":{"line":255,"column":5}},"77":{"start":{"line":243,"column":6},"end":{"line":243,"column":72}},"78":{"start":{"line":245,"column":6},"end":{"line":247,"column":7}},"79":{"start":{"line":246,"column":8},"end":{"line":246,"column":65}},"80":{"start":{"line":250,"column":6},"end":{"line":254,"column":7}},"81":{"start":{"line":251,"column":8},"end":{"line":253,"column":10}},"82":{"start":{"line":257,"column":27},"end":{"line":257,"column":31}},"83":{"start":{"line":258,"column":4},"end":{"line":271,"column":5}},"84":{"start":{"line":259,"column":6},"end":{"line":259,"column":78}},"85":{"start":{"line":261,"column":6},"end":{"line":263,"column":7}},"86":{"start":{"line":262,"column":8},"end":{"line":262,"column":68}},"87":{"start":{"line":266,"column":6},"end":{"line":270,"column":7}},"88":{"start":{"line":267,"column":8},"end":{"line":269,"column":10}},"89":{"start":{"line":273,"column":32},"end":{"line":273,"column":36}},"90":{"start":{"line":274,"column":4},"end":{"line":291,"column":5}},"91":{"start":{"line":275,"column":6},"end":{"line":277,"column":8}},"92":{"start":{"line":279,"column":6},"end":{"line":281,"column":7}},"93":{"start":{"line":280,"column":8},"end":{"line":280,"column":73}},"94":{"start":{"line":284,"column":6},"end":{"line":290,"column":7}},"95":{"start":{"line":287,"column":8},"end":{"line":289,"column":10}},"96":{"start":{"line":293,"column":24},"end":{"line":297,"column":null}},"97":{"start":{"line":300,"column":4},"end":{"line":300,"column":42}},"98":{"start":{"line":302,"column":24},"end":{"line":302,"column":64}},"99":{"start":{"line":303,"column":4},"end":{"line":305,"column":5}},"100":{"start":{"line":304,"column":6},"end":{"line":304,"column":59}},"101":{"start":{"line":307,"column":4},"end":{"line":310,"column":6}},"102":{"start":{"line":318,"column":19},"end":{"line":318,"column":65}},"103":{"start":{"line":320,"column":4},"end":{"line":322,"column":5}},"104":{"start":{"line":321,"column":6},"end":{"line":321,"column":63}},"105":{"start":{"line":324,"column":4},"end":{"line":324,"column":33}},"106":{"start":{"line":326,"column":24},"end":{"line":326,"column":64}},"107":{"start":{"line":328,"column":4},"end":{"line":330,"column":5}},"108":{"start":{"line":329,"column":6},"end":{"line":329,"column":57}},"109":{"start":{"line":332,"column":4},"end":{"line":335,"column":6}},"110":{"start":{"line":23,"column":0},"end":{"line":23,"column":13}}},"fnMap":{"0":{"name":"(anonymous_0)","decl":{"start":{"line":24,"column":9},"end":{"line":24,"column":15}},"loc":{"start":{"line":26,"column":41},"end":{"line":44,"column":3}}},"1":{"name":"(anonymous_1)","decl":{"start":{"line":46,"column":9},"end":{"line":46,"column":15}},"loc":{"start":{"line":52,"column":26},"end":{"line":83,"column":3}}},"2":{"name":"(anonymous_2)","decl":{"start":{"line":85,"column":9},"end":{"line":85,"column":15}},"loc":{"start":{"line":87,"column":20},"end":{"line":99,"column":3}}},"3":{"name":"(anonymous_3)","decl":{"start":{"line":101,"column":9},"end":{"line":101,"column":15}},"loc":{"start":{"line":103,"column":20},"end":{"line":129,"column":3}}},"4":{"name":"(anonymous_4)","decl":{"start":{"line":131,"column":9},"end":{"line":131,"column":15}},"loc":{"start":{"line":133,"column":20},"end":{"line":161,"column":3}}},"5":{"name":"(anonymous_5)","decl":{"start":{"line":163,"column":9},"end":{"line":163,"column":15}},"loc":{"start":{"line":167,"column":20},"end":{"line":210,"column":3}}},"6":{"name":"(anonymous_6)","decl":{"start":{"line":212,"column":9},"end":{"line":212,"column":15}},"loc":{"start":{"line":219,"column":28},"end":{"line":311,"column":3}}},"7":{"name":"(anonymous_7)","decl":{"start":{"line":313,"column":9},"end":{"line":313,"column":15}},"loc":{"start":{"line":316,"column":19},"end":{"line":336,"column":3}}}},"branchMap":{"0":{"loc":{"start":{"line":28,"column":4},"end":{"line":30,"column":5}},"type":"if","locations":[{"start":{"line":28,"column":4},"end":{"line":30,"column":5}}]},"1":{"loc":{"start":{"line":36,"column":4},"end":{"line":38,"column":5}},"type":"if","locations":[{"start":{"line":36,"column":4},"end":{"line":38,"column":5}}]},"2":{"loc":{"start":{"line":71,"column":4},"end":{"line":73,"column":5}},"type":"if","locations":[{"start":{"line":71,"column":4},"end":{"line":73,"column":5}}]},"3":{"loc":{"start":{"line":75,"column":4},"end":{"line":77,"column":5}},"type":"if","locations":[{"start":{"line":75,"column":4},"end":{"line":77,"column":5}}]},"4":{"loc":{"start":{"line":91,"column":4},"end":{"line":93,"column":5}},"type":"if","locations":[{"start":{"line":91,"column":4},"end":{"line":93,"column":5}}]},"5":{"loc":{"start":{"line":107,"column":4},"end":{"line":109,"column":5}},"type":"if","locations":[{"start":{"line":107,"column":4},"end":{"line":109,"column":5}}]},"6":{"loc":{"start":{"line":111,"column":4},"end":{"line":113,"column":5}},"type":"if","locations":[{"start":{"line":111,"column":4},"end":{"line":113,"column":5}}]},"7":{"loc":{"start":{"line":121,"column":4},"end":{"line":123,"column":5}},"type":"if","locations":[{"start":{"line":121,"column":4},"end":{"line":123,"column":5}}]},"8":{"loc":{"start":{"line":137,"column":4},"end":{"line":139,"column":5}},"type":"if","locations":[{"start":{"line":137,"column":4},"end":{"line":139,"column":5}}]},"9":{"loc":{"start":{"line":141,"column":4},"end":{"line":143,"column":5}},"type":"if","locations":[{"start":{"line":141,"column":4},"end":{"line":143,"column":5}}]},"10":{"loc":{"start":{"line":153,"column":4},"end":{"line":155,"column":5}},"type":"if","locations":[{"start":{"line":153,"column":4},"end":{"line":155,"column":5}}]},"11":{"loc":{"start":{"line":170,"column":4},"end":{"line":172,"column":5}},"type":"if","locations":[{"start":{"line":170,"column":4},"end":{"line":172,"column":5}}]},"12":{"loc":{"start":{"line":184,"column":4},"end":{"line":186,"column":5}},"type":"if","locations":[{"start":{"line":184,"column":4},"end":{"line":186,"column":5}}]},"13":{"loc":{"start":{"line":193,"column":4},"end":{"line":195,"column":5}},"type":"if","locations":[{"start":{"line":193,"column":4},"end":{"line":195,"column":5}}]},"14":{"loc":{"start":{"line":202,"column":4},"end":{"line":204,"column":5}},"type":"if","locations":[{"start":{"line":202,"column":4},"end":{"line":204,"column":5}}]},"15":{"loc":{"start":{"line":223,"column":4},"end":{"line":225,"column":5}},"type":"if","locations":[{"start":{"line":223,"column":4},"end":{"line":225,"column":5}}]},"16":{"loc":{"start":{"line":228,"column":4},"end":{"line":239,"column":5}},"type":"if","locations":[{"start":{"line":228,"column":4},"end":{"line":239,"column":5}}]},"17":{"loc":{"start":{"line":231,"column":6},"end":{"line":233,"column":7}},"type":"if","locations":[{"start":{"line":231,"column":6},"end":{"line":233,"column":7}}]},"18":{"loc":{"start":{"line":236,"column":6},"end":{"line":238,"column":7}},"type":"if","locations":[{"start":{"line":236,"column":6},"end":{"line":238,"column":7}}]},"19":{"loc":{"start":{"line":242,"column":4},"end":{"line":255,"column":5}},"type":"if","locations":[{"start":{"line":242,"column":4},"end":{"line":255,"column":5}}]},"20":{"loc":{"start":{"line":245,"column":6},"end":{"line":247,"column":7}},"type":"if","locations":[{"start":{"line":245,"column":6},"end":{"line":247,"column":7}}]},"21":{"loc":{"start":{"line":250,"column":6},"end":{"line":254,"column":7}},"type":"if","locations":[{"start":{"line":250,"column":6},"end":{"line":254,"column":7}}]},"22":{"loc":{"start":{"line":258,"column":4},"end":{"line":271,"column":5}},"type":"if","locations":[{"start":{"line":258,"column":4},"end":{"line":271,"column":5}}]},"23":{"loc":{"start":{"line":261,"column":6},"end":{"line":263,"column":7}},"type":"if","locations":[{"start":{"line":261,"column":6},"end":{"line":263,"column":7}}]},"24":{"loc":{"start":{"line":266,"column":6},"end":{"line":270,"column":7}},"type":"if","locations":[{"start":{"line":266,"column":6},"end":{"line":270,"column":7}}]},"25":{"loc":{"start":{"line":274,"column":4},"end":{"line":291,"column":5}},"type":"if","locations":[{"start":{"line":274,"column":4},"end":{"line":291,"column":5}}]},"26":{"loc":{"start":{"line":279,"column":6},"end":{"line":281,"column":7}},"type":"if","locations":[{"start":{"line":279,"column":6},"end":{"line":281,"column":7}}]},"27":{"loc":{"start":{"line":284,"column":6},"end":{"line":290,"column":7}},"type":"if","locations":[{"start":{"line":284,"column":6},"end":{"line":290,"column":7}}]},"28":{"loc":{"start":{"line":303,"column":4},"end":{"line":305,"column":5}},"type":"if","locations":[{"start":{"line":303,"column":4},"end":{"line":305,"column":5}}]},"29":{"loc":{"start":{"line":320,"column":4},"end":{"line":322,"column":5}},"type":"if","locations":[{"start":{"line":320,"column":4},"end":{"line":322,"column":5}}]},"30":{"loc":{"start":{"line":328,"column":4},"end":{"line":330,"column":5}},"type":"if","locations":[{"start":{"line":328,"column":4},"end":{"line":330,"column":5}}]}},"s":{"0":2,"1":2,"2":2,"3":2,"4":2,"5":2,"6":2,"7":3,"8":1,"9":3,"10":3,"11":3,"12":1,"13":2,"14":3,"15":3,"16":3,"17":3,"18":1,"19":2,"20":1,"21":1,"22":2,"23":2,"24":1,"25":1,"26":4,"27":4,"28":1,"29":3,"30":1,"31":2,"32":2,"33":2,"34":1,"35":1,"36":4,"37":4,"38":1,"39":3,"40":1,"41":2,"42":2,"43":2,"44":2,"45":1,"46":1,"47":6,"48":6,"49":1,"50":5,"51":5,"52":5,"53":1,"54":4,"55":4,"56":1,"57":3,"58":3,"59":1,"60":2,"61":2,"62":2,"63":1,"64":1,"65":11,"66":11,"67":1,"68":10,"69":10,"70":4,"71":4,"72":1,"73":3,"74":1,"75":8,"76":8,"77":4,"78":4,"79":1,"80":3,"81":1,"82":6,"83":6,"84":4,"85":4,"86":1,"87":3,"88":1,"89":4,"90":4,"91":4,"92":4,"93":1,"94":3,"95":1,"96":2,"97":2,"98":2,"99":2,"100":1,"101":1,"102":3,"103":3,"104":1,"105":2,"106":2,"107":2,"108":1,"109":1,"110":2},"f":{"0":3,"1":3,"2":2,"3":4,"4":4,"5":6,"6":11,"7":3},"b":{"0":[1],"1":[1],"2":[1],"3":[1],"4":[1],"5":[1],"6":[1],"7":[1],"8":[1],"9":[1],"10":[1],"11":[1],"12":[1],"13":[1],"14":[1],"15":[1],"16":[4],"17":[1],"18":[1],"19":[4],"20":[1],"21":[1],"22":[4],"23":[1],"24":[1],"25":[4],"26":[1],"27":[1],"28":[1],"29":[1],"30":[1]}}
,"/home/devmatias/documents/pos-fiap/easyOrder-challenge4-app-core/src/easyorder/Core/Usecase/PreparacaoUsecases.ts": {"path":"/home/devmatias/documents/pos-fiap/easyOrder-challenge4-app-core/src/easyorder/Core/Usecase/PreparacaoUsecases.ts","statementMap":{"0":{"start":{"line":2,"column":0},"end":{"line":2,"column":null}},"1":{"start":{"line":6,"column":0},"end":{"line":6,"column":null}},"2":{"start":{"line":11,"column":0},"end":{"line":11,"column":null}},"3":{"start":{"line":23,"column":19},"end":{"line":23,"column":65}},"4":{"start":{"line":25,"column":4},"end":{"line":27,"column":5}},"5":{"start":{"line":26,"column":6},"end":{"line":26,"column":76}},"6":{"start":{"line":29,"column":4},"end":{"line":31,"column":6}},"7":{"start":{"line":33,"column":24},"end":{"line":33,"column":64}},"8":{"start":{"line":35,"column":4},"end":{"line":37,"column":5}},"9":{"start":{"line":36,"column":6},"end":{"line":36,"column":66}},"10":{"start":{"line":39,"column":4},"end":{"line":42,"column":6}},"11":{"start":{"line":48,"column":20},"end":{"line":55,"column":null}},"12":{"start":{"line":58,"column":4},"end":{"line":60,"column":5}},"13":{"start":{"line":59,"column":6},"end":{"line":59,"column":48}},"14":{"start":{"line":62,"column":4},"end":{"line":64,"column":5}},"15":{"start":{"line":63,"column":6},"end":{"line":63,"column":73}},"16":{"start":{"line":66,"column":4},"end":{"line":66,"column":65}},"17":{"start":{"line":73,"column":19},"end":{"line":73,"column":65}},"18":{"start":{"line":75,"column":4},"end":{"line":77,"column":5}},"19":{"start":{"line":76,"column":6},"end":{"line":76,"column":63}},"20":{"start":{"line":79,"column":4},"end":{"line":81,"column":6}},"21":{"start":{"line":83,"column":24},"end":{"line":83,"column":64}},"22":{"start":{"line":85,"column":4},"end":{"line":87,"column":5}},"23":{"start":{"line":86,"column":6},"end":{"line":86,"column":67}},"24":{"start":{"line":89,"column":4},"end":{"line":92,"column":6}},"25":{"start":{"line":99,"column":19},"end":{"line":99,"column":65}},"26":{"start":{"line":101,"column":4},"end":{"line":103,"column":5}},"27":{"start":{"line":102,"column":6},"end":{"line":102,"column":63}},"28":{"start":{"line":105,"column":4},"end":{"line":107,"column":6}},"29":{"start":{"line":109,"column":24},"end":{"line":109,"column":64}},"30":{"start":{"line":111,"column":4},"end":{"line":113,"column":5}},"31":{"start":{"line":112,"column":6},"end":{"line":112,"column":67}},"32":{"start":{"line":115,"column":4},"end":{"line":118,"column":6}},"33":{"start":{"line":18,"column":0},"end":{"line":18,"column":13}}},"fnMap":{"0":{"name":"(anonymous_0)","decl":{"start":{"line":19,"column":9},"end":{"line":19,"column":15}},"loc":{"start":{"line":21,"column":20},"end":{"line":43,"column":3}}},"1":{"name":"(anonymous_1)","decl":{"start":{"line":45,"column":9},"end":{"line":45,"column":15}},"loc":{"start":{"line":46,"column":41},"end":{"line":67,"column":3}}},"2":{"name":"(anonymous_2)","decl":{"start":{"line":69,"column":9},"end":{"line":69,"column":15}},"loc":{"start":{"line":71,"column":20},"end":{"line":93,"column":3}}},"3":{"name":"(anonymous_3)","decl":{"start":{"line":95,"column":9},"end":{"line":95,"column":15}},"loc":{"start":{"line":97,"column":20},"end":{"line":119,"column":3}}}},"branchMap":{"0":{"loc":{"start":{"line":25,"column":4},"end":{"line":27,"column":5}},"type":"if","locations":[{"start":{"line":25,"column":4},"end":{"line":27,"column":5}}]},"1":{"loc":{"start":{"line":35,"column":4},"end":{"line":37,"column":5}},"type":"if","locations":[{"start":{"line":35,"column":4},"end":{"line":37,"column":5}}]},"2":{"loc":{"start":{"line":58,"column":4},"end":{"line":60,"column":5}},"type":"if","locations":[{"start":{"line":58,"column":4},"end":{"line":60,"column":5}}]},"3":{"loc":{"start":{"line":62,"column":4},"end":{"line":64,"column":5}},"type":"if","locations":[{"start":{"line":62,"column":4},"end":{"line":64,"column":5}}]},"4":{"loc":{"start":{"line":75,"column":4},"end":{"line":77,"column":5}},"type":"if","locations":[{"start":{"line":75,"column":4},"end":{"line":77,"column":5}}]},"5":{"loc":{"start":{"line":85,"column":4},"end":{"line":87,"column":5}},"type":"if","locations":[{"start":{"line":85,"column":4},"end":{"line":87,"column":5}}]},"6":{"loc":{"start":{"line":101,"column":4},"end":{"line":103,"column":5}},"type":"if","locations":[{"start":{"line":101,"column":4},"end":{"line":103,"column":5}}]},"7":{"loc":{"start":{"line":111,"column":4},"end":{"line":113,"column":5}},"type":"if","locations":[{"start":{"line":111,"column":4},"end":{"line":113,"column":5}}]}},"s":{"0":1,"1":1,"2":1,"3":3,"4":3,"5":1,"6":2,"7":2,"8":2,"9":1,"10":1,"11":3,"12":3,"13":1,"14":2,"15":1,"16":1,"17":3,"18":3,"19":1,"20":2,"21":2,"22":2,"23":1,"24":1,"25":3,"26":3,"27":1,"28":2,"29":2,"30":2,"31":1,"32":1,"33":1},"f":{"0":3,"1":3,"2":3,"3":3},"b":{"0":[1],"1":[1],"2":[1],"3":[1],"4":[1],"5":[1],"6":[1],"7":[1]}}
}
