{"/home/devmatias/documents/pos-fiap/easyOrder-challenge4-app-core/src/easyorder/Core/Entity/PedidoComboEntity.ts": {"path":"/home/devmatias/documents/pos-fiap/easyOrder-challenge4-app-core/src/easyorder/Core/Entity/PedidoComboEntity.ts","statementMap":{"0":{"start":{"line":1,"column":2},"end":{"line":1,"column":38}},"1":{"start":{"line":18,"column":6},"end":{"line":18,"column":35}},"2":{"start":{"line":19,"column":6},"end":{"line":19,"column":35}},"3":{"start":{"line":20,"column":6},"end":{"line":20,"column":41}},"4":{"start":{"line":21,"column":6},"end":{"line":21,"column":51}},"5":{"start":{"line":24,"column":6},"end":{"line":31,"column":7}},"6":{"start":{"line":30,"column":8},"end":{"line":30,"column":72}},"7":{"start":{"line":33,"column":6},"end":{"line":33,"column":31}},"8":{"start":{"line":37,"column":6},"end":{"line":37,"column":21}},"9":{"start":{"line":41,"column":6},"end":{"line":41,"column":25}},"10":{"start":{"line":45,"column":6},"end":{"line":45,"column":25}},"11":{"start":{"line":49,"column":6},"end":{"line":49,"column":28}},"12":{"start":{"line":53,"column":6},"end":{"line":53,"column":33}},"13":{"start":{"line":57,"column":23},"end":{"line":57,"column":24}},"14":{"start":{"line":59,"column":6},"end":{"line":61,"column":7}},"15":{"start":{"line":60,"column":8},"end":{"line":60,"column":45}},"16":{"start":{"line":63,"column":6},"end":{"line":65,"column":7}},"17":{"start":{"line":64,"column":8},"end":{"line":64,"column":45}},"18":{"start":{"line":67,"column":6},"end":{"line":69,"column":7}},"19":{"start":{"line":68,"column":8},"end":{"line":68,"column":48}},"20":{"start":{"line":71,"column":6},"end":{"line":73,"column":7}},"21":{"start":{"line":72,"column":8},"end":{"line":72,"column":53}},"22":{"start":{"line":75,"column":6},"end":{"line":75,"column":24}},"23":{"start":{"line":4,"column":2},"end":{"line":4,"column":15}}},"fnMap":{"0":{"name":"(anonymous_0)","decl":{"start":{"line":11,"column":4},"end":{"line":11,"column":null}},"loc":{"start":{"line":16,"column":17},"end":{"line":34,"column":5}}},"1":{"name":"(anonymous_1)","decl":{"start":{"line":36,"column":11},"end":{"line":36,"column":16}},"loc":{"start":{"line":36,"column":16},"end":{"line":38,"column":5}}},"2":{"name":"(anonymous_2)","decl":{"start":{"line":40,"column":11},"end":{"line":40,"column":20}},"loc":{"start":{"line":40,"column":20},"end":{"line":42,"column":5}}},"3":{"name":"(anonymous_3)","decl":{"start":{"line":44,"column":11},"end":{"line":44,"column":20}},"loc":{"start":{"line":44,"column":20},"end":{"line":46,"column":5}}},"4":{"name":"(anonymous_4)","decl":{"start":{"line":48,"column":11},"end":{"line":48,"column":23}},"loc":{"start":{"line":48,"column":23},"end":{"line":50,"column":5}}},"5":{"name":"(anonymous_5)","decl":{"start":{"line":52,"column":11},"end":{"line":52,"column":28}},"loc":{"start":{"line":52,"column":28},"end":{"line":54,"column":5}}},"6":{"name":"(anonymous_6)","decl":{"start":{"line":56,"column":11},"end":{"line":56,"column":24}},"loc":{"start":{"line":56,"column":24},"end":{"line":76,"column":5}}}},"branchMap":{"0":{"loc":{"start":{"line":18,"column":20},"end":{"line":18,"column":34}},"type":"binary-expr","locations":[{"start":{"line":18,"column":20},"end":{"line":18,"column":26}},{"start":{"line":18,"column":30},"end":{"line":18,"column":34}}]},"1":{"loc":{"start":{"line":19,"column":20},"end":{"line":19,"column":34}},"type":"binary-expr","locations":[{"start":{"line":19,"column":20},"end":{"line":19,"column":26}},{"start":{"line":19,"column":30},"end":{"line":19,"column":34}}]},"2":{"loc":{"start":{"line":20,"column":23},"end":{"line":20,"column":40}},"type":"binary-expr","locations":[{"start":{"line":20,"column":23},"end":{"line":20,"column":32}},{"start":{"line":20,"column":36},"end":{"line":20,"column":40}}]},"3":{"loc":{"start":{"line":21,"column":28},"end":{"line":21,"column":50}},"type":"binary-expr","locations":[{"start":{"line":21,"column":28},"end":{"line":21,"column":42}},{"start":{"line":21,"column":46},"end":{"line":21,"column":50}}]},"4":{"loc":{"start":{"line":24,"column":6},"end":{"line":31,"column":7}},"type":"if","locations":[{"start":{"line":24,"column":6},"end":{"line":31,"column":7}}]},"5":{"loc":{"start":{"line":25,"column":8},"end":{"line":28,"column":28}},"type":"binary-expr","locations":[{"start":{"line":25,"column":8},"end":{"line":25,"column":20}},{"start":{"line":26,"column":8},"end":{"line":26,"column":20}},{"start":{"line":27,"column":8},"end":{"line":27,"column":23}},{"start":{"line":28,"column":8},"end":{"line":28,"column":28}}]},"6":{"loc":{"start":{"line":33,"column":16},"end":{"line":33,"column":30}},"type":"binary-expr","locations":[{"start":{"line":33,"column":16},"end":{"line":33,"column":18}},{"start":{"line":33,"column":22},"end":{"line":33,"column":30}}]},"7":{"loc":{"start":{"line":59,"column":6},"end":{"line":61,"column":7}},"type":"if","locations":[{"start":{"line":59,"column":6},"end":{"line":61,"column":7}}]},"8":{"loc":{"start":{"line":63,"column":6},"end":{"line":65,"column":7}},"type":"if","locations":[{"start":{"line":63,"column":6},"end":{"line":65,"column":7}}]},"9":{"loc":{"start":{"line":67,"column":6},"end":{"line":69,"column":7}},"type":"if","locations":[{"start":{"line":67,"column":6},"end":{"line":69,"column":7}}]},"10":{"loc":{"start":{"line":71,"column":6},"end":{"line":73,"column":7}},"type":"if","locations":[{"start":{"line":71,"column":6},"end":{"line":73,"column":7}}]}},"s":{"0":2,"1":11,"2":11,"3":11,"4":11,"5":11,"6":1,"7":10,"8":5,"9":1,"10":1,"11":1,"12":1,"13":4,"14":4,"15":3,"16":4,"17":2,"18":4,"19":3,"20":4,"21":1,"22":4,"23":2},"f":{"0":11,"1":5,"2":1,"3":1,"4":1,"5":1,"6":4},"b":{"0":[11,5],"1":[11,8],"2":[11,7],"3":[11,9],"4":[1],"5":[11,5,4,2],"6":[10,9],"7":[3],"8":[2],"9":[3],"10":[1]}}
,"/home/devmatias/documents/pos-fiap/easyOrder-challenge4-app-core/src/easyorder/Core/Entity/PedidoEntity.ts": {"path":"/home/devmatias/documents/pos-fiap/easyOrder-challenge4-app-core/src/easyorder/Core/Entity/PedidoEntity.ts","statementMap":{"0":{"start":{"line":1,"column":0},"end":{"line":1,"column":36}},"1":{"start":{"line":3,"column":0},"end":{"line":3,"column":72}},"2":{"start":{"line":4,"column":0},"end":{"line":4,"column":null}},"3":{"start":{"line":15,"column":10},"end":{"line":15,"column":43}},"4":{"start":{"line":25,"column":4},"end":{"line":30,"column":5}},"5":{"start":{"line":26,"column":6},"end":{"line":26,"column":20}},"6":{"start":{"line":27,"column":6},"end":{"line":27,"column":30}},"7":{"start":{"line":28,"column":6},"end":{"line":28,"column":77}},"8":{"start":{"line":29,"column":6},"end":{"line":29,"column":53}},"9":{"start":{"line":32,"column":4},"end":{"line":36,"column":5}},"10":{"start":{"line":33,"column":6},"end":{"line":35,"column":8}},"11":{"start":{"line":38,"column":4},"end":{"line":40,"column":5}},"12":{"start":{"line":39,"column":6},"end":{"line":39,"column":69}},"13":{"start":{"line":42,"column":4},"end":{"line":44,"column":5}},"14":{"start":{"line":43,"column":6},"end":{"line":43,"column":78}},"15":{"start":{"line":46,"column":4},"end":{"line":50,"column":5}},"16":{"start":{"line":47,"column":6},"end":{"line":49,"column":8}},"17":{"start":{"line":52,"column":4},"end":{"line":52,"column":33}},"18":{"start":{"line":53,"column":4},"end":{"line":53,"column":31}},"19":{"start":{"line":54,"column":4},"end":{"line":54,"column":37}},"20":{"start":{"line":55,"column":4},"end":{"line":55,"column":43}},"21":{"start":{"line":56,"column":4},"end":{"line":56,"column":17}},"22":{"start":{"line":58,"column":4},"end":{"line":58,"column":31}},"23":{"start":{"line":62,"column":4},"end":{"line":62,"column":19}},"24":{"start":{"line":66,"column":4},"end":{"line":66,"column":27}},"25":{"start":{"line":70,"column":4},"end":{"line":70,"column":26}},"26":{"start":{"line":74,"column":4},"end":{"line":74,"column":29}},"27":{"start":{"line":78,"column":4},"end":{"line":80,"column":5}},"28":{"start":{"line":79,"column":6},"end":{"line":79,"column":56}},"29":{"start":{"line":82,"column":4},"end":{"line":91,"column":5}},"30":{"start":{"line":83,"column":31},"end":{"line":86,"column":8}},"31":{"start":{"line":88,"column":6},"end":{"line":90,"column":7}},"32":{"start":{"line":89,"column":8},"end":{"line":89,"column":69}},"33":{"start":{"line":93,"column":4},"end":{"line":104,"column":5}},"34":{"start":{"line":95,"column":6},"end":{"line":99,"column":7}},"35":{"start":{"line":96,"column":8},"end":{"line":98,"column":10}},"36":{"start":{"line":101,"column":6},"end":{"line":103,"column":7}},"37":{"start":{"line":102,"column":8},"end":{"line":102,"column":78}},"38":{"start":{"line":106,"column":4},"end":{"line":112,"column":5}},"39":{"start":{"line":107,"column":6},"end":{"line":111,"column":7}},"40":{"start":{"line":110,"column":8},"end":{"line":110,"column":66}},"41":{"start":{"line":114,"column":4},"end":{"line":118,"column":5}},"42":{"start":{"line":115,"column":6},"end":{"line":117,"column":7}},"43":{"start":{"line":116,"column":8},"end":{"line":116,"column":77}},"44":{"start":{"line":120,"column":4},"end":{"line":126,"column":5}},"45":{"start":{"line":121,"column":6},"end":{"line":125,"column":7}},"46":{"start":{"line":122,"column":8},"end":{"line":124,"column":10}},"47":{"start":{"line":128,"column":4},"end":{"line":132,"column":5}},"48":{"start":{"line":129,"column":6},"end":{"line":131,"column":7}},"49":{"start":{"line":130,"column":8},"end":{"line":130,"column":64}},"50":{"start":{"line":134,"column":4},"end":{"line":134,"column":31}},"51":{"start":{"line":138,"column":4},"end":{"line":138,"column":32}},"52":{"start":{"line":142,"column":4},"end":{"line":144,"column":5}},"53":{"start":{"line":143,"column":6},"end":{"line":143,"column":59}},"54":{"start":{"line":146,"column":4},"end":{"line":152,"column":5}},"55":{"start":{"line":147,"column":6},"end":{"line":151,"column":7}},"56":{"start":{"line":148,"column":8},"end":{"line":150,"column":10}},"57":{"start":{"line":154,"column":4},"end":{"line":160,"column":5}},"58":{"start":{"line":155,"column":6},"end":{"line":159,"column":7}},"59":{"start":{"line":156,"column":8},"end":{"line":158,"column":10}},"60":{"start":{"line":162,"column":4},"end":{"line":162,"column":38}},"61":{"start":{"line":166,"column":4},"end":{"line":166,"column":23}},"62":{"start":{"line":171,"column":4},"end":{"line":175,"column":5}},"63":{"start":{"line":172,"column":6},"end":{"line":174,"column":8}},"64":{"start":{"line":177,"column":4},"end":{"line":179,"column":5}},"65":{"start":{"line":178,"column":6},"end":{"line":178,"column":47}},"66":{"start":{"line":181,"column":4},"end":{"line":183,"column":7}},"67":{"start":{"line":182,"column":6},"end":{"line":182,"column":30}},"68":{"start":{"line":185,"column":4},"end":{"line":185,"column":16}},"69":{"start":{"line":190,"column":4},"end":{"line":194,"column":5}},"70":{"start":{"line":191,"column":6},"end":{"line":193,"column":8}},"71":{"start":{"line":196,"column":4},"end":{"line":198,"column":5}},"72":{"start":{"line":197,"column":6},"end":{"line":197,"column":45}},"73":{"start":{"line":200,"column":18},"end":{"line":200,"column":77}},"74":{"start":{"line":200,"column":51},"end":{"line":200,"column":76}},"75":{"start":{"line":202,"column":4},"end":{"line":204,"column":5}},"76":{"start":{"line":203,"column":6},"end":{"line":203,"column":46}},"77":{"start":{"line":206,"column":4},"end":{"line":206,"column":33}},"78":{"start":{"line":208,"column":4},"end":{"line":208,"column":16}},"79":{"start":{"line":212,"column":21},"end":{"line":212,"column":22}},"80":{"start":{"line":214,"column":4},"end":{"line":218,"column":5}},"81":{"start":{"line":215,"column":6},"end":{"line":217,"column":9}},"82":{"start":{"line":216,"column":8},"end":{"line":216,"column":44}},"83":{"start":{"line":220,"column":4},"end":{"line":220,"column":22}},"84":{"start":{"line":9,"column":0},"end":{"line":9,"column":13}}},"fnMap":{"0":{"name":"(anonymous_0)","decl":{"start":{"line":17,"column":2},"end":{"line":17,"column":null}},"loc":{"start":{"line":23,"column":32},"end":{"line":59,"column":3}}},"1":{"name":"(anonymous_1)","decl":{"start":{"line":61,"column":9},"end":{"line":61,"column":14}},"loc":{"start":{"line":61,"column":14},"end":{"line":63,"column":3}}},"2":{"name":"(anonymous_2)","decl":{"start":{"line":65,"column":9},"end":{"line":65,"column":22}},"loc":{"start":{"line":65,"column":22},"end":{"line":67,"column":3}}},"3":{"name":"(anonymous_3)","decl":{"start":{"line":69,"column":9},"end":{"line":69,"column":21}},"loc":{"start":{"line":69,"column":21},"end":{"line":71,"column":3}}},"4":{"name":"(anonymous_4)","decl":{"start":{"line":73,"column":9},"end":{"line":73,"column":24}},"loc":{"start":{"line":73,"column":24},"end":{"line":75,"column":3}}},"5":{"name":"(anonymous_5)","decl":{"start":{"line":77,"column":9},"end":{"line":77,"column":24}},"loc":{"start":{"line":77,"column":56},"end":{"line":135,"column":3}}},"6":{"name":"(anonymous_6)","decl":{"start":{"line":137,"column":9},"end":{"line":137,"column":27}},"loc":{"start":{"line":137,"column":27},"end":{"line":139,"column":3}}},"7":{"name":"(anonymous_7)","decl":{"start":{"line":141,"column":9},"end":{"line":141,"column":27}},"loc":{"start":{"line":141,"column":59},"end":{"line":163,"column":3}}},"8":{"name":"(anonymous_8)","decl":{"start":{"line":165,"column":9},"end":{"line":165,"column":18}},"loc":{"start":{"line":165,"column":18},"end":{"line":167,"column":3}}},"9":{"name":"(anonymous_9)","decl":{"start":{"line":169,"column":9},"end":{"line":169,"column":24}},"loc":{"start":{"line":169,"column":52},"end":{"line":186,"column":3}}},"10":{"name":"(anonymous_10)","decl":{"start":{"line":181,"column":19},"end":{"line":181,"column":20}},"loc":{"start":{"line":181,"column":29},"end":{"line":183,"column":5}}},"11":{"name":"(anonymous_11)","decl":{"start":{"line":188,"column":9},"end":{"line":188,"column":21}},"loc":{"start":{"line":188,"column":37},"end":{"line":209,"column":3}}},"12":{"name":"(anonymous_12)","decl":{"start":{"line":200,"column":40},"end":{"line":200,"column":41}},"loc":{"start":{"line":200,"column":51},"end":{"line":200,"column":76}}},"13":{"name":"(anonymous_13)","decl":{"start":{"line":211,"column":9},"end":{"line":211,"column":22}},"loc":{"start":{"line":211,"column":22},"end":{"line":221,"column":3}}},"14":{"name":"(anonymous_14)","decl":{"start":{"line":215,"column":26},"end":{"line":215,"column":27}},"loc":{"start":{"line":215,"column":36},"end":{"line":217,"column":7}}}},"branchMap":{"0":{"loc":{"start":{"line":25,"column":4},"end":{"line":30,"column":5}},"type":"if","locations":[{"start":{"line":25,"column":4},"end":{"line":30,"column":5}}]},"1":{"loc":{"start":{"line":32,"column":4},"end":{"line":36,"column":5}},"type":"if","locations":[{"start":{"line":32,"column":4},"end":{"line":36,"column":5}}]},"2":{"loc":{"start":{"line":32,"column":8},"end":{"line":32,"column":59}},"type":"binary-expr","locations":[{"start":{"line":32,"column":8},"end":{"line":32,"column":19}},{"start":{"line":32,"column":23},"end":{"line":32,"column":59}}]},"3":{"loc":{"start":{"line":38,"column":4},"end":{"line":40,"column":5}},"type":"if","locations":[{"start":{"line":38,"column":4},"end":{"line":40,"column":5}}]},"4":{"loc":{"start":{"line":42,"column":4},"end":{"line":44,"column":5}},"type":"if","locations":[{"start":{"line":42,"column":4},"end":{"line":44,"column":5}}]},"5":{"loc":{"start":{"line":46,"column":4},"end":{"line":50,"column":5}},"type":"if","locations":[{"start":{"line":46,"column":4},"end":{"line":50,"column":5}}]},"6":{"loc":{"start":{"line":58,"column":18},"end":{"line":58,"column":30}},"type":"binary-expr","locations":[{"start":{"line":58,"column":18},"end":{"line":58,"column":24}},{"start":{"line":58,"column":28},"end":{"line":58,"column":30}}]},"7":{"loc":{"start":{"line":78,"column":4},"end":{"line":80,"column":5}},"type":"if","locations":[{"start":{"line":78,"column":4},"end":{"line":80,"column":5}}]},"8":{"loc":{"start":{"line":82,"column":4},"end":{"line":91,"column":5}},"type":"if","locations":[{"start":{"line":82,"column":4},"end":{"line":91,"column":5}}]},"9":{"loc":{"start":{"line":88,"column":6},"end":{"line":90,"column":7}},"type":"if","locations":[{"start":{"line":88,"column":6},"end":{"line":90,"column":7}}]},"10":{"loc":{"start":{"line":93,"column":4},"end":{"line":104,"column":5}},"type":"if","locations":[{"start":{"line":93,"column":4},"end":{"line":104,"column":5}}]},"11":{"loc":{"start":{"line":95,"column":6},"end":{"line":99,"column":7}},"type":"if","locations":[{"start":{"line":95,"column":6},"end":{"line":99,"column":7}}]},"12":{"loc":{"start":{"line":101,"column":6},"end":{"line":103,"column":7}},"type":"if","locations":[{"start":{"line":101,"column":6},"end":{"line":103,"column":7}}]},"13":{"loc":{"start":{"line":106,"column":4},"end":{"line":112,"column":5}},"type":"if","locations":[{"start":{"line":106,"column":4},"end":{"line":112,"column":5}}]},"14":{"loc":{"start":{"line":107,"column":6},"end":{"line":111,"column":7}},"type":"if","locations":[{"start":{"line":107,"column":6},"end":{"line":111,"column":7}}]},"15":{"loc":{"start":{"line":114,"column":4},"end":{"line":118,"column":5}},"type":"if","locations":[{"start":{"line":114,"column":4},"end":{"line":118,"column":5}}]},"16":{"loc":{"start":{"line":115,"column":6},"end":{"line":117,"column":7}},"type":"if","locations":[{"start":{"line":115,"column":6},"end":{"line":117,"column":7}}]},"17":{"loc":{"start":{"line":120,"column":4},"end":{"line":126,"column":5}},"type":"if","locations":[{"start":{"line":120,"column":4},"end":{"line":126,"column":5}}]},"18":{"loc":{"start":{"line":121,"column":6},"end":{"line":125,"column":7}},"type":"if","locations":[{"start":{"line":121,"column":6},"end":{"line":125,"column":7}}]},"19":{"loc":{"start":{"line":128,"column":4},"end":{"line":132,"column":5}},"type":"if","locations":[{"start":{"line":128,"column":4},"end":{"line":132,"column":5}}]},"20":{"loc":{"start":{"line":129,"column":6},"end":{"line":131,"column":7}},"type":"if","locations":[{"start":{"line":129,"column":6},"end":{"line":131,"column":7}}]},"21":{"loc":{"start":{"line":142,"column":4},"end":{"line":144,"column":5}},"type":"if","locations":[{"start":{"line":142,"column":4},"end":{"line":144,"column":5}}]},"22":{"loc":{"start":{"line":146,"column":4},"end":{"line":152,"column":5}},"type":"if","locations":[{"start":{"line":146,"column":4},"end":{"line":152,"column":5}}]},"23":{"loc":{"start":{"line":147,"column":6},"end":{"line":151,"column":7}},"type":"if","locations":[{"start":{"line":147,"column":6},"end":{"line":151,"column":7}}]},"24":{"loc":{"start":{"line":154,"column":4},"end":{"line":160,"column":5}},"type":"if","locations":[{"start":{"line":154,"column":4},"end":{"line":160,"column":5}}]},"25":{"loc":{"start":{"line":155,"column":6},"end":{"line":159,"column":7}},"type":"if","locations":[{"start":{"line":155,"column":6},"end":{"line":159,"column":7}}]},"26":{"loc":{"start":{"line":171,"column":4},"end":{"line":175,"column":5}},"type":"if","locations":[{"start":{"line":171,"column":4},"end":{"line":175,"column":5}}]},"27":{"loc":{"start":{"line":177,"column":4},"end":{"line":179,"column":5}},"type":"if","locations":[{"start":{"line":177,"column":4},"end":{"line":179,"column":5}}]},"28":{"loc":{"start":{"line":190,"column":4},"end":{"line":194,"column":5}},"type":"if","locations":[{"start":{"line":190,"column":4},"end":{"line":194,"column":5}}]},"29":{"loc":{"start":{"line":196,"column":4},"end":{"line":198,"column":5}},"type":"if","locations":[{"start":{"line":196,"column":4},"end":{"line":198,"column":5}}]},"30":{"loc":{"start":{"line":202,"column":4},"end":{"line":204,"column":5}},"type":"if","locations":[{"start":{"line":202,"column":4},"end":{"line":204,"column":5}}]},"31":{"loc":{"start":{"line":214,"column":4},"end":{"line":218,"column":5}},"type":"if","locations":[{"start":{"line":214,"column":4},"end":{"line":218,"column":5}}]},"32":{"loc":{"start":{"line":214,"column":8},"end":{"line":214,"column":45}},"type":"binary-expr","locations":[{"start":{"line":214,"column":8},"end":{"line":214,"column":19}},{"start":{"line":214,"column":23},"end":{"line":214,"column":45}}]}},"s":{"0":1,"1":1,"2":1,"3":19,"4":19,"5":19,"6":19,"7":19,"8":19,"9":19,"10":0,"11":19,"12":1,"13":18,"14":0,"15":18,"16":0,"17":18,"18":18,"19":18,"20":18,"21":18,"22":18,"23":1,"24":1,"25":1,"26":3,"27":18,"28":0,"29":18,"30":2,"31":2,"32":1,"33":17,"34":7,"35":1,"36":6,"37":1,"38":15,"39":2,"40":1,"41":14,"42":1,"43":1,"44":13,"45":1,"46":1,"47":12,"48":1,"49":1,"50":11,"51":2,"52":3,"53":0,"54":3,"55":2,"56":0,"57":3,"58":1,"59":1,"60":2,"61":3,"62":14,"63":1,"64":13,"65":0,"66":13,"67":14,"68":13,"69":2,"70":1,"71":1,"72":0,"73":1,"74":1,"75":1,"76":0,"77":1,"78":1,"79":1,"80":1,"81":1,"82":2,"83":1,"84":1},"f":{"0":19,"1":1,"2":1,"3":1,"4":3,"5":18,"6":2,"7":3,"8":3,"9":14,"10":14,"11":2,"12":1,"13":1,"14":2},"b":{"0":[19],"1":[0],"2":[19,19],"3":[1],"4":[0],"5":[0],"6":[18,18],"7":[0],"8":[2],"9":[1],"10":[7],"11":[1],"12":[1],"13":[2],"14":[1],"15":[1],"16":[1],"17":[1],"18":[1],"19":[1],"20":[1],"21":[0],"22":[2],"23":[0],"24":[1],"25":[1],"26":[1],"27":[0],"28":[1],"29":[0],"30":[0],"31":[1],"32":[1,1]}}
,"/home/devmatias/documents/pos-fiap/easyOrder-challenge4-app-core/src/easyorder/Core/Entity/ProdutoEntity.ts": {"path":"/home/devmatias/documents/pos-fiap/easyOrder-challenge4-app-core/src/easyorder/Core/Entity/ProdutoEntity.ts","statementMap":{"0":{"start":{"line":1,"column":0},"end":{"line":1,"column":36}},"1":{"start":{"line":20,"column":4},"end":{"line":20,"column":21}},"2":{"start":{"line":21,"column":4},"end":{"line":21,"column":31}},"3":{"start":{"line":22,"column":4},"end":{"line":22,"column":23}},"4":{"start":{"line":23,"column":4},"end":{"line":23,"column":31}},"5":{"start":{"line":24,"column":4},"end":{"line":24,"column":31}},"6":{"start":{"line":25,"column":4},"end":{"line":27,"column":5}},"7":{"start":{"line":26,"column":6},"end":{"line":26,"column":20}},"8":{"start":{"line":28,"column":4},"end":{"line":28,"column":17}},"9":{"start":{"line":31,"column":4},"end":{"line":31,"column":19}},"10":{"start":{"line":34,"column":4},"end":{"line":34,"column":21}},"11":{"start":{"line":37,"column":4},"end":{"line":37,"column":26}},"12":{"start":{"line":40,"column":4},"end":{"line":40,"column":22}},"13":{"start":{"line":43,"column":4},"end":{"line":43,"column":26}},"14":{"start":{"line":46,"column":4},"end":{"line":46,"column":26}},"15":{"start":{"line":4,"column":0},"end":{"line":4,"column":13}}},"fnMap":{"0":{"name":"(anonymous_0)","decl":{"start":{"line":12,"column":2},"end":{"line":12,"column":null}},"loc":{"start":{"line":18,"column":15},"end":{"line":29,"column":3}}},"1":{"name":"(anonymous_1)","decl":{"start":{"line":30,"column":9},"end":{"line":30,"column":14}},"loc":{"start":{"line":30,"column":14},"end":{"line":32,"column":3}}},"2":{"name":"(anonymous_2)","decl":{"start":{"line":33,"column":9},"end":{"line":33,"column":16}},"loc":{"start":{"line":33,"column":16},"end":{"line":35,"column":3}}},"3":{"name":"(anonymous_3)","decl":{"start":{"line":36,"column":9},"end":{"line":36,"column":21}},"loc":{"start":{"line":36,"column":21},"end":{"line":38,"column":3}}},"4":{"name":"(anonymous_4)","decl":{"start":{"line":39,"column":9},"end":{"line":39,"column":17}},"loc":{"start":{"line":39,"column":17},"end":{"line":41,"column":3}}},"5":{"name":"(anonymous_5)","decl":{"start":{"line":42,"column":9},"end":{"line":42,"column":21}},"loc":{"start":{"line":42,"column":21},"end":{"line":44,"column":3}}},"6":{"name":"(anonymous_6)","decl":{"start":{"line":45,"column":9},"end":{"line":45,"column":21}},"loc":{"start":{"line":45,"column":21},"end":{"line":47,"column":3}}}},"branchMap":{"0":{"loc":{"start":{"line":25,"column":4},"end":{"line":27,"column":5}},"type":"if","locations":[{"start":{"line":25,"column":4},"end":{"line":27,"column":5}}]}},"s":{"0":3,"1":9,"2":9,"3":9,"4":9,"5":9,"6":9,"7":8,"8":9,"9":2,"10":1,"11":1,"12":10,"13":1,"14":1,"15":3},"f":{"0":9,"1":2,"2":1,"3":1,"4":10,"5":1,"6":1},"b":{"0":[8]}}
,"/home/devmatias/documents/pos-fiap/easyOrder-challenge4-app-core/src/easyorder/Core/Entity/TransactionEntity.ts": {"path":"/home/devmatias/documents/pos-fiap/easyOrder-challenge4-app-core/src/easyorder/Core/Entity/TransactionEntity.ts","statementMap":{"0":{"start":{"line":1,"column":0},"end":{"line":1,"column":36}},"1":{"start":{"line":2,"column":0},"end":{"line":2,"column":null}},"2":{"start":{"line":27,"column":4},"end":{"line":29,"column":5}},"3":{"start":{"line":28,"column":6},"end":{"line":28,"column":49}},"4":{"start":{"line":30,"column":4},"end":{"line":34,"column":5}},"5":{"start":{"line":31,"column":6},"end":{"line":33,"column":8}},"6":{"start":{"line":35,"column":4},"end":{"line":62,"column":5}},"7":{"start":{"line":36,"column":6},"end":{"line":36,"column":31}},"8":{"start":{"line":37,"column":6},"end":{"line":37,"column":43}},"9":{"start":{"line":39,"column":6},"end":{"line":40,"column":39}},"10":{"start":{"line":39,"column":37},"end":{"line":39,"column":68}},"11":{"start":{"line":40,"column":11},"end":{"line":40,"column":39}},"12":{"start":{"line":42,"column":6},"end":{"line":44,"column":50}},"13":{"start":{"line":43,"column":8},"end":{"line":43,"column":57}},"14":{"start":{"line":44,"column":11},"end":{"line":44,"column":50}},"15":{"start":{"line":46,"column":6},"end":{"line":50,"column":10}},"16":{"start":{"line":46,"column":41},"end":{"line":46,"column":80}},"17":{"start":{"line":48,"column":8},"end":{"line":50,"column":10}},"18":{"start":{"line":52,"column":6},"end":{"line":53,"column":30}},"19":{"start":{"line":52,"column":33},"end":{"line":52,"column":58}},"20":{"start":{"line":53,"column":11},"end":{"line":53,"column":30}},"21":{"start":{"line":55,"column":6},"end":{"line":56,"column":32}},"22":{"start":{"line":55,"column":35},"end":{"line":55,"column":64}},"23":{"start":{"line":56,"column":11},"end":{"line":56,"column":32}},"24":{"start":{"line":58,"column":6},"end":{"line":59,"column":32}},"25":{"start":{"line":58,"column":35},"end":{"line":58,"column":64}},"26":{"start":{"line":59,"column":11},"end":{"line":59,"column":32}},"27":{"start":{"line":61,"column":6},"end":{"line":61,"column":74}},"28":{"start":{"line":66,"column":4},"end":{"line":66,"column":28}},"29":{"start":{"line":70,"column":4},"end":{"line":70,"column":25}},"30":{"start":{"line":74,"column":4},"end":{"line":74,"column":37}},"31":{"start":{"line":78,"column":4},"end":{"line":80,"column":5}},"32":{"start":{"line":79,"column":6},"end":{"line":79,"column":59}},"33":{"start":{"line":81,"column":4},"end":{"line":85,"column":5}},"34":{"start":{"line":82,"column":6},"end":{"line":84,"column":8}},"35":{"start":{"line":86,"column":4},"end":{"line":93,"column":5}},"36":{"start":{"line":87,"column":6},"end":{"line":92,"column":10}},"37":{"start":{"line":88,"column":8},"end":{"line":88,"column":42}},"38":{"start":{"line":90,"column":8},"end":{"line":92,"column":10}},"39":{"start":{"line":94,"column":4},"end":{"line":101,"column":5}},"40":{"start":{"line":95,"column":6},"end":{"line":100,"column":78}},"41":{"start":{"line":98,"column":8},"end":{"line":98,"column":42}},"42":{"start":{"line":100,"column":8},"end":{"line":100,"column":78}},"43":{"start":{"line":102,"column":4},"end":{"line":109,"column":5}},"44":{"start":{"line":103,"column":6},"end":{"line":108,"column":80}},"45":{"start":{"line":106,"column":8},"end":{"line":106,"column":42}},"46":{"start":{"line":108,"column":8},"end":{"line":108,"column":80}},"47":{"start":{"line":110,"column":4},"end":{"line":110,"column":38}},"48":{"start":{"line":114,"column":4},"end":{"line":114,"column":43}},"49":{"start":{"line":118,"column":4},"end":{"line":118,"column":31}},"50":{"start":{"line":122,"column":4},"end":{"line":122,"column":29}},"51":{"start":{"line":126,"column":4},"end":{"line":126,"column":25}},"52":{"start":{"line":130,"column":4},"end":{"line":130,"column":33}},"53":{"start":{"line":134,"column":4},"end":{"line":134,"column":27}},"54":{"start":{"line":138,"column":4},"end":{"line":138,"column":33}},"55":{"start":{"line":142,"column":4},"end":{"line":142,"column":27}},"56":{"start":{"line":7,"column":0},"end":{"line":7,"column":13}}},"fnMap":{"0":{"name":"(anonymous_0)","decl":{"start":{"line":17,"column":2},"end":{"line":17,"column":null}},"loc":{"start":{"line":25,"column":23},"end":{"line":63,"column":3}}},"1":{"name":"(anonymous_1)","decl":{"start":{"line":65,"column":9},"end":{"line":65,"column":23}},"loc":{"start":{"line":65,"column":23},"end":{"line":67,"column":3}}},"2":{"name":"(anonymous_2)","decl":{"start":{"line":69,"column":9},"end":{"line":69,"column":20}},"loc":{"start":{"line":69,"column":20},"end":{"line":71,"column":3}}},"3":{"name":"(anonymous_3)","decl":{"start":{"line":73,"column":9},"end":{"line":73,"column":32}},"loc":{"start":{"line":73,"column":32},"end":{"line":75,"column":3}}},"4":{"name":"(anonymous_4)","decl":{"start":{"line":77,"column":9},"end":{"line":77,"column":27}},"loc":{"start":{"line":77,"column":66},"end":{"line":111,"column":3}}},"5":{"name":"(anonymous_5)","decl":{"start":{"line":113,"column":9},"end":{"line":113,"column":27}},"loc":{"start":{"line":113,"column":27},"end":{"line":115,"column":3}}},"6":{"name":"(anonymous_6)","decl":{"start":{"line":117,"column":9},"end":{"line":117,"column":26}},"loc":{"start":{"line":117,"column":26},"end":{"line":119,"column":3}}},"7":{"name":"(anonymous_7)","decl":{"start":{"line":121,"column":9},"end":{"line":121,"column":20}},"loc":{"start":{"line":121,"column":37},"end":{"line":123,"column":3}}},"8":{"name":"(anonymous_8)","decl":{"start":{"line":125,"column":9},"end":{"line":125,"column":20}},"loc":{"start":{"line":125,"column":20},"end":{"line":127,"column":3}}},"9":{"name":"(anonymous_9)","decl":{"start":{"line":129,"column":9},"end":{"line":129,"column":22}},"loc":{"start":{"line":129,"column":41},"end":{"line":131,"column":3}}},"10":{"name":"(anonymous_10)","decl":{"start":{"line":133,"column":9},"end":{"line":133,"column":22}},"loc":{"start":{"line":133,"column":22},"end":{"line":135,"column":3}}},"11":{"name":"(anonymous_11)","decl":{"start":{"line":137,"column":9},"end":{"line":137,"column":22}},"loc":{"start":{"line":137,"column":41},"end":{"line":139,"column":3}}},"12":{"name":"(anonymous_12)","decl":{"start":{"line":141,"column":9},"end":{"line":141,"column":22}},"loc":{"start":{"line":141,"column":22},"end":{"line":143,"column":3}}}},"branchMap":{"0":{"loc":{"start":{"line":27,"column":4},"end":{"line":29,"column":5}},"type":"if","locations":[{"start":{"line":27,"column":4},"end":{"line":29,"column":5}}]},"1":{"loc":{"start":{"line":30,"column":4},"end":{"line":34,"column":5}},"type":"if","locations":[{"start":{"line":30,"column":4},"end":{"line":34,"column":5}}]},"2":{"loc":{"start":{"line":30,"column":8},"end":{"line":30,"column":59}},"type":"binary-expr","locations":[{"start":{"line":30,"column":8},"end":{"line":30,"column":36}},{"start":{"line":30,"column":40},"end":{"line":30,"column":59}}]},"3":{"loc":{"start":{"line":39,"column":6},"end":{"line":40,"column":39}},"type":"if","locations":[{"start":{"line":39,"column":6},"end":{"line":40,"column":39}},{"start":{"line":40,"column":11},"end":{"line":40,"column":39}}]},"4":{"loc":{"start":{"line":42,"column":6},"end":{"line":44,"column":50}},"type":"if","locations":[{"start":{"line":42,"column":6},"end":{"line":44,"column":50}},{"start":{"line":44,"column":11},"end":{"line":44,"column":50}}]},"5":{"loc":{"start":{"line":46,"column":6},"end":{"line":50,"column":10}},"type":"if","locations":[{"start":{"line":46,"column":6},"end":{"line":50,"column":10}},{"start":{"line":48,"column":8},"end":{"line":50,"column":10}}]},"6":{"loc":{"start":{"line":52,"column":6},"end":{"line":53,"column":30}},"type":"if","locations":[{"start":{"line":52,"column":6},"end":{"line":53,"column":30}},{"start":{"line":53,"column":11},"end":{"line":53,"column":30}}]},"7":{"loc":{"start":{"line":55,"column":6},"end":{"line":56,"column":32}},"type":"if","locations":[{"start":{"line":55,"column":6},"end":{"line":56,"column":32}},{"start":{"line":56,"column":11},"end":{"line":56,"column":32}}]},"8":{"loc":{"start":{"line":58,"column":6},"end":{"line":59,"column":32}},"type":"if","locations":[{"start":{"line":58,"column":6},"end":{"line":59,"column":32}},{"start":{"line":59,"column":11},"end":{"line":59,"column":32}}]},"9":{"loc":{"start":{"line":78,"column":4},"end":{"line":80,"column":5}},"type":"if","locations":[{"start":{"line":78,"column":4},"end":{"line":80,"column":5}}]},"10":{"loc":{"start":{"line":81,"column":4},"end":{"line":85,"column":5}},"type":"if","locations":[{"start":{"line":81,"column":4},"end":{"line":85,"column":5}}]},"11":{"loc":{"start":{"line":86,"column":4},"end":{"line":93,"column":5}},"type":"if","locations":[{"start":{"line":86,"column":4},"end":{"line":93,"column":5}}]},"12":{"loc":{"start":{"line":87,"column":6},"end":{"line":92,"column":10}},"type":"if","locations":[{"start":{"line":87,"column":6},"end":{"line":92,"column":10}},{"start":{"line":90,"column":8},"end":{"line":92,"column":10}}]},"13":{"loc":{"start":{"line":94,"column":4},"end":{"line":101,"column":5}},"type":"if","locations":[{"start":{"line":94,"column":4},"end":{"line":101,"column":5}}]},"14":{"loc":{"start":{"line":95,"column":6},"end":{"line":100,"column":78}},"type":"if","locations":[{"start":{"line":95,"column":6},"end":{"line":100,"column":78}},{"start":{"line":100,"column":8},"end":{"line":100,"column":78}}]},"15":{"loc":{"start":{"line":102,"column":4},"end":{"line":109,"column":5}},"type":"if","locations":[{"start":{"line":102,"column":4},"end":{"line":109,"column":5}}]},"16":{"loc":{"start":{"line":103,"column":6},"end":{"line":108,"column":80}},"type":"if","locations":[{"start":{"line":103,"column":6},"end":{"line":108,"column":80}},{"start":{"line":108,"column":8},"end":{"line":108,"column":80}}]}},"s":{"0":1,"1":1,"2":10,"3":0,"4":10,"5":2,"6":8,"7":8,"8":8,"9":8,"10":1,"11":7,"12":8,"13":1,"14":7,"15":8,"16":1,"17":7,"18":8,"19":1,"20":7,"21":8,"22":1,"23":7,"24":8,"25":1,"26":7,"27":0,"28":2,"29":2,"30":2,"31":5,"32":0,"33":5,"34":1,"35":4,"36":1,"37":1,"38":0,"39":4,"40":2,"41":1,"42":1,"43":3,"44":1,"45":0,"46":1,"47":2,"48":4,"49":2,"50":1,"51":3,"52":1,"53":3,"54":1,"55":3,"56":1},"f":{"0":10,"1":2,"2":2,"3":2,"4":5,"5":4,"6":2,"7":1,"8":3,"9":1,"10":3,"11":1,"12":3},"b":{"0":[0],"1":[2],"2":[10,10],"3":[1,7],"4":[1,7],"5":[1,7],"6":[1,7],"7":[1,7],"8":[1,7],"9":[0],"10":[1],"11":[1],"12":[1,0],"13":[2],"14":[1,1],"15":[1],"16":[0,1]}}
,"/home/devmatias/documents/pos-fiap/easyOrder-challenge4-app-core/src/easyorder/Core/Entity/ValueObject/CategoriaEnum.ts": {"path":"/home/devmatias/documents/pos-fiap/easyOrder-challenge4-app-core/src/easyorder/Core/Entity/ValueObject/CategoriaEnum.ts","statementMap":{"0":{"start":{"line":1,"column":0},"end":{"line":1,"column":null}},"1":{"start":{"line":2,"column":2},"end":{"line":2,"column":null}},"2":{"start":{"line":3,"column":2},"end":{"line":3,"column":null}},"3":{"start":{"line":4,"column":2},"end":{"line":4,"column":null}},"4":{"start":{"line":5,"column":2},"end":{"line":5,"column":null}}},"fnMap":{"0":{"name":"(anonymous_0)","decl":{"start":{"line":1,"column":0},"end":{"line":1,"column":12}},"loc":{"start":{"line":1,"column":25},"end":{"line":6,"column":1}}}},"branchMap":{"0":{"loc":{"start":{"line":1,"column":12},"end":{"line":1,"column":null}},"type":"binary-expr","locations":[{"start":{"line":1,"column":12},"end":{"line":1,"column":25}},{"start":{"line":1,"column":25},"end":{"line":1,"column":null}}]}},"s":{"0":3,"1":3,"2":3,"3":3,"4":3},"f":{"0":3},"b":{"0":[3,3]}}
,"/home/devmatias/documents/pos-fiap/easyOrder-challenge4-app-core/src/easyorder/Core/Entity/ValueObject/StatusPagamentoEnum.ts": {"path":"/home/devmatias/documents/pos-fiap/easyOrder-challenge4-app-core/src/easyorder/Core/Entity/ValueObject/StatusPagamentoEnum.ts","statementMap":{"0":{"start":{"line":1,"column":0},"end":{"line":1,"column":null}},"1":{"start":{"line":2,"column":2},"end":{"line":2,"column":null}},"2":{"start":{"line":3,"column":2},"end":{"line":3,"column":null}},"3":{"start":{"line":4,"column":2},"end":{"line":4,"column":null}}},"fnMap":{"0":{"name":"(anonymous_0)","decl":{"start":{"line":1,"column":0},"end":{"line":1,"column":12}},"loc":{"start":{"line":1,"column":31},"end":{"line":5,"column":1}}}},"branchMap":{"0":{"loc":{"start":{"line":1,"column":12},"end":{"line":1,"column":null}},"type":"binary-expr","locations":[{"start":{"line":1,"column":12},"end":{"line":1,"column":31}},{"start":{"line":1,"column":31},"end":{"line":1,"column":null}}]}},"s":{"0":1,"1":1,"2":1,"3":1},"f":{"0":1},"b":{"0":[1,1]}}
,"/home/devmatias/documents/pos-fiap/easyOrder-challenge4-app-core/src/easyorder/Core/Entity/ValueObject/StatusPedidoValueObject.ts": {"path":"/home/devmatias/documents/pos-fiap/easyOrder-challenge4-app-core/src/easyorder/Core/Entity/ValueObject/StatusPedidoValueObject.ts","statementMap":{"0":{"start":{"line":1,"column":0},"end":{"line":1,"column":null}},"1":{"start":{"line":2,"column":2},"end":{"line":2,"column":null}},"2":{"start":{"line":3,"column":2},"end":{"line":3,"column":null}},"3":{"start":{"line":4,"column":2},"end":{"line":4,"column":null}},"4":{"start":{"line":5,"column":2},"end":{"line":5,"column":null}},"5":{"start":{"line":6,"column":2},"end":{"line":6,"column":null}},"6":{"start":{"line":7,"column":2},"end":{"line":7,"column":null}},"7":{"start":{"line":8,"column":2},"end":{"line":8,"column":null}},"8":{"start":{"line":15,"column":4},"end":{"line":15,"column":23}},"9":{"start":{"line":19,"column":4},"end":{"line":19,"column":22}},"10":{"start":{"line":11,"column":0},"end":{"line":11,"column":13}}},"fnMap":{"0":{"name":"(anonymous_0)","decl":{"start":{"line":1,"column":0},"end":{"line":1,"column":12}},"loc":{"start":{"line":1,"column":28},"end":{"line":9,"column":1}}},"1":{"name":"(anonymous_1)","decl":{"start":{"line":14,"column":2},"end":{"line":14,"column":14}},"loc":{"start":{"line":14,"column":37},"end":{"line":16,"column":3}}},"2":{"name":"(anonymous_2)","decl":{"start":{"line":18,"column":2},"end":{"line":18,"column":10}},"loc":{"start":{"line":18,"column":10},"end":{"line":20,"column":3}}}},"branchMap":{"0":{"loc":{"start":{"line":1,"column":12},"end":{"line":1,"column":null}},"type":"binary-expr","locations":[{"start":{"line":1,"column":12},"end":{"line":1,"column":28}},{"start":{"line":1,"column":28},"end":{"line":1,"column":null}}]}},"s":{"0":1,"1":1,"2":1,"3":1,"4":1,"5":1,"6":1,"7":1,"8":37,"9":121,"10":1},"f":{"0":1,"1":37,"2":121},"b":{"0":[1,1]}}
,"/home/devmatias/documents/pos-fiap/easyOrder-challenge4-app-core/src/easyorder/Core/Entity/ValueObject/StatusTransacaoValueObject.ts": {"path":"/home/devmatias/documents/pos-fiap/easyOrder-challenge4-app-core/src/easyorder/Core/Entity/ValueObject/StatusTransacaoValueObject.ts","statementMap":{"0":{"start":{"line":1,"column":0},"end":{"line":1,"column":null}},"1":{"start":{"line":2,"column":2},"end":{"line":2,"column":null}},"2":{"start":{"line":3,"column":2},"end":{"line":3,"column":null}},"3":{"start":{"line":4,"column":2},"end":{"line":4,"column":null}},"4":{"start":{"line":5,"column":2},"end":{"line":5,"column":null}},"5":{"start":{"line":6,"column":2},"end":{"line":6,"column":null}},"6":{"start":{"line":13,"column":4},"end":{"line":13,"column":23}},"7":{"start":{"line":15,"column":4},"end":{"line":17,"column":5}},"8":{"start":{"line":16,"column":6},"end":{"line":16,"column":51}},"9":{"start":{"line":21,"column":4},"end":{"line":21,"column":22}},"10":{"start":{"line":9,"column":0},"end":{"line":9,"column":13}}},"fnMap":{"0":{"name":"(anonymous_0)","decl":{"start":{"line":1,"column":0},"end":{"line":1,"column":12}},"loc":{"start":{"line":1,"column":31},"end":{"line":7,"column":1}}},"1":{"name":"(anonymous_1)","decl":{"start":{"line":12,"column":2},"end":{"line":12,"column":14}},"loc":{"start":{"line":12,"column":40},"end":{"line":18,"column":3}}},"2":{"name":"(anonymous_2)","decl":{"start":{"line":20,"column":2},"end":{"line":20,"column":10}},"loc":{"start":{"line":20,"column":10},"end":{"line":22,"column":3}}}},"branchMap":{"0":{"loc":{"start":{"line":1,"column":12},"end":{"line":1,"column":null}},"type":"binary-expr","locations":[{"start":{"line":1,"column":12},"end":{"line":1,"column":31}},{"start":{"line":1,"column":31},"end":{"line":1,"column":null}}]},"1":{"loc":{"start":{"line":15,"column":4},"end":{"line":17,"column":5}},"type":"if","locations":[{"start":{"line":15,"column":4},"end":{"line":17,"column":5}}]}},"s":{"0":1,"1":1,"2":1,"3":1,"4":1,"5":1,"6":13,"7":13,"8":0,"9":24,"10":1},"f":{"0":1,"1":13,"2":24},"b":{"0":[1,1],"1":[0]}}
}
