TN:
SF:src/easyorder/Core/Entity/PedidoComboEntity.ts
FN:11,(anonymous_0)
FN:36,(anonymous_1)
FN:40,(anonymous_2)
FN:44,(anonymous_3)
FN:48,(anonymous_4)
FN:52,(anonymous_5)
FN:56,(anonymous_6)
FNF:7
FNH:7
FNDA:14,(anonymous_0)
FNDA:7,(anonymous_1)
FNDA:1,(anonymous_2)
FNDA:1,(anonymous_3)
FNDA:1,(anonymous_4)
FNDA:1,(anonymous_5)
FNDA:8,(anonymous_6)
DA:1,3
DA:4,3
DA:18,14
DA:19,14
DA:20,14
DA:21,14
DA:24,14
DA:30,1
DA:33,13
DA:37,7
DA:41,1
DA:45,1
DA:49,1
DA:53,1
DA:57,8
DA:59,8
DA:60,7
DA:63,8
DA:64,6
DA:67,8
DA:68,3
DA:71,8
DA:72,1
DA:75,8
LF:24
LH:24
BRDA:18,0,0,14
BRDA:18,0,1,6
BRDA:19,1,0,14
BRDA:19,1,1,9
BRDA:20,2,0,14
BRDA:20,2,1,10
BRDA:21,3,0,14
BRDA:21,3,1,12
BRDA:24,4,0,1
BRDA:25,5,0,14
BRDA:25,5,1,6
BRDA:25,5,2,4
BRDA:25,5,3,2
BRDA:33,6,0,13
BRDA:33,6,1,12
BRDA:59,7,0,7
BRDA:63,8,0,6
BRDA:67,9,0,3
BRDA:71,10,0,1
BRF:19
BRH:19
end_of_record
TN:
SF:src/easyorder/Core/Entity/PedidoEntity.ts
FN:17,(anonymous_0)
FN:61,(anonymous_1)
FN:65,(anonymous_2)
FN:69,(anonymous_3)
FN:73,(anonymous_4)
FN:77,(anonymous_5)
FN:137,(anonymous_6)
FN:141,(anonymous_7)
FN:165,(anonymous_8)
FN:169,(anonymous_9)
FN:181,(anonymous_10)
FN:188,(anonymous_11)
FN:200,(anonymous_12)
FN:211,(anonymous_13)
FN:215,(anonymous_14)
FNF:15
FNH:15
FNDA:55,(anonymous_0)
FNDA:5,(anonymous_1)
FNDA:1,(anonymous_2)
FNDA:1,(anonymous_3)
FNDA:12,(anonymous_4)
FNDA:25,(anonymous_5)
FNDA:3,(anonymous_6)
FNDA:5,(anonymous_7)
FNDA:3,(anonymous_8)
FNDA:16,(anonymous_9)
FNDA:16,(anonymous_10)
FNDA:3,(anonymous_11)
FNDA:2,(anonymous_12)
FNDA:5,(anonymous_13)
FNDA:6,(anonymous_14)
DA:1,2
DA:3,2
DA:4,2
DA:9,2
DA:15,55
DA:25,55
DA:26,52
DA:27,52
DA:28,52
DA:29,52
DA:32,55
DA:33,0
DA:38,55
DA:39,1
DA:42,54
DA:43,0
DA:46,54
DA:47,0
DA:52,54
DA:53,54
DA:54,54
DA:55,54
DA:56,54
DA:58,54
DA:62,5
DA:66,1
DA:70,1
DA:74,12
DA:78,25
DA:79,0
DA:82,25
DA:83,6
DA:88,6
DA:89,1
DA:93,24
DA:95,8
DA:96,1
DA:101,7
DA:102,1
DA:106,22
DA:107,4
DA:110,1
DA:114,21
DA:115,1
DA:116,1
DA:120,20
DA:121,1
DA:122,1
DA:128,19
DA:129,1
DA:130,1
DA:134,18
DA:138,3
DA:142,5
DA:143,0
DA:146,5
DA:147,4
DA:148,0
DA:154,5
DA:155,1
DA:156,1
DA:162,4
DA:166,3
DA:171,16
DA:172,1
DA:177,15
DA:178,0
DA:181,15
DA:182,16
DA:185,15
DA:190,3
DA:191,1
DA:196,2
DA:197,0
DA:200,2
DA:202,2
DA:203,0
DA:206,2
DA:208,2
DA:212,5
DA:214,5
DA:215,5
DA:216,6
DA:220,5
LF:84
LH:75
BRDA:25,0,0,52
BRDA:32,1,0,0
BRDA:32,2,0,55
BRDA:32,2,1,55
BRDA:38,3,0,1
BRDA:42,4,0,0
BRDA:46,5,0,0
BRDA:58,6,0,54
BRDA:58,6,1,51
BRDA:78,7,0,0
BRDA:82,8,0,6
BRDA:88,9,0,1
BRDA:93,10,0,8
BRDA:95,11,0,1
BRDA:101,12,0,1
BRDA:106,13,0,4
BRDA:107,14,0,1
BRDA:114,15,0,1
BRDA:115,16,0,1
BRDA:120,17,0,1
BRDA:121,18,0,1
BRDA:128,19,0,1
BRDA:129,20,0,1
BRDA:142,21,0,0
BRDA:146,22,0,4
BRDA:147,23,0,0
BRDA:154,24,0,1
BRDA:155,25,0,1
BRDA:171,26,0,1
BRDA:177,27,0,0
BRDA:190,28,0,1
BRDA:196,29,0,0
BRDA:202,30,0,0
BRDA:214,31,0,5
BRDA:214,32,0,5
BRDA:214,32,1,5
BRF:36
BRH:27
end_of_record
TN:
SF:src/easyorder/Core/Entity/ProdutoEntity.ts
FN:12,(anonymous_0)
FN:30,(anonymous_1)
FN:33,(anonymous_2)
FN:36,(anonymous_3)
FN:39,(anonymous_4)
FN:42,(anonymous_5)
FN:45,(anonymous_6)
FNF:7
FNH:7
FNDA:14,(anonymous_0)
FNDA:2,(anonymous_1)
FNDA:1,(anonymous_2)
FNDA:1,(anonymous_3)
FNDA:18,(anonymous_4)
FNDA:1,(anonymous_5)
FNDA:3,(anonymous_6)
DA:1,4
DA:4,4
DA:20,14
DA:21,14
DA:22,14
DA:23,14
DA:24,14
DA:25,14
DA:26,13
DA:28,14
DA:31,2
DA:34,1
DA:37,1
DA:40,18
DA:43,1
DA:46,3
LF:16
LH:16
BRDA:25,0,0,13
BRF:1
BRH:1
end_of_record
TN:
SF:src/easyorder/Core/Entity/TransactionEntity.ts
FN:17,(anonymous_0)
FN:65,(anonymous_1)
FN:69,(anonymous_2)
FN:73,(anonymous_3)
FN:77,(anonymous_4)
FN:113,(anonymous_5)
FN:117,(anonymous_6)
FN:121,(anonymous_7)
FN:125,(anonymous_8)
FN:129,(anonymous_9)
FN:133,(anonymous_10)
FN:137,(anonymous_11)
FN:141,(anonymous_12)
FNF:13
FNH:13
FNDA:14,(anonymous_0)
FNDA:3,(anonymous_1)
FNDA:2,(anonymous_2)
FNDA:2,(anonymous_3)
FNDA:5,(anonymous_4)
FNDA:4,(anonymous_5)
FNDA:2,(anonymous_6)
FNDA:1,(anonymous_7)
FNDA:3,(anonymous_8)
FNDA:1,(anonymous_9)
FNDA:3,(anonymous_10)
FNDA:1,(anonymous_11)
FNDA:3,(anonymous_12)
DA:1,2
DA:2,2
DA:7,2
DA:27,14
DA:28,0
DA:30,14
DA:31,2
DA:35,12
DA:36,12
DA:37,12
DA:39,12
DA:40,11
DA:42,12
DA:43,1
DA:44,11
DA:46,12
DA:48,11
DA:52,12
DA:53,11
DA:55,12
DA:56,11
DA:58,12
DA:59,11
DA:61,0
DA:66,3
DA:70,2
DA:74,2
DA:78,5
DA:79,0
DA:81,5
DA:82,1
DA:86,4
DA:87,1
DA:88,1
DA:90,0
DA:94,4
DA:95,2
DA:98,1
DA:100,1
DA:102,3
DA:103,1
DA:106,0
DA:108,1
DA:110,2
DA:114,4
DA:118,2
DA:122,1
DA:126,3
DA:130,1
DA:134,3
DA:138,1
DA:142,3
LF:52
LH:47
BRDA:27,0,0,0
BRDA:30,1,0,2
BRDA:30,2,0,14
BRDA:30,2,1,14
BRDA:39,3,0,1
BRDA:39,3,1,11
BRDA:42,4,0,1
BRDA:42,4,1,11
BRDA:46,5,0,1
BRDA:46,5,1,11
BRDA:52,6,0,1
BRDA:52,6,1,11
BRDA:55,7,0,1
BRDA:55,7,1,11
BRDA:58,8,0,1
BRDA:58,8,1,11
BRDA:78,9,0,0
BRDA:81,10,0,1
BRDA:86,11,0,1
BRDA:87,12,0,1
BRDA:87,12,1,0
BRDA:94,13,0,2
BRDA:95,14,0,1
BRDA:95,14,1,1
BRDA:102,15,0,1
BRDA:103,16,0,0
BRDA:103,16,1,1
BRF:27
BRH:23
end_of_record
TN:
SF:src/easyorder/Core/Entity/ValueObject/CategoriaEnum.ts
FN:1,(anonymous_0)
FNF:1
FNH:1
FNDA:4,(anonymous_0)
DA:1,4
DA:2,4
DA:3,4
DA:4,4
DA:5,4
LF:5
LH:5
BRDA:1,0,0,4
BRDA:1,0,1,4
BRF:2
BRH:2
end_of_record
TN:
SF:src/easyorder/Core/Entity/ValueObject/StatusPagamentoEnum.ts
FN:1,(anonymous_0)
FNF:1
FNH:1
FNDA:2,(anonymous_0)
DA:1,2
DA:2,2
DA:3,2
DA:4,2
LF:4
LH:4
BRDA:1,0,0,2
BRDA:1,0,1,2
BRF:2
BRH:2
end_of_record
TN:
SF:src/easyorder/Core/Entity/ValueObject/StatusPedidoValueObject.ts
FN:1,(anonymous_0)
FN:14,(anonymous_1)
FN:18,(anonymous_2)
FNF:3
FNH:3
FNDA:2,(anonymous_0)
FNDA:83,(anonymous_1)
FNDA:182,(anonymous_2)
DA:1,2
DA:2,2
DA:3,2
DA:4,2
DA:5,2
DA:6,2
DA:7,2
DA:8,2
DA:11,2
DA:15,83
DA:19,182
LF:11
LH:11
BRDA:1,0,0,2
BRDA:1,0,1,2
BRF:2
BRH:2
end_of_record
TN:
SF:src/easyorder/Core/Entity/ValueObject/StatusTransacaoValueObject.ts
FN:1,(anonymous_0)
FN:12,(anonymous_1)
FN:20,(anonymous_2)
FNF:3
FNH:3
FNDA:2,(anonymous_0)
FNDA:17,(anonymous_1)
FNDA:24,(anonymous_2)
DA:1,2
DA:2,2
DA:3,2
DA:4,2
DA:5,2
DA:6,2
DA:9,2
DA:13,17
DA:15,17
DA:16,0
DA:21,24
LF:11
LH:10
BRDA:1,0,0,2
BRDA:1,0,1,2
BRDA:15,1,0,0
BRF:3
BRH:2
end_of_record
TN:
SF:src/easyorder/Core/Types/ExceptionType.ts
FN:2,(anonymous_0)
FN:10,(anonymous_1)
FN:18,(anonymous_2)
FNF:3
FNH:2
FNDA:8,(anonymous_0)
FNDA:3,(anonymous_1)
FNDA:0,(anonymous_2)
DA:1,1
DA:3,8
DA:4,8
DA:5,8
DA:9,1
DA:11,3
DA:12,3
DA:13,3
DA:17,1
DA:19,0
DA:20,0
DA:21,0
LF:12
LH:9
BRDA:2,0,0,0
BRDA:10,1,0,0
BRDA:18,2,0,0
BRF:3
BRH:0
end_of_record
TN:
SF:src/easyorder/Core/Usecase/PedidoUsecases.ts
FN:15,(anonymous_0)
FN:38,(anonymous_1)
FN:71,(anonymous_2)
FN:87,(anonymous_3)
FN:117,(anonymous_4)
FN:149,(anonymous_5)
FN:192,(anonymous_6)
FN:285,(anonymous_7)
FNF:8
FNH:8
FNDA:3,(anonymous_0)
FNDA:3,(anonymous_1)
FNDA:2,(anonymous_2)
FNDA:4,(anonymous_3)
FNDA:4,(anonymous_4)
FNDA:4,(anonymous_5)
FNDA:4,(anonymous_6)
FNDA:2,(anonymous_7)
DA:1,1
DA:2,1
DA:3,1
DA:4,1
DA:5,1
DA:6,1
DA:11,1
DA:13,1
DA:20,3
DA:21,1
DA:24,3
DA:26,3
DA:28,3
DA:29,1
DA:32,2
DA:46,3
DA:53,3
DA:55,3
DA:57,3
DA:58,1
DA:61,2
DA:62,1
DA:65,1
DA:75,2
DA:77,2
DA:78,1
DA:81,1
DA:91,4
DA:93,4
DA:94,1
DA:97,3
DA:98,1
DA:101,2
DA:105,2
DA:107,2
DA:108,1
DA:111,1
DA:121,4
DA:123,4
DA:124,1
DA:127,3
DA:128,1
DA:131,2
DA:133,2
DA:137,2
DA:139,2
DA:140,1
DA:143,1
DA:155,4
DA:156,4
DA:157,1
DA:160,3
DA:161,3
DA:162,3
DA:165,1
DA:167,2
DA:168,1
DA:169,0
DA:172,1
DA:173,1
DA:174,0
DA:177,1
DA:181,1
DA:182,1
DA:183,0
DA:186,1
DA:202,4
DA:204,4
DA:205,1
DA:208,3
DA:209,3
DA:210,3
DA:212,3
DA:213,1
DA:217,2
DA:218,1
DA:222,1
DA:223,1
DA:224,0
DA:226,0
DA:227,0
DA:231,0
DA:232,0
DA:236,1
DA:237,1
DA:238,0
DA:240,0
DA:241,0
DA:245,0
DA:246,0
DA:250,1
DA:251,1
DA:252,0
DA:254,0
DA:255,0
DA:259,0
DA:260,0
DA:264,1
DA:271,1
DA:273,1
DA:275,1
DA:276,0
DA:279,1
DA:290,2
DA:292,2
DA:293,1
DA:296,1
DA:298,1
DA:300,1
DA:301,0
DA:304,1
LF:111
LH:91
BRDA:20,0,0,1
BRDA:28,1,0,1
BRDA:57,2,0,1
BRDA:61,3,0,1
BRDA:77,4,0,1
BRDA:93,5,0,1
BRDA:97,6,0,1
BRDA:107,7,0,1
BRDA:123,8,0,1
BRDA:127,9,0,1
BRDA:139,10,0,1
BRDA:156,11,0,1
BRDA:168,12,0,0
BRDA:173,13,0,0
BRDA:182,14,0,0
BRDA:204,15,0,1
BRDA:209,16,0,3
BRDA:212,17,0,1
BRDA:217,18,0,1
BRDA:223,19,0,0
BRDA:226,20,0,0
BRDA:231,21,0,0
BRDA:237,22,0,0
BRDA:240,23,0,0
BRDA:245,24,0,0
BRDA:251,25,0,0
BRDA:254,26,0,0
BRDA:259,27,0,0
BRDA:275,28,0,0
BRDA:292,29,0,1
BRDA:300,30,0,0
BRF:31
BRH:17
end_of_record
