TN:
SF:src/easyorder/Core/Entity/PedidoComboEntity.ts
FN:11,(anonymous_0)
FN:36,(anonymous_1)
FN:40,(anonymous_2)
FN:44,(anonymous_3)
FN:48,(anonymous_4)
FN:52,(anonymous_5)
FN:56,(anonymous_6)
FNF:7
FNH:7
FNDA:11,(anonymous_0)
FNDA:5,(anonymous_1)
FNDA:1,(anonymous_2)
FNDA:1,(anonymous_3)
FNDA:1,(anonymous_4)
FNDA:1,(anonymous_5)
FNDA:4,(anonymous_6)
DA:1,2
DA:4,2
DA:18,11
DA:19,11
DA:20,11
DA:21,11
DA:24,11
DA:30,1
DA:33,10
DA:37,5
DA:41,1
DA:45,1
DA:49,1
DA:53,1
DA:57,4
DA:59,4
DA:60,3
DA:63,4
DA:64,2
DA:67,4
DA:68,3
DA:71,4
DA:72,1
DA:75,4
LF:24
LH:24
BRDA:18,0,0,11
BRDA:18,0,1,5
BRDA:19,1,0,11
BRDA:19,1,1,8
BRDA:20,2,0,11
BRDA:20,2,1,7
BRDA:21,3,0,11
BRDA:21,3,1,9
BRDA:24,4,0,1
BRDA:25,5,0,11
BRDA:25,5,1,5
BRDA:25,5,2,4
BRDA:25,5,3,2
BRDA:33,6,0,10
BRDA:33,6,1,9
BRDA:59,7,0,3
BRDA:63,8,0,2
BRDA:67,9,0,3
BRDA:71,10,0,1
BRF:19
BRH:19
end_of_record
TN:
SF:src/easyorder/Core/Entity/PedidoEntity.ts
FN:17,(anonymous_0)
FN:61,(anonymous_1)
FN:65,(anonymous_2)
FN:69,(anonymous_3)
FN:73,(anonymous_4)
FN:77,(anonymous_5)
FN:137,(anonymous_6)
FN:141,(anonymous_7)
FN:165,(anonymous_8)
FN:169,(anonymous_9)
FN:181,(anonymous_10)
FN:188,(anonymous_11)
FN:200,(anonymous_12)
FN:211,(anonymous_13)
FN:215,(anonymous_14)
FNF:15
FNH:15
FNDA:19,(anonymous_0)
FNDA:1,(anonymous_1)
FNDA:1,(anonymous_2)
FNDA:1,(anonymous_3)
FNDA:3,(anonymous_4)
FNDA:18,(anonymous_5)
FNDA:2,(anonymous_6)
FNDA:3,(anonymous_7)
FNDA:3,(anonymous_8)
FNDA:14,(anonymous_9)
FNDA:14,(anonymous_10)
FNDA:2,(anonymous_11)
FNDA:1,(anonymous_12)
FNDA:1,(anonymous_13)
FNDA:2,(anonymous_14)
DA:1,1
DA:3,1
DA:4,1
DA:9,1
DA:15,19
DA:25,19
DA:26,19
DA:27,19
DA:28,19
DA:29,19
DA:32,19
DA:33,0
DA:38,19
DA:39,1
DA:42,18
DA:43,0
DA:46,18
DA:47,0
DA:52,18
DA:53,18
DA:54,18
DA:55,18
DA:56,18
DA:58,18
DA:62,1
DA:66,1
DA:70,1
DA:74,3
DA:78,18
DA:79,0
DA:82,18
DA:83,2
DA:88,2
DA:89,1
DA:93,17
DA:95,7
DA:96,1
DA:101,6
DA:102,1
DA:106,15
DA:107,2
DA:110,1
DA:114,14
DA:115,1
DA:116,1
DA:120,13
DA:121,1
DA:122,1
DA:128,12
DA:129,1
DA:130,1
DA:134,11
DA:138,2
DA:142,3
DA:143,0
DA:146,3
DA:147,2
DA:148,0
DA:154,3
DA:155,1
DA:156,1
DA:162,2
DA:166,3
DA:171,14
DA:172,1
DA:177,13
DA:178,0
DA:181,13
DA:182,14
DA:185,13
DA:190,2
DA:191,1
DA:196,1
DA:197,0
DA:200,1
DA:202,1
DA:203,0
DA:206,1
DA:208,1
DA:212,1
DA:214,1
DA:215,1
DA:216,2
DA:220,1
LF:84
LH:75
BRDA:25,0,0,19
BRDA:32,1,0,0
BRDA:32,2,0,19
BRDA:32,2,1,19
BRDA:38,3,0,1
BRDA:42,4,0,0
BRDA:46,5,0,0
BRDA:58,6,0,18
BRDA:58,6,1,18
BRDA:78,7,0,0
BRDA:82,8,0,2
BRDA:88,9,0,1
BRDA:93,10,0,7
BRDA:95,11,0,1
BRDA:101,12,0,1
BRDA:106,13,0,2
BRDA:107,14,0,1
BRDA:114,15,0,1
BRDA:115,16,0,1
BRDA:120,17,0,1
BRDA:121,18,0,1
BRDA:128,19,0,1
BRDA:129,20,0,1
BRDA:142,21,0,0
BRDA:146,22,0,2
BRDA:147,23,0,0
BRDA:154,24,0,1
BRDA:155,25,0,1
BRDA:171,26,0,1
BRDA:177,27,0,0
BRDA:190,28,0,1
BRDA:196,29,0,0
BRDA:202,30,0,0
BRDA:214,31,0,1
BRDA:214,32,0,1
BRDA:214,32,1,1
BRF:36
BRH:27
end_of_record
TN:
SF:src/easyorder/Core/Entity/ProdutoEntity.ts
FN:12,(anonymous_0)
FN:30,(anonymous_1)
FN:33,(anonymous_2)
FN:36,(anonymous_3)
FN:39,(anonymous_4)
FN:42,(anonymous_5)
FN:45,(anonymous_6)
FNF:7
FNH:7
FNDA:9,(anonymous_0)
FNDA:2,(anonymous_1)
FNDA:1,(anonymous_2)
FNDA:1,(anonymous_3)
FNDA:10,(anonymous_4)
FNDA:1,(anonymous_5)
FNDA:1,(anonymous_6)
DA:1,3
DA:4,3
DA:20,9
DA:21,9
DA:22,9
DA:23,9
DA:24,9
DA:25,9
DA:26,8
DA:28,9
DA:31,2
DA:34,1
DA:37,1
DA:40,10
DA:43,1
DA:46,1
LF:16
LH:16
BRDA:25,0,0,8
BRF:1
BRH:1
end_of_record
TN:
SF:src/easyorder/Core/Entity/TransactionEntity.ts
FN:17,(anonymous_0)
FN:65,(anonymous_1)
FN:69,(anonymous_2)
FN:73,(anonymous_3)
FN:77,(anonymous_4)
FN:113,(anonymous_5)
FN:117,(anonymous_6)
FN:121,(anonymous_7)
FN:125,(anonymous_8)
FN:129,(anonymous_9)
FN:133,(anonymous_10)
FN:137,(anonymous_11)
FN:141,(anonymous_12)
FNF:13
FNH:13
FNDA:10,(anonymous_0)
FNDA:2,(anonymous_1)
FNDA:2,(anonymous_2)
FNDA:2,(anonymous_3)
FNDA:5,(anonymous_4)
FNDA:4,(anonymous_5)
FNDA:2,(anonymous_6)
FNDA:1,(anonymous_7)
FNDA:3,(anonymous_8)
FNDA:1,(anonymous_9)
FNDA:3,(anonymous_10)
FNDA:1,(anonymous_11)
FNDA:3,(anonymous_12)
DA:1,1
DA:2,1
DA:7,1
DA:27,10
DA:28,0
DA:30,10
DA:31,2
DA:35,8
DA:36,8
DA:37,8
DA:39,8
DA:40,7
DA:42,8
DA:43,1
DA:44,7
DA:46,8
DA:48,7
DA:52,8
DA:53,7
DA:55,8
DA:56,7
DA:58,8
DA:59,7
DA:61,0
DA:66,2
DA:70,2
DA:74,2
DA:78,5
DA:79,0
DA:81,5
DA:82,1
DA:86,4
DA:87,1
DA:88,1
DA:90,0
DA:94,4
DA:95,2
DA:98,1
DA:100,1
DA:102,3
DA:103,1
DA:106,0
DA:108,1
DA:110,2
DA:114,4
DA:118,2
DA:122,1
DA:126,3
DA:130,1
DA:134,3
DA:138,1
DA:142,3
LF:52
LH:47
BRDA:27,0,0,0
BRDA:30,1,0,2
BRDA:30,2,0,10
BRDA:30,2,1,10
BRDA:39,3,0,1
BRDA:39,3,1,7
BRDA:42,4,0,1
BRDA:42,4,1,7
BRDA:46,5,0,1
BRDA:46,5,1,7
BRDA:52,6,0,1
BRDA:52,6,1,7
BRDA:55,7,0,1
BRDA:55,7,1,7
BRDA:58,8,0,1
BRDA:58,8,1,7
BRDA:78,9,0,0
BRDA:81,10,0,1
BRDA:86,11,0,1
BRDA:87,12,0,1
BRDA:87,12,1,0
BRDA:94,13,0,2
BRDA:95,14,0,1
BRDA:95,14,1,1
BRDA:102,15,0,1
BRDA:103,16,0,0
BRDA:103,16,1,1
BRF:27
BRH:23
end_of_record
TN:
SF:src/easyorder/Core/Entity/ValueObject/CategoriaEnum.ts
FN:1,(anonymous_0)
FNF:1
FNH:1
FNDA:3,(anonymous_0)
DA:1,3
DA:2,3
DA:3,3
DA:4,3
DA:5,3
LF:5
LH:5
BRDA:1,0,0,3
BRDA:1,0,1,3
BRF:2
BRH:2
end_of_record
TN:
SF:src/easyorder/Core/Entity/ValueObject/StatusPagamentoEnum.ts
FN:1,(anonymous_0)
FNF:1
FNH:1
FNDA:1,(anonymous_0)
DA:1,1
DA:2,1
DA:3,1
DA:4,1
LF:4
LH:4
BRDA:1,0,0,1
BRDA:1,0,1,1
BRF:2
BRH:2
end_of_record
TN:
SF:src/easyorder/Core/Entity/ValueObject/StatusPedidoValueObject.ts
FN:1,(anonymous_0)
FN:14,(anonymous_1)
FN:18,(anonymous_2)
FNF:3
FNH:3
FNDA:1,(anonymous_0)
FNDA:37,(anonymous_1)
FNDA:121,(anonymous_2)
DA:1,1
DA:2,1
DA:3,1
DA:4,1
DA:5,1
DA:6,1
DA:7,1
DA:8,1
DA:11,1
DA:15,37
DA:19,121
LF:11
LH:11
BRDA:1,0,0,1
BRDA:1,0,1,1
BRF:2
BRH:2
end_of_record
TN:
SF:src/easyorder/Core/Entity/ValueObject/StatusTransacaoValueObject.ts
FN:1,(anonymous_0)
FN:12,(anonymous_1)
FN:20,(anonymous_2)
FNF:3
FNH:3
FNDA:1,(anonymous_0)
FNDA:13,(anonymous_1)
FNDA:24,(anonymous_2)
DA:1,1
DA:2,1
DA:3,1
DA:4,1
DA:5,1
DA:6,1
DA:9,1
DA:13,13
DA:15,13
DA:16,0
DA:21,24
LF:11
LH:10
BRDA:1,0,0,1
BRDA:1,0,1,1
BRDA:15,1,0,0
BRF:3
BRH:2
end_of_record
